CrayPat/X:  Version 7.1.1 Revision 7c0ddd79b  08/19/19 16:58:46
Rank =    0  Free Memory = 89936 MB
Rank =    1  Free Memory = 89936 MB
Rank =    2  Free Memory = 89936 MB
Rank =    3  Free Memory = 89936 MB
Rank =    4  Free Memory = 89936 MB
Rank =    5  Free Memory = 89936 MB
Rank =    6  Free Memory = 89936 MB
Rank =    7  Free Memory = 89936 MB
Rank =    8  Free Memory = 89936 MB
Rank =    9  Free Memory = 89936 MB
Rank =   10  Free Memory = 89936 MB
Rank =   11  Free Memory = 89936 MB
Rank =   12  Free Memory = 89936 MB
Rank =   13  Free Memory = 89936 MB
Rank =   14  Free Memory = 89936 MB
Rank =   15  Free Memory = 89936 MB
Rank =   16  Free Memory = 89936 MB
Rank =   17  Free Memory = 89936 MB
Rank =   18  Free Memory = 89936 MB
Rank =   19  Free Memory = 89936 MB
Rank =   20  Free Memory = 89936 MB
Rank =   21  Free Memory = 89936 MB
Rank =   22  Free Memory = 89936 MB
Rank =   23  Free Memory = 89936 MB
Rank =   24  Free Memory = 89936 MB
Rank =   25  Free Memory = 89936 MB
Rank =   26  Free Memory = 89936 MB
Rank =   27  Free Memory = 89936 MB
Rank =   28  Free Memory = 89936 MB
Rank =   29  Free Memory = 89936 MB
Rank =   30  Free Memory = 89936 MB
Rank =   31  Free Memory = 89936 MB
Rank =   32  Free Memory = 89936 MB
Rank =   33  Free Memory = 89936 MB
Rank =   34  Free Memory = 89936 MB
Rank =   35  Free Memory = 89936 MB
Rank =   36  Free Memory = 89936 MB
Rank =   37  Free Memory = 89936 MB
Rank =   38  Free Memory = 89936 MB
Rank =   39  Free Memory = 89936 MB
Rank =   40  Free Memory = 89936 MB
Rank =   41  Free Memory = 89936 MB
Rank =   42  Free Memory = 89936 MB
Rank =   43  Free Memory = 89936 MB
Rank =   44  Free Memory = 89936 MB
Rank =   45  Free Memory = 89936 MB
Rank =   46  Free Memory = 89936 MB
Rank =   47  Free Memory = 89936 MB
Rank =   48  Free Memory = 89936 MB
Rank =   49  Free Memory = 89936 MB
Rank =   50  Free Memory = 89936 MB
Rank =   51  Free Memory = 89936 MB
Rank =   52  Free Memory = 89936 MB
Rank =   53  Free Memory = 89936 MB
Rank =   54  Free Memory = 89936 MB
Rank =   55  Free Memory = 89936 MB
Rank =   56  Free Memory = 89936 MB
Rank =   57  Free Memory = 89936 MB
Rank =   68  Free Memory = 89846 MB
Rank =   58  Free Memory = 89936 MB
Rank =   59  Free Memory = 89936 MB
Rank =   60  Free Memory = 89936 MB
Rank =   61  Free Memory = 89936 MB
Rank =   62  Free Memory = 89936 MB
Rank =   63  Free Memory = 89936 MB
Rank =   64  Free Memory = 89936 MB
Rank =   65  Free Memory = 89936 MB
Rank =   66  Free Memory = 89936 MB
Rank =   67  Free Memory = 89936 MB
Rank =  136  Free Memory = 89966 MB
Rank =  137  Free Memory = 89966 MB
Rank =  138  Free Memory = 89966 MB
Rank =  139  Free Memory = 89966 MB
Rank =  140  Free Memory = 89966 MB
Rank =  141  Free Memory = 89966 MB
Rank =  142  Free Memory = 89966 MB
Rank =  143  Free Memory = 89966 MB
Rank =  144  Free Memory = 89966 MB
Rank =  145  Free Memory = 89966 MB
Rank =  146  Free Memory = 89966 MB
Rank =  147  Free Memory = 89966 MB
Rank =  148  Free Memory = 89966 MB
Rank =  149  Free Memory = 89966 MB
Rank =  150  Free Memory = 89966 MB
Rank =  151  Free Memory = 89966 MB
Rank =  152  Free Memory = 89966 MB
Rank =  153  Free Memory = 89966 MB
Rank =  154  Free Memory = 89966 MB
Rank =  155  Free Memory = 89966 MB
Rank =  156  Free Memory = 89966 MB
Rank =  157  Free Memory = 89966 MB
Rank =  158  Free Memory = 89966 MB
Rank =  159  Free Memory = 89966 MB
Rank =  160  Free Memory = 89966 MB
Rank =  161  Free Memory = 89966 MB
Rank =  162  Free Memory = 89966 MB
Rank =  163  Free Memory = 89966 MB
Rank =  164  Free Memory = 89966 MB
Rank =  165  Free Memory = 89966 MB
Rank =  166  Free Memory = 89966 MB
Rank =  167  Free Memory = 89966 MB
Rank =  168  Free Memory = 89966 MB
Rank =  169  Free Memory = 89966 MB
Rank =  170  Free Memory = 89966 MB
Rank =  171  Free Memory = 89966 MB
Rank =  172  Free Memory = 89966 MB
Rank =  173  Free Memory = 89966 MB
Rank =  174  Free Memory = 89966 MB
Rank =  175  Free Memory = 89966 MB
Rank =  176  Free Memory = 89966 MB
Rank =  177  Free Memory = 89966 MB
Rank =  178  Free Memory = 89966 MB
Rank =  179  Free Memory = 89966 MB
Rank =  180  Free Memory = 89966 MB
Rank =  181  Free Memory = 89966 MB
Rank =  182  Free Memory = 89966 MB
Rank =  183  Free Memory = 89966 MB
Rank =  184  Free Memory = 89966 MB
Rank =  185  Free Memory = 89966 MB
Rank =  186  Free Memory = 89966 MB
Rank =  187  Free Memory = 89966 MB
Rank =  188  Free Memory = 89966 MB
Rank =  189  Free Memory = 89966 MB
Rank =  190  Free Memory = 89966 MB
Rank =  204  Free Memory = 89960 MB
Rank =  191  Free Memory = 89966 MB
Rank =  192  Free Memory = 89966 MB
Rank =  205  Free Memory = 89960 MB
Rank =  193  Free Memory = 89966 MB
Rank =  206  Free Memory = 89960 MB
Rank =  194  Free Memory = 89966 MB
Rank =  207  Free Memory = 89960 MB
Rank =  195  Free Memory = 89966 MB
Rank =  196  Free Memory = 89966 MB
Rank =  208  Free Memory = 89960 MB
Rank =  197  Free Memory = 89966 MB
Rank =  209  Free Memory = 89960 MB
Rank =  198  Free Memory = 89966 MB
Rank =  210  Free Memory = 89960 MB
Rank =  199  Free Memory = 89966 MB
Rank =  211  Free Memory = 89960 MB
Rank =  200  Free Memory = 89966 MB
Rank =  212  Free Memory = 89960 MB
Rank =  201  Free Memory = 89966 MB
Rank =  213  Free Memory = 89960 MB
Rank =  202  Free Memory = 89966 MB
Rank =  214  Free Memory = 89960 MB
Rank =  203  Free Memory = 89966 MB
Rank =  215  Free Memory = 89960 MB
Rank =  216  Free Memory = 89960 MB
Rank =  217  Free Memory = 89960 MB
Rank =  218  Free Memory = 89960 MB
Rank =  219  Free Memory = 89960 MB
Rank =  220  Free Memory = 89960 MB
Rank =  221  Free Memory = 89960 MB
Rank =  222  Free Memory = 89960 MB
Rank =  223  Free Memory = 89960 MB
Rank =  224  Free Memory = 89960 MB
Rank =  225  Free Memory = 89960 MB
Rank =  226  Free Memory = 89960 MB
Rank =  227  Free Memory = 89960 MB
Rank =  228  Free Memory = 89960 MB
Rank =  229  Free Memory = 89960 MB
Rank =  230  Free Memory = 89960 MB
Rank =  231  Free Memory = 89960 MB
Rank =  232  Free Memory = 89960 MB
Rank =  233  Free Memory = 89960 MB
Rank =  234  Free Memory = 89960 MB
Rank =  235  Free Memory = 89960 MB
Rank =   69  Free Memory = 89846 MB
Rank =   70  Free Memory = 89846 MB
Rank =  236  Free Memory = 89960 MB
Rank =   71  Free Memory = 89846 MB
Rank =   72  Free Memory = 89846 MB
Rank =  237  Free Memory = 89960 MB
Rank =   73  Free Memory = 89846 MB
Rank =  238  Free Memory = 89960 MB
Rank =   74  Free Memory = 89845 MB
Rank =   75  Free Memory = 89845 MB
Rank =  239  Free Memory = 89960 MB
Rank =   76  Free Memory = 89845 MB
Rank =  240  Free Memory = 89960 MB
Rank =   77  Free Memory = 89845 MB
Rank =  241  Free Memory = 89960 MB
Rank =   78  Free Memory = 89845 MB
Rank =  242  Free Memory = 89960 MB
Rank =   79  Free Memory = 89845 MB
Rank =  243  Free Memory = 89960 MB
Rank =   80  Free Memory = 89845 MB
Rank =   81  Free Memory = 89845 MB
Rank =  244  Free Memory = 89960 MB
Rank =   82  Free Memory = 89845 MB
Rank =  245  Free Memory = 89960 MB
Rank =   83  Free Memory = 89845 MB
Rank =  246  Free Memory = 89960 MB
Rank =   84  Free Memory = 89845 MB
Rank =  247  Free Memory = 89960 MB
Rank =   85  Free Memory = 89845 MB
Rank =  248  Free Memory = 89960 MB
Rank =   86  Free Memory = 89845 MB
Rank =   87  Free Memory = 89845 MB
Rank =  249  Free Memory = 89960 MB
Rank =   88  Free Memory = 89845 MB
Rank =  250  Free Memory = 89960 MB
Rank =   89  Free Memory = 89845 MB
Rank =  251  Free Memory = 89960 MB
Rank =   90  Free Memory = 89845 MB
Rank =  252  Free Memory = 89960 MB
Rank =   91  Free Memory = 89845 MB
Rank =  253  Free Memory = 89960 MB
Rank =   92  Free Memory = 89845 MB
Rank =  254  Free Memory = 89960 MB
Rank =   93  Free Memory = 89845 MB
Rank =  255  Free Memory = 89960 MB
Rank =   94  Free Memory = 89845 MB
Rank =   95  Free Memory = 89845 MB
Rank =  256  Free Memory = 89960 MB
Rank =   96  Free Memory = 89845 MB
Rank =  257  Free Memory = 89960 MB
Rank =   97  Free Memory = 89845 MB
Rank =  258  Free Memory = 89960 MB
Rank =   98  Free Memory = 89845 MB
Rank =  259  Free Memory = 89960 MB
Rank =   99  Free Memory = 89845 MB
Rank =  260  Free Memory = 89960 MB
Rank =  100  Free Memory = 89845 MB
Rank =  261  Free Memory = 89960 MB
Rank =  101  Free Memory = 89845 MB
Rank =  262  Free Memory = 89960 MB
Rank =  102  Free Memory = 89845 MB
Rank =  103  Free Memory = 89845 MB
Rank =  263  Free Memory = 89960 MB
Rank =  104  Free Memory = 89845 MB
Rank =  264  Free Memory = 89960 MB
Rank =  105  Free Memory = 89845 MB
Rank =  265  Free Memory = 89960 MB
Rank =  106  Free Memory = 89845 MB
Rank =  266  Free Memory = 89960 MB
Rank =  107  Free Memory = 89845 MB
Rank =  267  Free Memory = 89960 MB
Rank =  108  Free Memory = 89845 MB
Rank =  272  Free Memory = 89993 MB
Rank =  268  Free Memory = 89960 MB
Rank =  109  Free Memory = 89845 MB
Rank =  273  Free Memory = 89993 MB
Rank =  269  Free Memory = 89960 MB
Rank =  110  Free Memory = 89845 MB
Rank =  274  Free Memory = 89993 MB
Rank =  111  Free Memory = 89845 MB
Rank =  275  Free Memory = 89993 MB
Rank =  112  Free Memory = 89845 MB
Rank =  276  Free Memory = 89993 MB
Rank =  113  Free Memory = 89845 MB
Rank =  277  Free Memory = 89993 MB
Rank =  114  Free Memory = 89845 MB
Rank =  115  Free Memory = 89845 MB
Rank =  278  Free Memory = 89993 MB
Rank =  116  Free Memory = 89845 MB
Rank =  279  Free Memory = 89993 MB
Rank =  117  Free Memory = 89845 MB
Rank =  280  Free Memory = 89993 MB
Rank =  118  Free Memory = 89845 MB
Rank =  119  Free Memory = 89845 MB
Rank =  281  Free Memory = 89993 MB
Rank =  120  Free Memory = 89845 MB
Rank =  282  Free Memory = 89993 MB
Rank =  121  Free Memory = 89845 MB
Rank =  283  Free Memory = 89993 MB
Rank =  270  Free Memory = 89960 MB
Rank =  122  Free Memory = 89845 MB
Rank =  284  Free Memory = 89993 MB
Rank =  271  Free Memory = 89960 MB
Rank =  123  Free Memory = 89845 MB
Rank =  285  Free Memory = 89993 MB
Rank =  124  Free Memory = 89845 MB
Rank =  125  Free Memory = 89845 MB
Rank =  286  Free Memory = 89993 MB
Rank =  126  Free Memory = 89845 MB
Rank =  127  Free Memory = 89845 MB
Rank =  287  Free Memory = 89993 MB
Rank =  128  Free Memory = 89845 MB
Rank =  288  Free Memory = 89993 MB
Rank =  129  Free Memory = 89845 MB
Rank =  130  Free Memory = 89845 MB
Rank =  289  Free Memory = 89993 MB
Rank =  131  Free Memory = 89845 MB
Rank =  132  Free Memory = 89845 MB
Rank =  290  Free Memory = 89993 MB
Rank =  133  Free Memory = 89845 MB
Rank =  134  Free Memory = 89845 MB
Rank =  291  Free Memory = 89993 MB
Rank =  135  Free Memory = 89845 MB
Rank =  292  Free Memory = 89993 MB
Rank =  293  Free Memory = 89993 MB
Rank =  294  Free Memory = 89993 MB
Rank =  295  Free Memory = 89993 MB
Rank =  296  Free Memory = 89993 MB
Rank =  297  Free Memory = 89993 MB
Rank =  298  Free Memory = 89993 MB
Rank =  299  Free Memory = 89993 MB
Rank =  300  Free Memory = 89993 MB
Rank =  301  Free Memory = 89993 MB
Rank =  302  Free Memory = 89993 MB
Rank =  303  Free Memory = 89993 MB
Rank =  304  Free Memory = 89993 MB
Rank =  305  Free Memory = 89993 MB
Rank =  306  Free Memory = 89993 MB
Rank =  307  Free Memory = 89993 MB
Rank =  308  Free Memory = 89993 MB
Rank =  309  Free Memory = 89993 MB
Rank =  310  Free Memory = 89993 MB
Rank =  311  Free Memory = 89993 MB
Rank =  312  Free Memory = 89993 MB
Rank =  313  Free Memory = 89993 MB
Rank =  314  Free Memory = 89993 MB
Rank =  315  Free Memory = 89993 MB
Rank =  316  Free Memory = 89993 MB
Rank =  317  Free Memory = 89993 MB
Rank =  318  Free Memory = 89993 MB
Rank =  319  Free Memory = 89993 MB
Rank =  320  Free Memory = 89993 MB
Rank =  321  Free Memory = 89993 MB
Rank =  322  Free Memory = 89993 MB
Rank =  323  Free Memory = 89993 MB
Rank =  324  Free Memory = 89993 MB
Rank =  325  Free Memory = 89993 MB
Rank =  326  Free Memory = 89993 MB
Rank =  327  Free Memory = 89993 MB
Rank =  328  Free Memory = 89993 MB
Rank =  329  Free Memory = 89993 MB
Rank =  330  Free Memory = 89993 MB
Rank =  331  Free Memory = 89993 MB
Rank =  332  Free Memory = 89993 MB
Rank =  333  Free Memory = 89993 MB
Rank =  334  Free Memory = 89993 MB
Rank =  335  Free Memory = 89993 MB
Rank =  336  Free Memory = 89993 MB
Rank =  337  Free Memory = 89993 MB
Rank =  338  Free Memory = 89993 MB
Rank =  339  Free Memory = 89993 MB
Rank =  340  Free Memory = 89992 MB
Rank =  341  Free Memory = 89992 MB
Rank =  342  Free Memory = 89992 MB
Rank =  343  Free Memory = 89992 MB
Rank =  344  Free Memory = 89992 MB
Rank =  345  Free Memory = 89991 MB
Rank =  346  Free Memory = 89991 MB
Rank =  347  Free Memory = 89991 MB
Rank =  348  Free Memory = 89991 MB
Rank =  349  Free Memory = 89991 MB
Rank =  350  Free Memory = 89991 MB
Rank =  351  Free Memory = 89991 MB
Rank =  352  Free Memory = 89991 MB
Rank =  353  Free Memory = 89991 MB
Rank =  354  Free Memory = 89991 MB
Rank =  355  Free Memory = 89991 MB
Rank =  356  Free Memory = 89991 MB
Rank =  357  Free Memory = 89991 MB
Rank =  358  Free Memory = 89991 MB
Rank =  359  Free Memory = 89991 MB
Rank =  360  Free Memory = 89991 MB
Rank =  361  Free Memory = 89991 MB
Rank =  362  Free Memory = 89991 MB
Rank =  363  Free Memory = 89991 MB
Rank =  364  Free Memory = 89991 MB
Rank =  365  Free Memory = 89991 MB
Rank =  366  Free Memory = 89991 MB
Rank =  367  Free Memory = 89991 MB
Rank =  368  Free Memory = 89991 MB
Rank =  369  Free Memory = 89991 MB
Rank =  370  Free Memory = 89991 MB
Rank =  371  Free Memory = 89991 MB
Rank =  372  Free Memory = 89991 MB
Rank =  373  Free Memory = 89991 MB
Rank =  374  Free Memory = 89991 MB
Rank =  375  Free Memory = 89991 MB
Rank =  376  Free Memory = 89991 MB
Rank =  377  Free Memory = 89991 MB
Rank =  378  Free Memory = 89991 MB
Rank =  379  Free Memory = 89991 MB
Rank =  380  Free Memory = 89991 MB
Rank =  381  Free Memory = 89991 MB
Rank =  382  Free Memory = 89991 MB
Rank =  383  Free Memory = 89991 MB
Rank =  384  Free Memory = 89991 MB
Rank =  385  Free Memory = 89991 MB
Rank =  386  Free Memory = 89991 MB
Rank =  387  Free Memory = 89991 MB
Rank =  388  Free Memory = 89991 MB
Rank =  389  Free Memory = 89991 MB
Rank =  390  Free Memory = 89991 MB
Rank =  391  Free Memory = 89991 MB
Rank =  392  Free Memory = 89991 MB
Rank =  393  Free Memory = 89991 MB
Rank =  394  Free Memory = 89991 MB
Rank =  395  Free Memory = 89991 MB
Rank =  396  Free Memory = 89991 MB
Rank =  397  Free Memory = 89991 MB
Rank =  398  Free Memory = 89991 MB
Rank =  399  Free Memory = 89991 MB
Rank =  400  Free Memory = 89991 MB
Rank =  401  Free Memory = 89991 MB
Rank =  402  Free Memory = 89991 MB
Rank =  403  Free Memory = 89991 MB
Rank =  404  Free Memory = 89991 MB
Rank =  405  Free Memory = 89991 MB
Rank =  406  Free Memory = 89991 MB
Rank =  407  Free Memory = 89991 MB
Rank =  408  Free Memory = 89990 MB
Rank =  409  Free Memory = 89990 MB
Rank =  410  Free Memory = 89990 MB
Rank =  411  Free Memory = 89990 MB
Rank =  412  Free Memory = 89990 MB
Rank =  413  Free Memory = 89989 MB
Rank =  414  Free Memory = 89989 MB
Rank =  415  Free Memory = 89989 MB
Rank =  416  Free Memory = 89989 MB
Rank =  417  Free Memory = 89989 MB
Rank =  418  Free Memory = 89989 MB
Rank =  419  Free Memory = 89989 MB
Rank =  420  Free Memory = 89989 MB
Rank =  421  Free Memory = 89989 MB
Rank =  422  Free Memory = 89989 MB
Rank =  423  Free Memory = 89989 MB
Rank =  424  Free Memory = 89989 MB
Rank =  425  Free Memory = 89989 MB
Rank =  426  Free Memory = 89989 MB
Rank =  427  Free Memory = 89989 MB
Rank =  428  Free Memory = 89989 MB
Rank =  429  Free Memory = 89989 MB
Rank =  430  Free Memory = 89989 MB
Rank =  431  Free Memory = 89989 MB
Rank =  432  Free Memory = 89989 MB
Rank =  433  Free Memory = 89989 MB
Rank =  434  Free Memory = 89989 MB
Rank =  435  Free Memory = 89989 MB
Rank =  436  Free Memory = 89989 MB
Rank =  437  Free Memory = 89989 MB
Rank =  438  Free Memory = 89989 MB
Rank =  439  Free Memory = 89989 MB
Rank =  440  Free Memory = 89989 MB
Rank =  441  Free Memory = 89989 MB
Rank =  442  Free Memory = 89989 MB
Rank =  443  Free Memory = 89989 MB
Rank =  444  Free Memory = 89989 MB
Rank =  445  Free Memory = 89989 MB
Rank =  446  Free Memory = 89989 MB
Rank =  447  Free Memory = 89989 MB
Rank =  448  Free Memory = 89989 MB
Rank =  449  Free Memory = 89989 MB
Rank =  450  Free Memory = 89989 MB
Rank =  451  Free Memory = 89989 MB
Rank =  452  Free Memory = 89989 MB
Rank =  453  Free Memory = 89989 MB
Rank =  454  Free Memory = 89989 MB
Rank =  455  Free Memory = 89989 MB
Rank =  456  Free Memory = 89989 MB
Rank =  457  Free Memory = 89989 MB
Rank =  458  Free Memory = 89989 MB
Rank =  459  Free Memory = 89989 MB
Rank =  476  Free Memory = 89966 MB
Rank =  460  Free Memory = 89989 MB
Rank =  461  Free Memory = 89989 MB
Rank =  477  Free Memory = 89966 MB
Rank =  462  Free Memory = 89989 MB
Rank =  478  Free Memory = 89966 MB
Rank =  463  Free Memory = 89989 MB
Rank =  479  Free Memory = 89966 MB
Rank =  464  Free Memory = 89989 MB
Rank =  465  Free Memory = 89989 MB
Rank =  480  Free Memory = 89966 MB
Rank =  466  Free Memory = 89989 MB
Rank =  467  Free Memory = 89989 MB
Rank =  481  Free Memory = 89966 MB
Rank =  468  Free Memory = 89989 MB
Rank =  482  Free Memory = 89966 MB
Rank =  483  Free Memory = 89966 MB
Rank =  469  Free Memory = 89989 MB
Rank =  484  Free Memory = 89966 MB
Rank =  470  Free Memory = 89989 MB
Rank =  485  Free Memory = 89966 MB
Rank =  471  Free Memory = 89989 MB
Rank =  486  Free Memory = 89966 MB
Rank =  472  Free Memory = 89989 MB
Rank =  487  Free Memory = 89966 MB
Rank =  473  Free Memory = 89989 MB
Rank =  488  Free Memory = 89966 MB
Rank =  474  Free Memory = 89989 MB
Rank =  489  Free Memory = 89966 MB
Rank =  475  Free Memory = 89989 MB
Rank =  490  Free Memory = 89966 MB
Rank =  491  Free Memory = 89966 MB
Rank =  492  Free Memory = 89966 MB
Rank =  493  Free Memory = 89966 MB
Rank =  494  Free Memory = 89966 MB
Rank =  495  Free Memory = 89966 MB
Rank =  496  Free Memory = 89966 MB
Rank =  497  Free Memory = 89966 MB
Rank =  498  Free Memory = 89966 MB
Rank =  499  Free Memory = 89966 MB
Rank =  500  Free Memory = 89966 MB
Rank =  501  Free Memory = 89966 MB
Rank =  502  Free Memory = 89966 MB
Rank =  503  Free Memory = 89966 MB
Rank =  504  Free Memory = 89966 MB
Rank =  505  Free Memory = 89966 MB
Rank =  506  Free Memory = 89966 MB
Rank =  507  Free Memory = 89966 MB
Rank =  508  Free Memory = 89966 MB
Rank =  509  Free Memory = 89966 MB
Rank =  510  Free Memory = 89966 MB
Rank =  511  Free Memory = 89966 MB
Rank =  512  Free Memory = 89966 MB
Rank =  513  Free Memory = 89966 MB
Rank =  514  Free Memory = 89966 MB
Rank =  515  Free Memory = 89966 MB
Rank =  516  Free Memory = 89966 MB
Rank =  517  Free Memory = 89966 MB
Rank =  518  Free Memory = 89966 MB
Rank =  519  Free Memory = 89966 MB
Rank =  520  Free Memory = 89966 MB
Rank =  521  Free Memory = 89966 MB
Rank =  522  Free Memory = 89966 MB
Rank =  523  Free Memory = 89966 MB
Rank =  524  Free Memory = 89966 MB
Rank =  525  Free Memory = 89966 MB
Rank =  526  Free Memory = 89966 MB
Rank =  527  Free Memory = 89966 MB
Rank =  528  Free Memory = 89966 MB
Rank =  529  Free Memory = 89966 MB
Rank =  530  Free Memory = 89966 MB
Rank =  531  Free Memory = 89966 MB
Rank =  544  Free Memory = 89954 MB
Rank =  532  Free Memory = 89966 MB
Rank =  545  Free Memory = 89954 MB
Rank =  533  Free Memory = 89966 MB
Rank =  546  Free Memory = 89954 MB
Rank =  534  Free Memory = 89966 MB
Rank =  547  Free Memory = 89954 MB
Rank =  535  Free Memory = 89966 MB
Rank =  548  Free Memory = 89954 MB
Rank =  536  Free Memory = 89966 MB
Rank =  537  Free Memory = 89966 MB
Rank =  549  Free Memory = 89954 MB
Rank =  538  Free Memory = 89966 MB
Rank =  539  Free Memory = 89966 MB
Rank =  540  Free Memory = 89966 MB
Rank =  541  Free Memory = 89966 MB
Rank =  542  Free Memory = 89966 MB
Rank =  543  Free Memory = 89966 MB
Rank =  550  Free Memory = 89954 MB
Rank =  551  Free Memory = 89954 MB
Rank =  552  Free Memory = 89954 MB
Rank =  553  Free Memory = 89954 MB
Rank =  554  Free Memory = 89954 MB
Rank =  555  Free Memory = 89954 MB
Rank =  556  Free Memory = 89954 MB
Rank =  557  Free Memory = 89954 MB
Rank =  558  Free Memory = 89954 MB
Rank =  559  Free Memory = 89954 MB
Rank =  560  Free Memory = 89954 MB
Rank =  561  Free Memory = 89954 MB
Rank =  562  Free Memory = 89954 MB
Rank =  563  Free Memory = 89954 MB
Rank =  564  Free Memory = 89954 MB
Rank =  565  Free Memory = 89954 MB
Rank =  566  Free Memory = 89954 MB
Rank =  567  Free Memory = 89954 MB
Rank =  568  Free Memory = 89954 MB
Rank =  569  Free Memory = 89954 MB
Rank =  570  Free Memory = 89954 MB
Rank =  571  Free Memory = 89954 MB
Rank =  572  Free Memory = 89954 MB
Rank =  573  Free Memory = 89954 MB
Rank =  574  Free Memory = 89954 MB
Rank =  575  Free Memory = 89954 MB
Rank =  576  Free Memory = 89954 MB
Rank =  577  Free Memory = 89954 MB
Rank =  578  Free Memory = 89954 MB
Rank =  579  Free Memory = 89954 MB
Rank =  580  Free Memory = 89954 MB
Rank =  581  Free Memory = 89954 MB
Rank =  582  Free Memory = 89954 MB
Rank =  583  Free Memory = 89954 MB
Rank =  584  Free Memory = 89954 MB
Rank =  585  Free Memory = 89954 MB
Rank =  586  Free Memory = 89954 MB
Rank =  587  Free Memory = 89954 MB
Rank =  588  Free Memory = 89954 MB
Rank =  589  Free Memory = 89954 MB
Rank =  590  Free Memory = 89954 MB
Rank =  591  Free Memory = 89954 MB
Rank =  592  Free Memory = 89954 MB
Rank =  593  Free Memory = 89954 MB
Rank =  594  Free Memory = 89954 MB
Rank =  595  Free Memory = 89954 MB
Rank =  596  Free Memory = 89954 MB
Rank =  597  Free Memory = 89954 MB
Rank =  598  Free Memory = 89954 MB
Rank =  599  Free Memory = 89954 MB
Rank =  600  Free Memory = 89954 MB
Rank =  612  Free Memory = 89940 MB
Rank =  601  Free Memory = 89954 MB
Rank =  602  Free Memory = 89954 MB
Rank =  613  Free Memory = 89940 MB
Rank =  603  Free Memory = 89954 MB
Rank =  614  Free Memory = 89940 MB
Rank =  615  Free Memory = 89940 MB
Rank =  616  Free Memory = 89940 MB
Rank =  617  Free Memory = 89940 MB
Rank =  604  Free Memory = 89954 MB
Rank =  618  Free Memory = 89940 MB
Rank =  605  Free Memory = 89954 MB
Rank =  619  Free Memory = 89940 MB
Rank =  606  Free Memory = 89954 MB
Rank =  620  Free Memory = 89940 MB
Rank =  607  Free Memory = 89954 MB
Rank =  621  Free Memory = 89940 MB
Rank =  608  Free Memory = 89954 MB
Rank =  609  Free Memory = 89954 MB
Rank =  622  Free Memory = 89940 MB
Rank =  610  Free Memory = 89954 MB
Rank =  623  Free Memory = 89940 MB
Rank =  611  Free Memory = 89954 MB
Rank =  624  Free Memory = 89940 MB
Rank =  625  Free Memory = 89940 MB
Rank =  626  Free Memory = 89940 MB
Rank =  627  Free Memory = 89940 MB
Rank =  628  Free Memory = 89940 MB
Rank =  629  Free Memory = 89940 MB
Rank =  630  Free Memory = 89940 MB
Rank =  631  Free Memory = 89940 MB
Rank =  632  Free Memory = 89940 MB
Rank =  633  Free Memory = 89940 MB
Rank =  634  Free Memory = 89940 MB
Rank =  635  Free Memory = 89940 MB
Rank =  636  Free Memory = 89940 MB
Rank =  637  Free Memory = 89940 MB
Rank =  638  Free Memory = 89940 MB
Rank =  639  Free Memory = 89940 MB
Rank =  640  Free Memory = 89940 MB
Rank =  641  Free Memory = 89940 MB
Rank =  642  Free Memory = 89940 MB
Rank =  643  Free Memory = 89940 MB
Rank =  644  Free Memory = 89940 MB
Rank =  645  Free Memory = 89940 MB
Rank =  646  Free Memory = 89940 MB
Rank =  647  Free Memory = 89940 MB
Rank =  648  Free Memory = 89940 MB
Rank =  649  Free Memory = 89940 MB
Rank =  650  Free Memory = 89940 MB
Rank =  651  Free Memory = 89940 MB
Rank =  652  Free Memory = 89940 MB
Rank =  653  Free Memory = 89940 MB
Rank =  654  Free Memory = 89940 MB
Rank =  655  Free Memory = 89940 MB
Rank =  656  Free Memory = 89940 MB
Rank =  657  Free Memory = 89940 MB
Rank =  658  Free Memory = 89940 MB
Rank =  659  Free Memory = 89940 MB
Rank =  660  Free Memory = 89940 MB
Rank =  661  Free Memory = 89940 MB
Rank =  662  Free Memory = 89940 MB
Rank =  663  Free Memory = 89940 MB
Rank =  664  Free Memory = 89940 MB
Rank =  665  Free Memory = 89940 MB
Rank =  666  Free Memory = 89940 MB
Rank =  667  Free Memory = 89940 MB
Rank =  668  Free Memory = 89940 MB
Rank =  669  Free Memory = 89940 MB
Rank =  670  Free Memory = 89940 MB
Rank =  671  Free Memory = 89940 MB
Rank =  672  Free Memory = 89940 MB
Rank =  673  Free Memory = 89940 MB
Rank =  674  Free Memory = 89940 MB
Rank =  675  Free Memory = 89940 MB
Rank =  676  Free Memory = 89940 MB
Rank =  677  Free Memory = 89940 MB
Rank =  678  Free Memory = 89940 MB
Rank =  679  Free Memory = 89940 MB
Rank =  680  Free Memory = 90024 MB
Rank =  681  Free Memory = 90024 MB
Rank =  682  Free Memory = 90024 MB
Rank =  683  Free Memory = 90024 MB
Rank =  684  Free Memory = 90024 MB
Rank =  685  Free Memory = 90024 MB
Rank =  686  Free Memory = 90024 MB
Rank =  687  Free Memory = 90024 MB
Rank =  688  Free Memory = 90024 MB
Rank =  689  Free Memory = 90024 MB
Rank =  690  Free Memory = 90023 MB
Rank =  691  Free Memory = 90023 MB
Rank =  692  Free Memory = 90023 MB
Rank =  693  Free Memory = 90023 MB
Rank =  694  Free Memory = 90023 MB
Rank =  695  Free Memory = 90023 MB
Rank =  696  Free Memory = 90023 MB
Rank =  697  Free Memory = 90023 MB
Rank =  698  Free Memory = 90023 MB
Rank =  699  Free Memory = 90023 MB
Rank =  700  Free Memory = 90023 MB
Rank =  701  Free Memory = 90023 MB
Rank =  702  Free Memory = 90023 MB
Rank =  703  Free Memory = 90023 MB
Rank =  704  Free Memory = 90023 MB
Rank =  705  Free Memory = 90023 MB
Rank =  706  Free Memory = 90023 MB
Rank =  707  Free Memory = 90023 MB
Rank =  708  Free Memory = 90023 MB
Rank =  709  Free Memory = 90023 MB
Rank =  710  Free Memory = 90023 MB
Rank =  711  Free Memory = 90023 MB
Rank =  712  Free Memory = 90023 MB
Rank =  713  Free Memory = 90023 MB
Rank =  714  Free Memory = 90023 MB
Rank =  715  Free Memory = 90023 MB
Rank =  716  Free Memory = 90023 MB
Rank =  717  Free Memory = 90023 MB
Rank =  718  Free Memory = 90023 MB
Rank =  719  Free Memory = 90023 MB
Rank =  720  Free Memory = 90023 MB
Rank =  721  Free Memory = 90023 MB
Rank =  722  Free Memory = 90023 MB
Rank =  723  Free Memory = 90023 MB
Rank =  724  Free Memory = 90023 MB
Rank =  725  Free Memory = 90023 MB
Rank =  726  Free Memory = 90023 MB
Rank =  727  Free Memory = 90023 MB
Rank =  728  Free Memory = 90023 MB
Rank =  729  Free Memory = 90023 MB
Rank =  730  Free Memory = 90023 MB
Rank =  731  Free Memory = 90023 MB
Rank =  732  Free Memory = 90023 MB
Rank =  733  Free Memory = 90023 MB
Rank =  734  Free Memory = 90023 MB
Rank =  735  Free Memory = 90023 MB
Rank =  736  Free Memory = 90023 MB
Rank =  737  Free Memory = 90023 MB
Rank =  738  Free Memory = 90023 MB
Rank =  739  Free Memory = 90023 MB
Rank =  740  Free Memory = 90023 MB
Rank =  741  Free Memory = 90023 MB
Rank =  742  Free Memory = 90023 MB
Rank =  743  Free Memory = 90023 MB
Rank =  744  Free Memory = 90023 MB
Rank =  745  Free Memory = 90023 MB
Rank =  748  Free Memory = 90024 MB
Rank =  746  Free Memory = 90023 MB
Rank =  749  Free Memory = 90024 MB
Rank =  747  Free Memory = 90023 MB
Rank =  750  Free Memory = 90024 MB
Rank =  751  Free Memory = 90024 MB
Rank =  752  Free Memory = 90024 MB
Rank =  753  Free Memory = 90024 MB
Rank =  754  Free Memory = 90024 MB
Rank =  755  Free Memory = 90024 MB
Rank =  756  Free Memory = 90024 MB
Rank =  757  Free Memory = 90024 MB
Rank =  758  Free Memory = 90024 MB
Rank =  759  Free Memory = 90024 MB
Rank =  760  Free Memory = 90024 MB
Rank =  761  Free Memory = 90024 MB
Rank =  762  Free Memory = 90024 MB
Rank =  763  Free Memory = 90024 MB
Rank =  764  Free Memory = 90024 MB
Rank =  765  Free Memory = 90024 MB
Rank =  766  Free Memory = 90024 MB
Rank =  767  Free Memory = 90024 MB
Rank =  768  Free Memory = 90024 MB
Rank =  769  Free Memory = 90024 MB
Rank =  770  Free Memory = 90024 MB
Rank =  771  Free Memory = 90024 MB
Rank =  772  Free Memory = 90024 MB
Rank =  773  Free Memory = 90024 MB
Rank =  774  Free Memory = 90024 MB
Rank =  775  Free Memory = 90024 MB
Rank =  776  Free Memory = 90024 MB
Rank =  777  Free Memory = 90024 MB
Rank =  778  Free Memory = 90024 MB
Rank =  779  Free Memory = 90024 MB
Rank =  780  Free Memory = 90024 MB
Rank =  781  Free Memory = 90024 MB
Rank =  782  Free Memory = 90024 MB
Rank =  783  Free Memory = 90024 MB
Rank =  784  Free Memory = 90024 MB
Rank =  785  Free Memory = 90024 MB
Rank =  786  Free Memory = 90024 MB
Rank =  787  Free Memory = 90024 MB
Rank =  788  Free Memory = 90024 MB
Rank =  789  Free Memory = 90024 MB
Rank =  790  Free Memory = 90024 MB
Rank =  791  Free Memory = 90024 MB
Rank =  792  Free Memory = 90024 MB
Rank =  793  Free Memory = 90024 MB
Rank =  794  Free Memory = 90024 MB
Rank =  795  Free Memory = 90024 MB
Rank =  796  Free Memory = 90024 MB
Rank =  797  Free Memory = 90024 MB
Rank =  798  Free Memory = 90024 MB
Rank =  799  Free Memory = 90024 MB
Rank =  800  Free Memory = 90024 MB
Rank =  801  Free Memory = 90024 MB
Rank =  802  Free Memory = 90024 MB
Rank =  803  Free Memory = 90024 MB
Rank =  804  Free Memory = 90024 MB
Rank =  805  Free Memory = 90024 MB
Rank =  806  Free Memory = 90024 MB
Rank =  807  Free Memory = 90024 MB
Rank =  816  Free Memory = 90036 MB
Rank =  817  Free Memory = 90036 MB
Rank =  818  Free Memory = 90036 MB
Rank =  819  Free Memory = 90036 MB
Rank =  808  Free Memory = 90024 MB
Rank =  820  Free Memory = 90036 MB
Rank =  809  Free Memory = 90024 MB
Rank =  810  Free Memory = 90024 MB
Rank =  821  Free Memory = 90036 MB
Rank =  811  Free Memory = 90024 MB
Rank =  812  Free Memory = 90024 MB
Rank =  822  Free Memory = 90035 MB
Rank =  813  Free Memory = 90024 MB
Rank =  823  Free Memory = 90035 MB
Rank =  814  Free Memory = 90024 MB
Rank =  824  Free Memory = 90035 MB
Rank =  815  Free Memory = 90024 MB
Rank =  825  Free Memory = 90035 MB
Rank =  826  Free Memory = 90035 MB
Rank =  827  Free Memory = 90035 MB
Rank =  828  Free Memory = 90035 MB
Rank =  829  Free Memory = 90035 MB
Rank =  830  Free Memory = 90035 MB
Rank =  831  Free Memory = 90035 MB
Rank =  832  Free Memory = 90035 MB
Rank =  833  Free Memory = 90035 MB
Rank =  834  Free Memory = 90035 MB
Rank =  835  Free Memory = 90035 MB
Rank =  836  Free Memory = 90035 MB
Rank =  837  Free Memory = 90035 MB
Rank =  838  Free Memory = 90035 MB
Rank =  839  Free Memory = 90035 MB
Rank =  840  Free Memory = 90035 MB
Rank =  841  Free Memory = 90035 MB
Rank =  842  Free Memory = 90035 MB
Rank =  843  Free Memory = 90035 MB
Rank =  844  Free Memory = 90035 MB
Rank =  845  Free Memory = 90035 MB
Rank =  846  Free Memory = 90035 MB
Rank =  847  Free Memory = 90035 MB
Rank =  848  Free Memory = 90035 MB
Rank =  849  Free Memory = 90035 MB
Rank =  850  Free Memory = 90035 MB
Rank =  851  Free Memory = 90035 MB
Rank =  852  Free Memory = 90035 MB
Rank =  853  Free Memory = 90035 MB
Rank =  854  Free Memory = 90035 MB
Rank =  855  Free Memory = 90035 MB
Rank =  856  Free Memory = 90035 MB
Rank =  857  Free Memory = 90035 MB
Rank =  858  Free Memory = 90035 MB
Rank =  859  Free Memory = 90035 MB
Rank =  860  Free Memory = 90035 MB
Rank =  861  Free Memory = 90035 MB
Rank =  862  Free Memory = 90035 MB
Rank =  863  Free Memory = 90035 MB
Rank =  864  Free Memory = 90035 MB
Rank =  865  Free Memory = 90035 MB
Rank =  866  Free Memory = 90035 MB
Rank =  867  Free Memory = 90035 MB
Rank =  868  Free Memory = 90035 MB
Rank =  869  Free Memory = 90035 MB
Rank =  870  Free Memory = 90035 MB
Rank =  871  Free Memory = 90035 MB
Rank =  872  Free Memory = 90035 MB
Rank =  873  Free Memory = 90035 MB
Rank =  874  Free Memory = 90035 MB
Rank =  875  Free Memory = 90035 MB
Rank =  876  Free Memory = 90035 MB
Rank =  877  Free Memory = 90035 MB
Rank =  878  Free Memory = 90035 MB
Rank =  879  Free Memory = 90035 MB
Rank =  884  Free Memory = 89938 MB
Rank =  885  Free Memory = 89938 MB
Rank =  880  Free Memory = 90035 MB
Rank =  886  Free Memory = 89938 MB
Rank =  881  Free Memory = 90035 MB
Rank =  887  Free Memory = 89938 MB
Rank =  882  Free Memory = 90035 MB
Rank =  883  Free Memory = 90035 MB
Rank =  888  Free Memory = 89938 MB
Rank =  889  Free Memory = 89938 MB
Rank =  890  Free Memory = 89938 MB
Rank =  891  Free Memory = 89938 MB
Rank =  892  Free Memory = 89938 MB
Rank =  893  Free Memory = 89938 MB
Rank =  894  Free Memory = 89938 MB
Rank =  895  Free Memory = 89938 MB
Rank =  896  Free Memory = 89938 MB
Rank =  897  Free Memory = 89938 MB
Rank =  898  Free Memory = 89938 MB
Rank =  899  Free Memory = 89938 MB
Rank =  900  Free Memory = 89938 MB
Rank =  901  Free Memory = 89938 MB
Rank =  902  Free Memory = 89938 MB
Rank =  903  Free Memory = 89938 MB
Rank =  904  Free Memory = 89938 MB
Rank =  905  Free Memory = 89938 MB
Rank =  906  Free Memory = 89938 MB
Rank =  907  Free Memory = 89938 MB
Rank =  908  Free Memory = 89938 MB
Rank =  909  Free Memory = 89938 MB
Rank =  910  Free Memory = 89938 MB
Rank =  911  Free Memory = 89938 MB
Rank =  912  Free Memory = 89938 MB
Rank =  913  Free Memory = 89938 MB
Rank =  914  Free Memory = 89938 MB
Rank =  915  Free Memory = 89938 MB
Rank =  916  Free Memory = 89938 MB
Rank =  917  Free Memory = 89938 MB
Rank =  918  Free Memory = 89938 MB
Rank =  919  Free Memory = 89938 MB
Rank =  920  Free Memory = 89938 MB
Rank =  921  Free Memory = 89938 MB
Rank =  922  Free Memory = 89938 MB
Rank =  923  Free Memory = 89938 MB
Rank =  924  Free Memory = 89938 MB
Rank =  925  Free Memory = 89938 MB
Rank =  926  Free Memory = 89938 MB
Rank =  927  Free Memory = 89938 MB
Rank =  928  Free Memory = 89938 MB
Rank =  929  Free Memory = 89938 MB
Rank =  930  Free Memory = 89938 MB
Rank =  931  Free Memory = 89938 MB
Rank =  932  Free Memory = 89938 MB
Rank =  933  Free Memory = 89938 MB
Rank =  934  Free Memory = 89938 MB
Rank =  935  Free Memory = 89938 MB
Rank =  936  Free Memory = 89938 MB
Rank =  937  Free Memory = 89938 MB
Rank =  938  Free Memory = 89938 MB
Rank =  939  Free Memory = 89938 MB
Rank =  940  Free Memory = 89938 MB
Rank =  941  Free Memory = 89938 MB
Rank =  942  Free Memory = 89938 MB
Rank =  943  Free Memory = 89938 MB
Rank =  944  Free Memory = 89938 MB
Rank =  945  Free Memory = 89938 MB
Rank =  946  Free Memory = 89938 MB
Rank =  947  Free Memory = 89938 MB
Rank =  948  Free Memory = 89938 MB
Rank =  949  Free Memory = 89938 MB
Rank =  950  Free Memory = 89938 MB
Rank =  951  Free Memory = 89938 MB
Rank =  952  Free Memory = 90002 MB
Rank =  953  Free Memory = 90002 MB
Rank =  954  Free Memory = 90002 MB
Rank =  955  Free Memory = 90002 MB
Rank =  956  Free Memory = 90002 MB
Rank =  957  Free Memory = 90002 MB
Rank =  958  Free Memory = 90002 MB
Rank =  959  Free Memory = 90002 MB
Rank =  960  Free Memory = 90001 MB
Rank =  961  Free Memory = 90001 MB
Rank =  962  Free Memory = 90001 MB
Rank =  963  Free Memory = 90001 MB
Rank =  964  Free Memory = 90001 MB
Rank =  965  Free Memory = 90001 MB
Rank =  966  Free Memory = 90001 MB
Rank =  967  Free Memory = 90001 MB
Rank =  968  Free Memory = 90001 MB
Rank =  969  Free Memory = 90001 MB
Rank =  970  Free Memory = 90001 MB
Rank =  971  Free Memory = 90001 MB
Rank =  972  Free Memory = 90001 MB
Rank =  973  Free Memory = 90001 MB
Rank =  974  Free Memory = 90001 MB
Rank =  975  Free Memory = 90001 MB
Rank =  976  Free Memory = 90001 MB
Rank =  977  Free Memory = 90001 MB
Rank =  978  Free Memory = 90001 MB
Rank =  979  Free Memory = 90001 MB
Rank =  980  Free Memory = 90001 MB
Rank =  981  Free Memory = 90001 MB
Rank =  982  Free Memory = 90001 MB
Rank =  983  Free Memory = 90001 MB
Rank =  984  Free Memory = 90001 MB
Rank =  985  Free Memory = 90001 MB
Rank =  986  Free Memory = 90001 MB
Rank =  987  Free Memory = 90001 MB
Rank =  988  Free Memory = 90001 MB
Rank =  989  Free Memory = 90001 MB
Rank =  990  Free Memory = 90001 MB
Rank =  991  Free Memory = 90001 MB
Rank =  992  Free Memory = 90001 MB
Rank =  993  Free Memory = 90001 MB
Rank =  994  Free Memory = 90001 MB
Rank =  995  Free Memory = 90001 MB
Rank =  996  Free Memory = 90001 MB
Rank =  997  Free Memory = 90001 MB
Rank =  998  Free Memory = 90001 MB
Rank =  999  Free Memory = 90001 MB
Rank = 1000  Free Memory = 90001 MB
Rank = 1001  Free Memory = 90001 MB
Rank = 1002  Free Memory = 90001 MB
Rank = 1003  Free Memory = 90001 MB
Rank = 1004  Free Memory = 90001 MB
Rank = 1005  Free Memory = 90001 MB
Rank = 1006  Free Memory = 90001 MB
Rank = 1007  Free Memory = 90001 MB
Rank = 1008  Free Memory = 90001 MB
Rank = 1009  Free Memory = 90001 MB
Rank = 1010  Free Memory = 90001 MB
Rank = 1011  Free Memory = 90001 MB
Rank = 1020  Free Memory = 89882 MB
Rank = 1012  Free Memory = 90001 MB
Rank = 1021  Free Memory = 89882 MB
Rank = 1013  Free Memory = 90001 MB
Rank = 1022  Free Memory = 89882 MB
Rank = 1023  Free Memory = 89882 MB
Rank = 1024  Free Memory = 89882 MB
Rank = 1025  Free Memory = 89882 MB
Rank = 1026  Free Memory = 89882 MB
Rank = 1027  Free Memory = 89882 MB
Rank = 1028  Free Memory = 89882 MB
Rank = 1014  Free Memory = 90001 MB
Rank = 1015  Free Memory = 90001 MB
Rank = 1029  Free Memory = 89882 MB
Rank = 1016  Free Memory = 90001 MB
Rank = 1030  Free Memory = 89882 MB
Rank = 1017  Free Memory = 90001 MB
Rank = 1018  Free Memory = 90001 MB
Rank = 1031  Free Memory = 89882 MB
Rank = 1019  Free Memory = 90001 MB
Rank = 1032  Free Memory = 89882 MB
Rank = 1033  Free Memory = 89882 MB
Rank = 1034  Free Memory = 89882 MB
Rank = 1035  Free Memory = 89882 MB
Rank = 1036  Free Memory = 89882 MB
Rank = 1037  Free Memory = 89882 MB
Rank = 1038  Free Memory = 89882 MB
Rank = 1039  Free Memory = 89882 MB
Rank = 1040  Free Memory = 89882 MB
Rank = 1041  Free Memory = 89882 MB
Rank = 1042  Free Memory = 89882 MB
Rank = 1043  Free Memory = 89882 MB
Rank = 1044  Free Memory = 89882 MB
Rank = 1045  Free Memory = 89882 MB
Rank = 1046  Free Memory = 89882 MB
Rank = 1047  Free Memory = 89882 MB
Rank = 1048  Free Memory = 89882 MB
Rank = 1049  Free Memory = 89882 MB
Rank = 1050  Free Memory = 89882 MB
Rank = 1051  Free Memory = 89882 MB
Rank = 1052  Free Memory = 89882 MB
Rank = 1053  Free Memory = 89882 MB
Rank = 1054  Free Memory = 89882 MB
Rank = 1055  Free Memory = 89882 MB
Rank = 1056  Free Memory = 89882 MB
Rank = 1057  Free Memory = 89882 MB
Rank = 1058  Free Memory = 89882 MB
Rank = 1059  Free Memory = 89882 MB
Rank = 1060  Free Memory = 89882 MB
Rank = 1061  Free Memory = 89882 MB
Rank = 1062  Free Memory = 89882 MB
Rank = 1063  Free Memory = 89882 MB
Rank = 1064  Free Memory = 89882 MB
Rank = 1065  Free Memory = 89882 MB
Rank = 1066  Free Memory = 89882 MB
Rank = 1067  Free Memory = 89882 MB
Rank = 1068  Free Memory = 89882 MB
Rank = 1069  Free Memory = 89882 MB
Rank = 1070  Free Memory = 89882 MB
Rank = 1071  Free Memory = 89882 MB
Rank = 1072  Free Memory = 89882 MB
Rank = 1073  Free Memory = 89882 MB
Rank = 1074  Free Memory = 89882 MB
Rank = 1075  Free Memory = 89882 MB
Rank = 1076  Free Memory = 89882 MB
Rank = 1077  Free Memory = 89882 MB
Rank = 1078  Free Memory = 89882 MB
Rank = 1079  Free Memory = 89882 MB
Rank = 1080  Free Memory = 89882 MB
Rank = 1081  Free Memory = 89882 MB
Rank = 1082  Free Memory = 89882 MB
Rank = 1083  Free Memory = 89882 MB
Rank = 1084  Free Memory = 89882 MB
Rank = 1085  Free Memory = 89882 MB
Rank = 1086  Free Memory = 89882 MB
Rank = 1087  Free Memory = 89882 MB
Rank = 1088  Free Memory = 90017 MB
Rank = 1089  Free Memory = 90017 MB
Rank = 1090  Free Memory = 90017 MB
Rank = 1091  Free Memory = 90017 MB
Rank = 1092  Free Memory = 90017 MB
Rank = 1093  Free Memory = 90017 MB
Rank = 1094  Free Memory = 90017 MB
Rank = 1095  Free Memory = 90017 MB
Rank = 1096  Free Memory = 90017 MB
Rank = 1097  Free Memory = 90017 MB
Rank = 1098  Free Memory = 90017 MB
Rank = 1099  Free Memory = 90017 MB
Rank = 1100  Free Memory = 90017 MB
Rank = 1101  Free Memory = 90017 MB
Rank = 1102  Free Memory = 90017 MB
Rank = 1103  Free Memory = 90017 MB
Rank = 1104  Free Memory = 90017 MB
Rank = 1105  Free Memory = 90017 MB
Rank = 1106  Free Memory = 90017 MB
Rank = 1107  Free Memory = 90017 MB
Rank = 1108  Free Memory = 90017 MB
Rank = 1109  Free Memory = 90017 MB
Rank = 1110  Free Memory = 90017 MB
Rank = 1111  Free Memory = 90017 MB
Rank = 1112  Free Memory = 90017 MB
Rank = 1113  Free Memory = 90017 MB
Rank = 1114  Free Memory = 90017 MB
Rank = 1115  Free Memory = 90017 MB
Rank = 1116  Free Memory = 90017 MB
Rank = 1117  Free Memory = 90017 MB
Rank = 1118  Free Memory = 90017 MB
Rank = 1119  Free Memory = 90017 MB
Rank = 1120  Free Memory = 90017 MB
Rank = 1121  Free Memory = 90017 MB
Rank = 1122  Free Memory = 90017 MB
Rank = 1123  Free Memory = 90017 MB
Rank = 1124  Free Memory = 90017 MB
Rank = 1125  Free Memory = 90017 MB
Rank = 1126  Free Memory = 90017 MB
Rank = 1127  Free Memory = 90017 MB
Rank = 1128  Free Memory = 90017 MB
Rank = 1129  Free Memory = 90017 MB
Rank = 1130  Free Memory = 90017 MB
Rank = 1131  Free Memory = 90017 MB
Rank = 1132  Free Memory = 90017 MB
Rank = 1133  Free Memory = 90017 MB
Rank = 1134  Free Memory = 90017 MB
Rank = 1135  Free Memory = 90017 MB
Rank = 1136  Free Memory = 90017 MB
Rank = 1137  Free Memory = 90017 MB
Rank = 1138  Free Memory = 90017 MB
Rank = 1139  Free Memory = 90017 MB
Rank = 1140  Free Memory = 90017 MB
Rank = 1141  Free Memory = 90017 MB
Rank = 1142  Free Memory = 90017 MB
Rank = 1143  Free Memory = 90017 MB
Rank = 1156  Free Memory = 90029 MB
Rank = 1144  Free Memory = 90017 MB
Rank = 1145  Free Memory = 90017 MB
Rank = 1157  Free Memory = 90029 MB
Rank = 1146  Free Memory = 90017 MB
Rank = 1158  Free Memory = 90029 MB
Rank = 1147  Free Memory = 90017 MB
Rank = 1159  Free Memory = 90029 MB
Rank = 1148  Free Memory = 90017 MB
Rank = 1160  Free Memory = 90029 MB
Rank = 1149  Free Memory = 90017 MB
Rank = 1161  Free Memory = 90029 MB
Rank = 1150  Free Memory = 90017 MB
Rank = 1162  Free Memory = 90029 MB
Rank = 1151  Free Memory = 90017 MB
Rank = 1163  Free Memory = 90029 MB
Rank = 1152  Free Memory = 90017 MB
Rank = 1153  Free Memory = 90017 MB
Rank = 1164  Free Memory = 90029 MB
Rank = 1165  Free Memory = 90029 MB
Rank = 1166  Free Memory = 90029 MB
Rank = 1167  Free Memory = 90029 MB
Rank = 1168  Free Memory = 90029 MB
Rank = 1169  Free Memory = 90029 MB
Rank = 1170  Free Memory = 90029 MB
Rank = 1171  Free Memory = 90029 MB
Rank = 1172  Free Memory = 90029 MB
Rank = 1154  Free Memory = 90017 MB
Rank = 1155  Free Memory = 90017 MB
Rank = 1173  Free Memory = 90029 MB
Rank = 1174  Free Memory = 90029 MB
Rank = 1175  Free Memory = 90029 MB
Rank = 1176  Free Memory = 90029 MB
Rank = 1177  Free Memory = 90029 MB
Rank = 1178  Free Memory = 90029 MB
Rank = 1179  Free Memory = 90029 MB
Rank = 1180  Free Memory = 90029 MB
Rank = 1181  Free Memory = 90029 MB
Rank = 1182  Free Memory = 90029 MB
Rank = 1183  Free Memory = 90029 MB
Rank = 1184  Free Memory = 90029 MB
Rank = 1185  Free Memory = 90029 MB
Rank = 1186  Free Memory = 90029 MB
Rank = 1187  Free Memory = 90029 MB
Rank = 1188  Free Memory = 90029 MB
Rank = 1189  Free Memory = 90029 MB
Rank = 1190  Free Memory = 90029 MB
Rank = 1191  Free Memory = 90029 MB
Rank = 1192  Free Memory = 90029 MB
Rank = 1193  Free Memory = 90029 MB
Rank = 1194  Free Memory = 90029 MB
Rank = 1195  Free Memory = 90029 MB
Rank = 1196  Free Memory = 90029 MB
Rank = 1197  Free Memory = 90029 MB
Rank = 1198  Free Memory = 90029 MB
Rank = 1199  Free Memory = 90029 MB
Rank = 1200  Free Memory = 90029 MB
Rank = 1201  Free Memory = 90029 MB
Rank = 1202  Free Memory = 90029 MB
Rank = 1203  Free Memory = 90029 MB
Rank = 1204  Free Memory = 90029 MB
Rank = 1205  Free Memory = 90029 MB
Rank = 1206  Free Memory = 90029 MB
Rank = 1207  Free Memory = 90029 MB
Rank = 1208  Free Memory = 90029 MB
Rank = 1209  Free Memory = 90029 MB
Rank = 1210  Free Memory = 90029 MB
Rank = 1211  Free Memory = 90029 MB
Rank = 1212  Free Memory = 90029 MB
Rank = 1213  Free Memory = 90029 MB
Rank = 1214  Free Memory = 90029 MB
Rank = 1215  Free Memory = 90029 MB
Rank = 1216  Free Memory = 90029 MB
Rank = 1217  Free Memory = 90029 MB
Rank = 1218  Free Memory = 90029 MB
Rank = 1219  Free Memory = 90029 MB
Rank = 1220  Free Memory = 90029 MB
Rank = 1221  Free Memory = 90029 MB
Rank = 1222  Free Memory = 90029 MB
Rank = 1224  Free Memory = 90004 MB
Rank = 1223  Free Memory = 90029 MB
Rank = 1225  Free Memory = 90004 MB
Rank = 1226  Free Memory = 90004 MB
Rank = 1227  Free Memory = 90004 MB
Rank = 1228  Free Memory = 90004 MB
Rank = 1229  Free Memory = 90004 MB
Rank = 1230  Free Memory = 90004 MB
Rank = 1231  Free Memory = 90004 MB
Rank = 1232  Free Memory = 90004 MB
Rank = 1233  Free Memory = 90004 MB
Rank = 1234  Free Memory = 90004 MB
Rank = 1235  Free Memory = 90004 MB
Rank = 1236  Free Memory = 90004 MB
Rank = 1237  Free Memory = 90004 MB
Rank = 1238  Free Memory = 90004 MB
Rank = 1239  Free Memory = 90004 MB
Rank = 1240  Free Memory = 90004 MB
Rank = 1241  Free Memory = 90004 MB
Rank = 1242  Free Memory = 90004 MB
Rank = 1243  Free Memory = 90004 MB
Rank = 1244  Free Memory = 90004 MB
Rank = 1245  Free Memory = 90004 MB
Rank = 1246  Free Memory = 90004 MB
Rank = 1247  Free Memory = 90004 MB
Rank = 1248  Free Memory = 90004 MB
Rank = 1249  Free Memory = 90004 MB
Rank = 1250  Free Memory = 90004 MB
Rank = 1251  Free Memory = 90004 MB
Rank = 1252  Free Memory = 90004 MB
Rank = 1253  Free Memory = 90004 MB
Rank = 1254  Free Memory = 90004 MB
Rank = 1255  Free Memory = 90004 MB
Rank = 1256  Free Memory = 90004 MB
Rank = 1257  Free Memory = 90004 MB
Rank = 1258  Free Memory = 90004 MB
Rank = 1259  Free Memory = 90004 MB
Rank = 1260  Free Memory = 90004 MB
Rank = 1261  Free Memory = 90004 MB
Rank = 1262  Free Memory = 90004 MB
Rank = 1263  Free Memory = 90004 MB
Rank = 1264  Free Memory = 90004 MB
Rank = 1265  Free Memory = 90004 MB
Rank = 1266  Free Memory = 90004 MB
Rank = 1267  Free Memory = 90004 MB
Rank = 1268  Free Memory = 90004 MB
Rank = 1269  Free Memory = 90004 MB
Rank = 1270  Free Memory = 90004 MB
Rank = 1271  Free Memory = 90004 MB
Rank = 1272  Free Memory = 90004 MB
Rank = 1273  Free Memory = 90004 MB
Rank = 1274  Free Memory = 90004 MB
Rank = 1275  Free Memory = 90004 MB
Rank = 1276  Free Memory = 90004 MB
Rank = 1277  Free Memory = 90004 MB
Rank = 1292  Free Memory = 90043 MB
Rank = 1278  Free Memory = 90004 MB
Rank = 1293  Free Memory = 90043 MB
Rank = 1279  Free Memory = 90004 MB
Rank = 1294  Free Memory = 90043 MB
Rank = 1280  Free Memory = 90004 MB
Rank = 1281  Free Memory = 90004 MB
Rank = 1295  Free Memory = 90043 MB
Rank = 1282  Free Memory = 90004 MB
Rank = 1296  Free Memory = 90043 MB
Rank = 1297  Free Memory = 90043 MB
Rank = 1283  Free Memory = 90004 MB
Rank = 1284  Free Memory = 90004 MB
Rank = 1298  Free Memory = 90043 MB
Rank = 1285  Free Memory = 90004 MB
Rank = 1299  Free Memory = 90043 MB
Rank = 1286  Free Memory = 90004 MB
Rank = 1300  Free Memory = 90043 MB
Rank = 1287  Free Memory = 90004 MB
Rank = 1301  Free Memory = 90043 MB
Rank = 1288  Free Memory = 90004 MB
Rank = 1302  Free Memory = 90043 MB
Rank = 1289  Free Memory = 90004 MB
Rank = 1303  Free Memory = 90043 MB
Rank = 1290  Free Memory = 90004 MB
Rank = 1304  Free Memory = 90043 MB
Rank = 1291  Free Memory = 90004 MB
Rank = 1305  Free Memory = 90043 MB
Rank = 1306  Free Memory = 90043 MB
Rank = 1307  Free Memory = 90043 MB
Rank = 1308  Free Memory = 90043 MB
Rank = 1309  Free Memory = 90043 MB
Rank = 1310  Free Memory = 90043 MB
Rank = 1311  Free Memory = 90043 MB
Rank = 1312  Free Memory = 90043 MB
Rank = 1313  Free Memory = 90043 MB
Rank = 1314  Free Memory = 90043 MB
Rank = 1315  Free Memory = 90043 MB
Rank = 1316  Free Memory = 90043 MB
Rank = 1317  Free Memory = 90043 MB
Rank = 1318  Free Memory = 90043 MB
Rank = 1319  Free Memory = 90043 MB
Rank = 1320  Free Memory = 90043 MB
Rank = 1321  Free Memory = 90043 MB
Rank = 1322  Free Memory = 90043 MB
Rank = 1323  Free Memory = 90043 MB
Rank = 1324  Free Memory = 90043 MB
Rank = 1325  Free Memory = 90043 MB
Rank = 1326  Free Memory = 90043 MB
Rank = 1327  Free Memory = 90043 MB
Rank = 1328  Free Memory = 90043 MB
Rank = 1329  Free Memory = 90043 MB
Rank = 1330  Free Memory = 90043 MB
Rank = 1331  Free Memory = 90043 MB
Rank = 1332  Free Memory = 90043 MB
Rank = 1333  Free Memory = 90043 MB
Rank = 1334  Free Memory = 90043 MB
Rank = 1335  Free Memory = 90043 MB
Rank = 1336  Free Memory = 90043 MB
Rank = 1337  Free Memory = 90043 MB
Rank = 1338  Free Memory = 90043 MB
Rank = 1339  Free Memory = 90043 MB
Rank = 1340  Free Memory = 90043 MB
Rank = 1341  Free Memory = 90043 MB
Rank = 1342  Free Memory = 90043 MB
Rank = 1343  Free Memory = 90043 MB
Rank = 1344  Free Memory = 90043 MB
Rank = 1345  Free Memory = 90043 MB
Rank = 1346  Free Memory = 90043 MB
Rank = 1347  Free Memory = 90043 MB
Rank = 1348  Free Memory = 90043 MB
Rank = 1349  Free Memory = 90043 MB
Rank = 1360  Free Memory = 90045 MB
Rank = 1350  Free Memory = 90043 MB
Rank = 1361  Free Memory = 90045 MB
Rank = 1362  Free Memory = 90045 MB
Rank = 1351  Free Memory = 90043 MB
Rank = 1363  Free Memory = 90045 MB
Rank = 1352  Free Memory = 90043 MB
Rank = 1364  Free Memory = 90045 MB
Rank = 1353  Free Memory = 90043 MB
Rank = 1365  Free Memory = 90045 MB
Rank = 1354  Free Memory = 90043 MB
Rank = 1366  Free Memory = 90045 MB
Rank = 1355  Free Memory = 90043 MB
Rank = 1367  Free Memory = 90045 MB
Rank = 1356  Free Memory = 90043 MB
Rank = 1357  Free Memory = 90043 MB
Rank = 1368  Free Memory = 90045 MB
Rank = 1358  Free Memory = 90043 MB
Rank = 1369  Free Memory = 90045 MB
Rank = 1359  Free Memory = 90043 MB
Rank = 1370  Free Memory = 90045 MB
Rank = 1371  Free Memory = 90045 MB
Rank = 1372  Free Memory = 90045 MB
Rank = 1373  Free Memory = 90045 MB
Rank = 1374  Free Memory = 90045 MB
Rank = 1375  Free Memory = 90045 MB
Rank = 1376  Free Memory = 90045 MB
Rank = 1377  Free Memory = 90045 MB
Rank = 1378  Free Memory = 90045 MB
Rank = 1379  Free Memory = 90045 MB
Rank = 1380  Free Memory = 90045 MB
Rank = 1381  Free Memory = 90045 MB
Rank = 1382  Free Memory = 90045 MB
Rank = 1383  Free Memory = 90045 MB
Rank = 1384  Free Memory = 90045 MB
Rank = 1385  Free Memory = 90045 MB
Rank = 1386  Free Memory = 90045 MB
Rank = 1387  Free Memory = 90045 MB
Rank = 1388  Free Memory = 90045 MB
Rank = 1389  Free Memory = 90045 MB
Rank = 1390  Free Memory = 90045 MB
Rank = 1391  Free Memory = 90045 MB
Rank = 1392  Free Memory = 90045 MB
Rank = 1393  Free Memory = 90045 MB
Rank = 1394  Free Memory = 90045 MB
Rank = 1395  Free Memory = 90045 MB
Rank = 1396  Free Memory = 90045 MB
Rank = 1397  Free Memory = 90045 MB
Rank = 1398  Free Memory = 90045 MB
Rank = 1399  Free Memory = 90045 MB
Rank = 1400  Free Memory = 90045 MB
Rank = 1401  Free Memory = 90045 MB
Rank = 1402  Free Memory = 90045 MB
Rank = 1403  Free Memory = 90045 MB
Rank = 1404  Free Memory = 90045 MB
Rank = 1405  Free Memory = 90045 MB
Rank = 1406  Free Memory = 90045 MB
Rank = 1407  Free Memory = 90045 MB
Rank = 1408  Free Memory = 90045 MB
Rank = 1409  Free Memory = 90045 MB
Rank = 1410  Free Memory = 90045 MB
Rank = 1411  Free Memory = 90045 MB
Rank = 1412  Free Memory = 90045 MB
Rank = 1413  Free Memory = 90045 MB
Rank = 1414  Free Memory = 90045 MB
Rank = 1415  Free Memory = 90045 MB
Rank = 1416  Free Memory = 90045 MB
Rank = 1417  Free Memory = 90045 MB
Rank = 1418  Free Memory = 90045 MB
Rank = 1419  Free Memory = 90045 MB
Rank = 1420  Free Memory = 90045 MB
Rank = 1421  Free Memory = 90045 MB
Rank = 1428  Free Memory = 90035 MB
Rank = 1422  Free Memory = 90045 MB
Rank = 1429  Free Memory = 90035 MB
Rank = 1423  Free Memory = 90045 MB
Rank = 1430  Free Memory = 90035 MB
Rank = 1431  Free Memory = 90035 MB
Rank = 1432  Free Memory = 90035 MB
Rank = 1433  Free Memory = 90035 MB
Rank = 1434  Free Memory = 90035 MB
Rank = 1435  Free Memory = 90035 MB
Rank = 1436  Free Memory = 90035 MB
Rank = 1437  Free Memory = 90035 MB
Rank = 1438  Free Memory = 90035 MB
Rank = 1439  Free Memory = 90035 MB
Rank = 1424  Free Memory = 90045 MB
Rank = 1425  Free Memory = 90045 MB
Rank = 1440  Free Memory = 90035 MB
Rank = 1426  Free Memory = 90045 MB
Rank = 1441  Free Memory = 90035 MB
Rank = 1427  Free Memory = 90045 MB
Rank = 1442  Free Memory = 90035 MB
Rank = 1443  Free Memory = 90035 MB
Rank = 1444  Free Memory = 90035 MB
Rank = 1445  Free Memory = 90035 MB
Rank = 1446  Free Memory = 90035 MB
Rank = 1447  Free Memory = 90035 MB
Rank = 1448  Free Memory = 90035 MB
Rank = 1449  Free Memory = 90035 MB
Rank = 1450  Free Memory = 90035 MB
Rank = 1451  Free Memory = 90035 MB
Rank = 1452  Free Memory = 90035 MB
Rank = 1453  Free Memory = 90035 MB
Rank = 1454  Free Memory = 90035 MB
Rank = 1455  Free Memory = 90035 MB
Rank = 1456  Free Memory = 90035 MB
Rank = 1457  Free Memory = 90035 MB
Rank = 1458  Free Memory = 90035 MB
Rank = 1459  Free Memory = 90035 MB
Rank = 1460  Free Memory = 90035 MB
Rank = 1461  Free Memory = 90035 MB
Rank = 1462  Free Memory = 90035 MB
Rank = 1463  Free Memory = 90035 MB
Rank = 1464  Free Memory = 90035 MB
Rank = 1465  Free Memory = 90035 MB
Rank = 1466  Free Memory = 90035 MB
Rank = 1467  Free Memory = 90035 MB
Rank = 1468  Free Memory = 90035 MB
Rank = 1469  Free Memory = 90035 MB
Rank = 1470  Free Memory = 90035 MB
Rank = 1471  Free Memory = 90035 MB
Rank = 1472  Free Memory = 90035 MB
Rank = 1473  Free Memory = 90035 MB
Rank = 1474  Free Memory = 90035 MB
Rank = 1475  Free Memory = 90035 MB
Rank = 1476  Free Memory = 90035 MB
Rank = 1477  Free Memory = 90035 MB
Rank = 1478  Free Memory = 90035 MB
Rank = 1479  Free Memory = 90035 MB
Rank = 1480  Free Memory = 90035 MB
Rank = 1481  Free Memory = 90035 MB
Rank = 1482  Free Memory = 90035 MB
Rank = 1483  Free Memory = 90035 MB
Rank = 1484  Free Memory = 90035 MB
Rank = 1485  Free Memory = 90035 MB
Rank = 1486  Free Memory = 90035 MB
Rank = 1487  Free Memory = 90035 MB
Rank = 1488  Free Memory = 90035 MB
Rank = 1489  Free Memory = 90035 MB
Rank = 1490  Free Memory = 90035 MB
Rank = 1491  Free Memory = 90035 MB
Rank = 1492  Free Memory = 90035 MB
Rank = 1493  Free Memory = 90035 MB
Rank = 1494  Free Memory = 90035 MB
Rank = 1495  Free Memory = 90035 MB
Rank = 1496  Free Memory = 90036 MB
Rank = 1497  Free Memory = 90036 MB
Rank = 1498  Free Memory = 90036 MB
Rank = 1499  Free Memory = 90036 MB
Rank = 1500  Free Memory = 90036 MB
Rank = 1501  Free Memory = 90036 MB
Rank = 1502  Free Memory = 90036 MB
Rank = 1503  Free Memory = 90036 MB
Rank = 1504  Free Memory = 90036 MB
Rank = 1505  Free Memory = 90036 MB
Rank = 1506  Free Memory = 90036 MB
Rank = 1507  Free Memory = 90036 MB
Rank = 1508  Free Memory = 90036 MB
Rank = 1509  Free Memory = 90036 MB
Rank = 1510  Free Memory = 90036 MB
Rank = 1511  Free Memory = 90036 MB
Rank = 1512  Free Memory = 90036 MB
Rank = 1513  Free Memory = 90036 MB
Rank = 1514  Free Memory = 90036 MB
Rank = 1515  Free Memory = 90036 MB
Rank = 1516  Free Memory = 90036 MB
Rank = 1517  Free Memory = 90036 MB
Rank = 1518  Free Memory = 90036 MB
Rank = 1519  Free Memory = 90036 MB
Rank = 1520  Free Memory = 90036 MB
Rank = 1521  Free Memory = 90036 MB
Rank = 1522  Free Memory = 90036 MB
Rank = 1523  Free Memory = 90036 MB
Rank = 1524  Free Memory = 90036 MB
Rank = 1525  Free Memory = 90036 MB
Rank = 1526  Free Memory = 90036 MB
Rank = 1527  Free Memory = 90036 MB
Rank = 1528  Free Memory = 90036 MB
Rank = 1529  Free Memory = 90036 MB
Rank = 1530  Free Memory = 90036 MB
Rank = 1531  Free Memory = 90036 MB
Rank = 1532  Free Memory = 90036 MB
Rank = 1533  Free Memory = 90036 MB
Rank = 1534  Free Memory = 90036 MB
Rank = 1535  Free Memory = 90036 MB
Rank = 1536  Free Memory = 90036 MB
Rank = 1537  Free Memory = 90036 MB
Rank = 1538  Free Memory = 90036 MB
Rank = 1539  Free Memory = 90036 MB
Rank = 1540  Free Memory = 90036 MB
Rank = 1541  Free Memory = 90036 MB
Rank = 1542  Free Memory = 90036 MB
Rank = 1543  Free Memory = 90036 MB
Rank = 1544  Free Memory = 90036 MB
Rank = 1545  Free Memory = 90036 MB
Rank = 1546  Free Memory = 90036 MB
Rank = 1547  Free Memory = 90036 MB
Rank = 1548  Free Memory = 90036 MB
Rank = 1549  Free Memory = 90036 MB
Rank = 1550  Free Memory = 90036 MB
Rank = 1564  Free Memory = 90035 MB
Rank = 1551  Free Memory = 90036 MB
Rank = 1565  Free Memory = 90035 MB
Rank = 1552  Free Memory = 90036 MB
Rank = 1566  Free Memory = 90035 MB
Rank = 1553  Free Memory = 90036 MB
Rank = 1554  Free Memory = 90036 MB
Rank = 1567  Free Memory = 90035 MB
Rank = 1555  Free Memory = 90036 MB
Rank = 1568  Free Memory = 90035 MB
Rank = 1556  Free Memory = 90036 MB
Rank = 1569  Free Memory = 90035 MB
Rank = 1557  Free Memory = 90036 MB
Rank = 1570  Free Memory = 90035 MB
Rank = 1558  Free Memory = 90036 MB
Rank = 1571  Free Memory = 90035 MB
Rank = 1559  Free Memory = 90036 MB
Rank = 1572  Free Memory = 90035 MB
Rank = 1560  Free Memory = 90036 MB
Rank = 1573  Free Memory = 90035 MB
Rank = 1561  Free Memory = 90036 MB
Rank = 1574  Free Memory = 90035 MB
Rank = 1562  Free Memory = 90036 MB
Rank = 1575  Free Memory = 90035 MB
Rank = 1563  Free Memory = 90036 MB
Rank = 1576  Free Memory = 90035 MB
Rank = 1577  Free Memory = 90035 MB
Rank = 1578  Free Memory = 90035 MB
Rank = 1579  Free Memory = 90035 MB
Rank = 1580  Free Memory = 90035 MB
Rank = 1581  Free Memory = 90035 MB
Rank = 1582  Free Memory = 90035 MB
Rank = 1583  Free Memory = 90035 MB
Rank = 1584  Free Memory = 90035 MB
Rank = 1585  Free Memory = 90035 MB
Rank = 1586  Free Memory = 90035 MB
Rank = 1587  Free Memory = 90035 MB
Rank = 1588  Free Memory = 90035 MB
Rank = 1589  Free Memory = 90035 MB
Rank = 1590  Free Memory = 90035 MB
Rank = 1591  Free Memory = 90035 MB
Rank = 1592  Free Memory = 90035 MB
Rank = 1593  Free Memory = 90034 MB
Rank = 1594  Free Memory = 90034 MB
Rank = 1595  Free Memory = 90034 MB
Rank = 1596  Free Memory = 90034 MB
Rank = 1597  Free Memory = 90034 MB
Rank = 1598  Free Memory = 90034 MB
Rank = 1599  Free Memory = 90034 MB
Rank = 1600  Free Memory = 90034 MB
Rank = 1601  Free Memory = 90034 MB
Rank = 1602  Free Memory = 90034 MB
Rank = 1603  Free Memory = 90034 MB
Rank = 1604  Free Memory = 90034 MB
Rank = 1605  Free Memory = 90034 MB
Rank = 1606  Free Memory = 90034 MB
Rank = 1607  Free Memory = 90034 MB
Rank = 1608  Free Memory = 90034 MB
Rank = 1609  Free Memory = 90034 MB
Rank = 1610  Free Memory = 90034 MB
Rank = 1611  Free Memory = 90034 MB
Rank = 1612  Free Memory = 90034 MB
Rank = 1613  Free Memory = 90034 MB
Rank = 1614  Free Memory = 90034 MB
Rank = 1615  Free Memory = 90034 MB
Rank = 1616  Free Memory = 90034 MB
Rank = 1617  Free Memory = 90034 MB
Rank = 1618  Free Memory = 90034 MB
Rank = 1619  Free Memory = 90034 MB
Rank = 1620  Free Memory = 90034 MB
Rank = 1621  Free Memory = 90034 MB
Rank = 1622  Free Memory = 90034 MB
Rank = 1623  Free Memory = 90034 MB
Rank = 1624  Free Memory = 90034 MB
Rank = 1625  Free Memory = 90034 MB
Rank = 1626  Free Memory = 90034 MB
Rank = 1627  Free Memory = 90034 MB
Rank = 1628  Free Memory = 90034 MB
Rank = 1632  Free Memory = 89975 MB
Rank = 1629  Free Memory = 90034 MB
Rank = 1633  Free Memory = 89975 MB
Rank = 1630  Free Memory = 90034 MB
Rank = 1634  Free Memory = 89975 MB
Rank = 1631  Free Memory = 90034 MB
Rank = 1635  Free Memory = 89975 MB
Rank = 1636  Free Memory = 89974 MB
Rank = 1637  Free Memory = 89974 MB
Rank = 1638  Free Memory = 89974 MB
Rank = 1639  Free Memory = 89974 MB
Rank = 1640  Free Memory = 89974 MB
Rank = 1641  Free Memory = 89974 MB
Rank = 1642  Free Memory = 89974 MB
Rank = 1643  Free Memory = 89974 MB
Rank = 1644  Free Memory = 89974 MB
Rank = 1645  Free Memory = 89974 MB
Rank = 1646  Free Memory = 89974 MB
Rank = 1647  Free Memory = 89974 MB
Rank = 1648  Free Memory = 89974 MB
Rank = 1649  Free Memory = 89974 MB
Rank = 1650  Free Memory = 89974 MB
Rank = 1651  Free Memory = 89974 MB
Rank = 1652  Free Memory = 89974 MB
Rank = 1653  Free Memory = 89974 MB
Rank = 1654  Free Memory = 89974 MB
Rank = 1655  Free Memory = 89974 MB
Rank = 1656  Free Memory = 89974 MB
Rank = 1657  Free Memory = 89974 MB
Rank = 1658  Free Memory = 89974 MB
Rank = 1659  Free Memory = 89974 MB
Rank = 1660  Free Memory = 89974 MB
Rank = 1661  Free Memory = 89974 MB
Rank = 1662  Free Memory = 89974 MB
Rank = 1663  Free Memory = 89974 MB
Rank = 1664  Free Memory = 89974 MB
Rank = 1665  Free Memory = 89974 MB
Rank = 1666  Free Memory = 89974 MB
Rank = 1667  Free Memory = 89974 MB
Rank = 1668  Free Memory = 89974 MB
Rank = 1669  Free Memory = 89974 MB
Rank = 1670  Free Memory = 89974 MB
Rank = 1671  Free Memory = 89974 MB
Rank = 1672  Free Memory = 89974 MB
Rank = 1673  Free Memory = 89974 MB
Rank = 1674  Free Memory = 89974 MB
Rank = 1675  Free Memory = 89974 MB
Rank = 1676  Free Memory = 89974 MB
Rank = 1677  Free Memory = 89974 MB
Rank = 1678  Free Memory = 89974 MB
Rank = 1679  Free Memory = 89974 MB
Rank = 1680  Free Memory = 89974 MB
Rank = 1681  Free Memory = 89974 MB
Rank = 1682  Free Memory = 89974 MB
Rank = 1683  Free Memory = 89974 MB
Rank = 1684  Free Memory = 89974 MB
Rank = 1685  Free Memory = 89974 MB
Rank = 1686  Free Memory = 89974 MB
Rank = 1687  Free Memory = 89974 MB
Rank = 1688  Free Memory = 89974 MB
Rank = 1689  Free Memory = 89974 MB
Rank = 1690  Free Memory = 89974 MB
Rank = 1691  Free Memory = 89974 MB
Rank = 1692  Free Memory = 89974 MB
Rank = 1693  Free Memory = 89974 MB
Rank = 1694  Free Memory = 89974 MB
Rank = 1695  Free Memory = 89974 MB
Rank = 1696  Free Memory = 89974 MB
Rank = 1697  Free Memory = 89974 MB
Rank = 1698  Free Memory = 89974 MB
Rank = 1699  Free Memory = 89974 MB
Rank = 1700  Free Memory = 89997 MB
Rank = 1701  Free Memory = 89997 MB
Rank = 1702  Free Memory = 89997 MB
Rank = 1703  Free Memory = 89997 MB
Rank = 1704  Free Memory = 89997 MB
Rank = 1705  Free Memory = 89997 MB
Rank = 1706  Free Memory = 89997 MB
Rank = 1707  Free Memory = 89997 MB
Rank = 1708  Free Memory = 89997 MB
Rank = 1709  Free Memory = 89997 MB
Rank = 1710  Free Memory = 89997 MB
Rank = 1711  Free Memory = 89997 MB
Rank = 1712  Free Memory = 89997 MB
Rank = 1713  Free Memory = 89997 MB
Rank = 1714  Free Memory = 89997 MB
Rank = 1715  Free Memory = 89997 MB
Rank = 1716  Free Memory = 89997 MB
Rank = 1717  Free Memory = 89997 MB
Rank = 1718  Free Memory = 89997 MB
Rank = 1719  Free Memory = 89997 MB
Rank = 1720  Free Memory = 89997 MB
Rank = 1721  Free Memory = 89997 MB
Rank = 1722  Free Memory = 89997 MB
Rank = 1723  Free Memory = 89997 MB
Rank = 1724  Free Memory = 89997 MB
Rank = 1725  Free Memory = 89997 MB
Rank = 1726  Free Memory = 89997 MB
Rank = 1727  Free Memory = 89997 MB
Rank = 1728  Free Memory = 89997 MB
Rank = 1729  Free Memory = 89997 MB
Rank = 1730  Free Memory = 89997 MB
Rank = 1731  Free Memory = 89997 MB
Rank = 1732  Free Memory = 89997 MB
Rank = 1733  Free Memory = 89997 MB
Rank = 1734  Free Memory = 89997 MB
Rank = 1735  Free Memory = 89997 MB
Rank = 1736  Free Memory = 89997 MB
Rank = 1737  Free Memory = 89997 MB
Rank = 1738  Free Memory = 89997 MB
Rank = 1739  Free Memory = 89997 MB
Rank = 1740  Free Memory = 89997 MB
Rank = 1741  Free Memory = 89997 MB
Rank = 1742  Free Memory = 89997 MB
Rank = 1743  Free Memory = 89997 MB
Rank = 1744  Free Memory = 89997 MB
Rank = 1745  Free Memory = 89997 MB
Rank = 1746  Free Memory = 89997 MB
Rank = 1747  Free Memory = 89997 MB
Rank = 1748  Free Memory = 89997 MB
Rank = 1749  Free Memory = 89997 MB
Rank = 1750  Free Memory = 89997 MB
Rank = 1751  Free Memory = 89997 MB
Rank = 1752  Free Memory = 89997 MB
Rank = 1753  Free Memory = 89997 MB
Rank = 1754  Free Memory = 89997 MB
Rank = 1755  Free Memory = 89997 MB
Rank = 1756  Free Memory = 89997 MB
Rank = 1757  Free Memory = 89997 MB
Rank = 1758  Free Memory = 89997 MB
Rank = 1759  Free Memory = 89997 MB
Rank = 1760  Free Memory = 89997 MB
Rank = 1761  Free Memory = 89997 MB
Rank = 1762  Free Memory = 89997 MB
Rank = 1763  Free Memory = 89997 MB
Rank = 1764  Free Memory = 89997 MB
Rank = 1765  Free Memory = 89997 MB
Rank = 1766  Free Memory = 89997 MB
Rank = 1767  Free Memory = 89997 MB
Rank = 1768  Free Memory = 89889 MB
Rank = 1769  Free Memory = 89889 MB
Rank = 1770  Free Memory = 89889 MB
Rank = 1771  Free Memory = 89889 MB
Rank = 1772  Free Memory = 89889 MB
Rank = 1773  Free Memory = 89889 MB
Rank = 1774  Free Memory = 89889 MB
Rank = 1775  Free Memory = 89889 MB
Rank = 1776  Free Memory = 89889 MB
Rank = 1777  Free Memory = 89889 MB
Rank = 1778  Free Memory = 89889 MB
Rank = 1779  Free Memory = 89889 MB
Rank = 1780  Free Memory = 89889 MB
Rank = 1781  Free Memory = 89889 MB
Rank = 1782  Free Memory = 89889 MB
Rank = 1783  Free Memory = 89889 MB
Rank = 1784  Free Memory = 89889 MB
Rank = 1785  Free Memory = 89889 MB
Rank = 1786  Free Memory = 89889 MB
Rank = 1787  Free Memory = 89889 MB
Rank = 1788  Free Memory = 89889 MB
Rank = 1789  Free Memory = 89889 MB
Rank = 1790  Free Memory = 89889 MB
Rank = 1791  Free Memory = 89889 MB
Rank = 1792  Free Memory = 89889 MB
Rank = 1793  Free Memory = 89889 MB
Rank = 1794  Free Memory = 89889 MB
Rank = 1795  Free Memory = 89889 MB
Rank = 1796  Free Memory = 89889 MB
Rank = 1797  Free Memory = 89889 MB
Rank = 1798  Free Memory = 89889 MB
Rank = 1799  Free Memory = 89889 MB
Rank = 1800  Free Memory = 89889 MB
Rank = 1801  Free Memory = 89889 MB
Rank = 1802  Free Memory = 89889 MB
Rank = 1803  Free Memory = 89889 MB
Rank = 1804  Free Memory = 89889 MB
Rank = 1805  Free Memory = 89889 MB
Rank = 1806  Free Memory = 89889 MB
Rank = 1807  Free Memory = 89889 MB
Rank = 1808  Free Memory = 89889 MB
Rank = 1809  Free Memory = 89889 MB
Rank = 1810  Free Memory = 89889 MB
Rank = 1811  Free Memory = 89889 MB
Rank = 1812  Free Memory = 89889 MB
Rank = 1813  Free Memory = 89889 MB
Rank = 1814  Free Memory = 89889 MB
Rank = 1815  Free Memory = 89889 MB
Rank = 1816  Free Memory = 89889 MB
Rank = 1817  Free Memory = 89889 MB
Rank = 1818  Free Memory = 89889 MB
Rank = 1819  Free Memory = 89889 MB
Rank = 1820  Free Memory = 89889 MB
Rank = 1821  Free Memory = 89889 MB
Rank = 1822  Free Memory = 89889 MB
Rank = 1823  Free Memory = 89889 MB
Rank = 1836  Free Memory = 90061 MB
Rank = 1824  Free Memory = 89889 MB
Rank = 1837  Free Memory = 90061 MB
Rank = 1825  Free Memory = 89889 MB
Rank = 1826  Free Memory = 89889 MB
Rank = 1838  Free Memory = 90061 MB
Rank = 1839  Free Memory = 90061 MB
Rank = 1827  Free Memory = 89889 MB
Rank = 1840  Free Memory = 90061 MB
Rank = 1828  Free Memory = 89889 MB
Rank = 1829  Free Memory = 89889 MB
Rank = 1841  Free Memory = 90061 MB
Rank = 1830  Free Memory = 89889 MB
Rank = 1842  Free Memory = 90061 MB
Rank = 1831  Free Memory = 89889 MB
Rank = 1832  Free Memory = 89889 MB
Rank = 1843  Free Memory = 90061 MB
Rank = 1833  Free Memory = 89889 MB
Rank = 1844  Free Memory = 90061 MB
Rank = 1834  Free Memory = 89889 MB
Rank = 1835  Free Memory = 89889 MB
Rank = 1845  Free Memory = 90061 MB
Rank = 1846  Free Memory = 90061 MB
Rank = 1847  Free Memory = 90061 MB
Rank = 1848  Free Memory = 90061 MB
Rank = 1849  Free Memory = 90061 MB
Rank = 1850  Free Memory = 90061 MB
Rank = 1851  Free Memory = 90061 MB
Rank = 1852  Free Memory = 90061 MB
Rank = 1853  Free Memory = 90061 MB
Rank = 1854  Free Memory = 90061 MB
Rank = 1855  Free Memory = 90061 MB
Rank = 1856  Free Memory = 90061 MB
Rank = 1857  Free Memory = 90061 MB
Rank = 1858  Free Memory = 90061 MB
Rank = 1859  Free Memory = 90061 MB
Rank = 1860  Free Memory = 90061 MB
Rank = 1861  Free Memory = 90061 MB
Rank = 1862  Free Memory = 90061 MB
Rank = 1863  Free Memory = 90061 MB
Rank = 1864  Free Memory = 90061 MB
Rank = 1865  Free Memory = 90061 MB
Rank = 1866  Free Memory = 90061 MB
Rank = 1867  Free Memory = 90061 MB
Rank = 1868  Free Memory = 90061 MB
Rank = 1869  Free Memory = 90061 MB
Rank = 1870  Free Memory = 90061 MB
Rank = 1871  Free Memory = 90061 MB
Rank = 1872  Free Memory = 90061 MB
Rank = 1873  Free Memory = 90061 MB
Rank = 1874  Free Memory = 90061 MB
Rank = 1875  Free Memory = 90061 MB
Rank = 1876  Free Memory = 90061 MB
Rank = 1877  Free Memory = 90061 MB
Rank = 1878  Free Memory = 90061 MB
Rank = 1879  Free Memory = 90061 MB
Rank = 1880  Free Memory = 90061 MB
Rank = 1881  Free Memory = 90061 MB
Rank = 1882  Free Memory = 90061 MB
Rank = 1883  Free Memory = 90061 MB
Rank = 1884  Free Memory = 90061 MB
Rank = 1885  Free Memory = 90061 MB
Rank = 1886  Free Memory = 90061 MB
Rank = 1887  Free Memory = 90061 MB
Rank = 1888  Free Memory = 90061 MB
Rank = 1889  Free Memory = 90061 MB
Rank = 1890  Free Memory = 90061 MB
Rank = 1891  Free Memory = 90061 MB
Rank = 1892  Free Memory = 90061 MB
Rank = 1893  Free Memory = 90061 MB
Rank = 1894  Free Memory = 90061 MB
Rank = 1895  Free Memory = 90061 MB
Rank = 1896  Free Memory = 90061 MB
Rank = 1897  Free Memory = 90061 MB
Rank = 1898  Free Memory = 90061 MB
Rank = 1899  Free Memory = 90061 MB
Rank = 1900  Free Memory = 90061 MB
Rank = 1901  Free Memory = 90061 MB
Rank = 1902  Free Memory = 90061 MB
Rank = 1903  Free Memory = 90061 MB
Rank = 1904  Free Memory = 90061 MB
Rank = 1905  Free Memory = 90061 MB
Rank = 1906  Free Memory = 90061 MB
Rank = 1907  Free Memory = 90061 MB
Rank = 1908  Free Memory = 90061 MB
Rank = 1909  Free Memory = 90061 MB
Rank = 1910  Free Memory = 90061 MB
Rank = 1911  Free Memory = 90061 MB
Rank = 1912  Free Memory = 90061 MB
Rank = 1913  Free Memory = 90061 MB
Rank = 1914  Free Memory = 90061 MB
Rank = 1915  Free Memory = 90061 MB
Rank = 1916  Free Memory = 90061 MB
Rank = 1917  Free Memory = 90061 MB
Rank = 1918  Free Memory = 90061 MB
Rank = 1919  Free Memory = 90061 MB
Rank = 1920  Free Memory = 90061 MB
Rank = 1921  Free Memory = 90061 MB
Rank = 1922  Free Memory = 90061 MB
Rank = 1923  Free Memory = 90061 MB
Rank = 1924  Free Memory = 90061 MB
Rank = 1925  Free Memory = 90061 MB
Rank = 1926  Free Memory = 90061 MB
Rank = 1927  Free Memory = 90061 MB
Rank = 1928  Free Memory = 90061 MB
Rank = 1929  Free Memory = 90061 MB
Rank = 1930  Free Memory = 90061 MB
Rank = 1931  Free Memory = 90061 MB
Rank = 1932  Free Memory = 90061 MB
Rank = 1933  Free Memory = 90061 MB
Rank = 1934  Free Memory = 90061 MB
Rank = 1935  Free Memory = 90061 MB
Rank = 1936  Free Memory = 90061 MB
Rank = 1937  Free Memory = 90061 MB
Rank = 1938  Free Memory = 90061 MB
Rank = 1939  Free Memory = 90061 MB
Rank = 1940  Free Memory = 90061 MB
Rank = 1941  Free Memory = 90061 MB
Rank = 1942  Free Memory = 90061 MB
Rank = 1943  Free Memory = 90061 MB
Rank = 1944  Free Memory = 90061 MB
Rank = 1945  Free Memory = 90061 MB
Rank = 1946  Free Memory = 90061 MB
Rank = 1947  Free Memory = 90061 MB
Rank = 1948  Free Memory = 90061 MB
Rank = 1949  Free Memory = 90061 MB
Rank = 1950  Free Memory = 90061 MB
Rank = 1951  Free Memory = 90061 MB
Rank = 1952  Free Memory = 90061 MB
Rank = 1953  Free Memory = 90061 MB
Rank = 1954  Free Memory = 90061 MB
Rank = 1955  Free Memory = 90061 MB
Rank = 1956  Free Memory = 90061 MB
Rank = 1957  Free Memory = 90061 MB
Rank = 1958  Free Memory = 90061 MB
Rank = 1959  Free Memory = 90061 MB
Rank = 1960  Free Memory = 90061 MB
Rank = 1961  Free Memory = 90061 MB
Rank = 1962  Free Memory = 90061 MB
Rank = 1963  Free Memory = 90061 MB
Rank = 1964  Free Memory = 90061 MB
Rank = 1965  Free Memory = 90061 MB
Rank = 1966  Free Memory = 90061 MB
Rank = 1967  Free Memory = 90061 MB
Rank = 1968  Free Memory = 90061 MB
Rank = 1969  Free Memory = 90061 MB
Rank = 1970  Free Memory = 90061 MB
Rank = 1972  Free Memory = 90012 MB
Rank = 1971  Free Memory = 90061 MB
Rank = 1973  Free Memory = 90012 MB
Rank = 1974  Free Memory = 90012 MB
Rank = 1975  Free Memory = 90012 MB
Rank = 1976  Free Memory = 90012 MB
Rank = 1977  Free Memory = 90012 MB
Rank = 1978  Free Memory = 90012 MB
Rank = 1979  Free Memory = 90012 MB
Rank = 1980  Free Memory = 90012 MB
Rank = 1981  Free Memory = 90012 MB
Rank = 1982  Free Memory = 90012 MB
Rank = 1983  Free Memory = 90012 MB
Rank = 1984  Free Memory = 90012 MB
Rank = 1985  Free Memory = 90012 MB
Rank = 1986  Free Memory = 90012 MB
Rank = 1987  Free Memory = 90012 MB
Rank = 1988  Free Memory = 90012 MB
Rank = 1989  Free Memory = 90012 MB
Rank = 1990  Free Memory = 90012 MB
Rank = 1991  Free Memory = 90012 MB
Rank = 1992  Free Memory = 90012 MB
Rank = 1993  Free Memory = 90012 MB
Rank = 1994  Free Memory = 90012 MB
Rank = 1995  Free Memory = 90012 MB
Rank = 1996  Free Memory = 90012 MB
Rank = 1997  Free Memory = 90012 MB
Rank = 1998  Free Memory = 90012 MB
Rank = 1999  Free Memory = 90012 MB
Rank = 2000  Free Memory = 90012 MB
Rank = 2001  Free Memory = 90012 MB
Rank = 2002  Free Memory = 90012 MB
Rank = 2003  Free Memory = 90012 MB
Rank = 2004  Free Memory = 90012 MB
Rank = 2005  Free Memory = 90012 MB
Rank = 2006  Free Memory = 90012 MB
Rank = 2007  Free Memory = 90012 MB
Rank = 2008  Free Memory = 90012 MB
Rank = 2009  Free Memory = 90012 MB
Rank = 2010  Free Memory = 90012 MB
Rank = 2011  Free Memory = 90012 MB
Rank = 2012  Free Memory = 90012 MB
Rank = 2013  Free Memory = 90012 MB
Rank = 2014  Free Memory = 90012 MB
Rank = 2015  Free Memory = 90012 MB
Rank = 2016  Free Memory = 90012 MB
Rank = 2017  Free Memory = 90012 MB
Rank = 2018  Free Memory = 90012 MB
Rank = 2019  Free Memory = 90012 MB
Rank = 2020  Free Memory = 90012 MB
Rank = 2021  Free Memory = 90012 MB
Rank = 2022  Free Memory = 90012 MB
Rank = 2023  Free Memory = 90012 MB
Rank = 2024  Free Memory = 90012 MB
Rank = 2025  Free Memory = 90012 MB
Rank = 2026  Free Memory = 90012 MB
Rank = 2027  Free Memory = 90012 MB
Rank = 2028  Free Memory = 90012 MB
Rank = 2029  Free Memory = 90012 MB
Rank = 2030  Free Memory = 90012 MB
Rank = 2031  Free Memory = 90012 MB
Rank = 2032  Free Memory = 90012 MB
Rank = 2033  Free Memory = 90012 MB
Rank = 2034  Free Memory = 90012 MB
Rank = 2035  Free Memory = 90012 MB
Rank = 2036  Free Memory = 90012 MB
Rank = 2037  Free Memory = 90012 MB
Rank = 2038  Free Memory = 90012 MB
Rank = 2039  Free Memory = 90012 MB
Rank = 2040  Free Memory = 89999 MB
Rank = 2041  Free Memory = 89999 MB
Rank = 2042  Free Memory = 89999 MB
Rank = 2043  Free Memory = 89999 MB
Rank = 2044  Free Memory = 89999 MB
Rank = 2045  Free Memory = 89999 MB
Rank = 2046  Free Memory = 89999 MB
Rank = 2047  Free Memory = 89999 MB
Rank = 2048  Free Memory = 89999 MB
Rank = 2049  Free Memory = 89999 MB
Rank = 2050  Free Memory = 89999 MB
Rank = 2051  Free Memory = 89999 MB
Rank = 2052  Free Memory = 89999 MB
Rank = 2053  Free Memory = 89999 MB
Rank = 2054  Free Memory = 89999 MB
Rank = 2055  Free Memory = 89999 MB
Rank = 2056  Free Memory = 89999 MB
Rank = 2057  Free Memory = 89999 MB
Rank = 2058  Free Memory = 89999 MB
Rank = 2059  Free Memory = 89999 MB
Rank = 2060  Free Memory = 89999 MB
Rank = 2061  Free Memory = 89999 MB
Rank = 2062  Free Memory = 89999 MB
Rank = 2063  Free Memory = 89999 MB
Rank = 2064  Free Memory = 89999 MB
Rank = 2065  Free Memory = 89999 MB
Rank = 2066  Free Memory = 89999 MB
Rank = 2067  Free Memory = 89999 MB
Rank = 2068  Free Memory = 89999 MB
Rank = 2069  Free Memory = 89999 MB
Rank = 2070  Free Memory = 89999 MB
Rank = 2071  Free Memory = 89999 MB
Rank = 2072  Free Memory = 89999 MB
Rank = 2073  Free Memory = 89999 MB
Rank = 2074  Free Memory = 89999 MB
Rank = 2075  Free Memory = 89999 MB
Rank = 2076  Free Memory = 89999 MB
Rank = 2077  Free Memory = 89999 MB
Rank = 2078  Free Memory = 89999 MB
Rank = 2079  Free Memory = 89999 MB
Rank = 2080  Free Memory = 89999 MB
Rank = 2081  Free Memory = 89999 MB
Rank = 2082  Free Memory = 89999 MB
Rank = 2083  Free Memory = 89999 MB
Rank = 2084  Free Memory = 89999 MB
Rank = 2085  Free Memory = 89999 MB
Rank = 2086  Free Memory = 89999 MB
Rank = 2087  Free Memory = 89999 MB
Rank = 2088  Free Memory = 89999 MB
Rank = 2089  Free Memory = 89999 MB
Rank = 2090  Free Memory = 89999 MB
Rank = 2091  Free Memory = 89999 MB
Rank = 2092  Free Memory = 89999 MB
Rank = 2093  Free Memory = 89999 MB
Rank = 2094  Free Memory = 89999 MB
Rank = 2095  Free Memory = 89999 MB
Rank = 2096  Free Memory = 89999 MB
Rank = 2097  Free Memory = 89999 MB
Rank = 2098  Free Memory = 89999 MB
Rank = 2099  Free Memory = 89999 MB
Rank = 2100  Free Memory = 89999 MB
Rank = 2101  Free Memory = 89999 MB
Rank = 2108  Free Memory = 90023 MB
Rank = 2102  Free Memory = 89999 MB
Rank = 2103  Free Memory = 89999 MB
Rank = 2109  Free Memory = 90023 MB
Rank = 2104  Free Memory = 89999 MB
Rank = 2110  Free Memory = 90023 MB
Rank = 2105  Free Memory = 89999 MB
Rank = 2106  Free Memory = 89999 MB
Rank = 2111  Free Memory = 90023 MB
Rank = 2112  Free Memory = 90023 MB
Rank = 2107  Free Memory = 89999 MB
Rank = 2113  Free Memory = 90023 MB
Rank = 2114  Free Memory = 90023 MB
Rank = 2115  Free Memory = 90023 MB
Rank = 2116  Free Memory = 90023 MB
Rank = 2117  Free Memory = 90023 MB
Rank = 2118  Free Memory = 90023 MB
Rank = 2119  Free Memory = 90023 MB
Rank = 2120  Free Memory = 90023 MB
Rank = 2121  Free Memory = 90023 MB
Rank = 2122  Free Memory = 90023 MB
Rank = 2123  Free Memory = 90023 MB
Rank = 2124  Free Memory = 90023 MB
Rank = 2125  Free Memory = 90023 MB
Rank = 2126  Free Memory = 90023 MB
Rank = 2127  Free Memory = 90023 MB
Rank = 2128  Free Memory = 90023 MB
Rank = 2129  Free Memory = 90023 MB
Rank = 2130  Free Memory = 90023 MB
Rank = 2131  Free Memory = 90023 MB
Rank = 2132  Free Memory = 90023 MB
Rank = 2133  Free Memory = 90023 MB
Rank = 2134  Free Memory = 90023 MB
Rank = 2135  Free Memory = 90023 MB
Rank = 2136  Free Memory = 90023 MB
Rank = 2137  Free Memory = 90023 MB
Rank = 2138  Free Memory = 90023 MB
Rank = 2139  Free Memory = 90023 MB
Rank = 2140  Free Memory = 90023 MB
Rank = 2141  Free Memory = 90023 MB
Rank = 2142  Free Memory = 90023 MB
Rank = 2143  Free Memory = 90023 MB
Rank = 2144  Free Memory = 90023 MB
Rank = 2145  Free Memory = 90023 MB
Rank = 2146  Free Memory = 90023 MB
Rank = 2147  Free Memory = 90023 MB
Rank = 2148  Free Memory = 90023 MB
Rank = 2149  Free Memory = 90023 MB
Rank = 2150  Free Memory = 90023 MB
Rank = 2151  Free Memory = 90023 MB
Rank = 2152  Free Memory = 90023 MB
Rank = 2153  Free Memory = 90023 MB
Rank = 2154  Free Memory = 90023 MB
Rank = 2155  Free Memory = 90023 MB
Rank = 2156  Free Memory = 90023 MB
Rank = 2157  Free Memory = 90023 MB
Rank = 2158  Free Memory = 90023 MB
Rank = 2159  Free Memory = 90023 MB
Rank = 2160  Free Memory = 90023 MB
Rank = 2161  Free Memory = 90023 MB
Rank = 2162  Free Memory = 90023 MB
Rank = 2163  Free Memory = 90023 MB
Rank = 2164  Free Memory = 90023 MB
Rank = 2165  Free Memory = 90023 MB
Rank = 2166  Free Memory = 90023 MB
Rank = 2167  Free Memory = 90023 MB
Rank = 2168  Free Memory = 90023 MB
Rank = 2169  Free Memory = 90023 MB
Rank = 2170  Free Memory = 90023 MB
Rank = 2171  Free Memory = 90023 MB
Rank = 2172  Free Memory = 90023 MB
Rank = 2173  Free Memory = 90023 MB
Rank = 2174  Free Memory = 90023 MB
Rank = 2175  Free Memory = 90023 MB
  Input file(s): simple-H2O.xml 

=====================================================
                    QMCPACK 3.7.0

       (c) Copyright 2003-  QMCPACK developers

                    Please cite:
 J. Kim et al. J. Phys. Cond. Mat. 30 195901 (2018)
      https://doi.org/10.1088/1361-648X/aab9c3

  Git branch: HEAD
  Last git commit: bc47a435682751c26c2695a005684d95f700bebb-dirty
  Last git commit date: Fri Mar 29 14:11:40 2019 -0500
  Last git commit subject: Merge pull request #1520 from QMCPACK/rc_370
=====================================================
  Global options 

  Total number of MPI ranks = 2176
  Number of MPI groups      = 1
  MPI group ID              = 0
  Number of ranks in group  = 2176
  MPI ranks per node        = 68
  OMP 1st level threads     = 4
  OMP nested threading disabled or only 1 thread on the 2nd level

  Precision used in this calculation, see definitions in the manual:
  Base precision      = double
  Full precision      = double

  Structure-of-arrays (SoA) optimization enabled

  Input XML = simple-H2O.xml

  Project = H2O
  date    = 2021-01-23 12:43:20 PST
  host    = nid10627

 Random Number
 -------------
  Offset for the random number seeds based on time: 616

  Range of prime numbers to use as seeds over processors and threads = 4561-96823


 Particle Set 
 ------------
  Name: e
  All the species have the same mass 1
  Particle set size: 8

 Particle Set 
 ------------
  Name: ion0
  All the species have the same mass 1
  Particle set size: 3

 Wavefunction setup: 
 ------------------- 
  Name: psi0
  Created SPOSet builder named 'LCAOBSet' of type molecularorbital
  LCAO: SoaAtomicBasisSet<MultiQuintic,0>

  Distance table for similar particles (A-A):
    source/target: e
    Using structure-of-arrays (SoA) data layout
    Distance computations use open boundary conditions in 3D.


  Distance table for dissimilar particles (A-B):
    source: ion0  target: e
    Using structure-of-arrays (SoA) data layout
    Distance computations use open boundary conditions in 3D.

  AO BasisSet for O
   Angular momentum expanded in cartesian functions x^lx y^ly z^lz according to Gamess
Using log grid with default values: ri = 1e-06 rf = 100 npts = 1001
   R(n,l,m,s) 0 0 0 0
   R(n,l,m,s) 1 0 0 0
   R(n,l,m,s) 2 0 0 0
   R(n,l,m,s) 3 1 0 0
   R(n,l,m,s) 4 1 0 0
   R(n,l,m,s) 5 1 0 0
   R(n,l,m,s) 6 2 0 0
   R(n,l,m,s) 7 2 0 0
   R(n,l,m,s) 8 3 0 0
Expanding Ylm (angular function) according to Gamess using cartesian gaussians
Adding 1 cartesian gaussian orbitals for l= 0
Adding 1 cartesian gaussian orbitals for l= 0
Adding 1 cartesian gaussian orbitals for l= 0
Adding 3 cartesian gaussian orbitals for l= 1
Adding 3 cartesian gaussian orbitals for l= 1
Adding 3 cartesian gaussian orbitals for l= 1
Adding 6 cartesian gaussian orbitals for l= 2
Adding 6 cartesian gaussian orbitals for l= 2
Adding 10 cartesian gaussian orbitals for l= 3
  Setting cutoff radius 10.1859

   Maximum Angular Momentum  = 3
   Number of Radial functors = 9
   Basis size                = 34

  AO BasisSet for H
   Angular momentum expanded in cartesian functions x^lx y^ly z^lz according to Gamess
Using log grid with default values: ri = 1e-06 rf = 100 npts = 1001
   R(n,l,m,s) 0 0 0 0
   R(n,l,m,s) 1 0 0 0
   R(n,l,m,s) 2 0 0 0
   R(n,l,m,s) 3 1 0 0
   R(n,l,m,s) 4 1 0 0
   R(n,l,m,s) 5 2 0 0
Expanding Ylm (angular function) according to Gamess using cartesian gaussians
Adding 1 cartesian gaussian orbitals for l= 0
Adding 1 cartesian gaussian orbitals for l= 0
Adding 1 cartesian gaussian orbitals for l= 0
Adding 3 cartesian gaussian orbitals for l= 1
Adding 3 cartesian gaussian orbitals for l= 1
Adding 6 cartesian gaussian orbitals for l= 2
  Setting cutoff radius 19.4089

   Maximum Angular Momentum  = 2
   Number of Radial functors = 6
   Basis size                = 15

Reuse SPOSetBuilder "LCAOBSet" type MolecularOrbital
  Building SPOSet '' with '' basis set.
Reuse SPOSetBuilder "LCAOBSet" type MolecularOrbital
  Building SPOSet '' with '' basis set.
  Creating a determinant updet group=0 sposet=updet
  Reusing a SPO set updet
Using DiracDeterminant with DelayedUpdate engine
Using rank-1 Sherman-Morrison Fahy update

  Creating a determinant downdet group=1 sposet=downdet
  Reusing a SPO set downdet
Using DiracDeterminant with DelayedUpdate engine
Using rank-1 Sherman-Morrison Fahy update

  FermionWF = SlaterDet
  RadialJastrowBuilder adds a functor with cusp = -0.25
 size = 10 parameters 
 cusp = -0.25
 rcut = 10
Parameter     Name      Value
uu_0 0.029047 1 1  ON 0
uu_1 -0.100418 1 1  ON 1
uu_2 -0.17527 1 1  ON 2
uu_3 -0.223258 1 1  ON 3
uu_4 -0.272803 1 1  ON 4
uu_5 -0.325329 1 1  ON 5
uu_6 -0.362453 1 1  ON 6
uu_7 -0.395822 1 1  ON 7
uu_8 -0.426858 1 1  ON 8
uu_9 -0.439453 1 1  ON 9
  RadialJastrowBuilder adds a functor with cusp = -0.5
 size = 10 parameters 
 cusp = -0.5
 rcut = 10
Parameter     Name      Value
ud_0 0.930669 1 1  ON 0
ud_1 0.628359 1 1  ON 1
ud_2 0.463024 1 1  ON 2
ud_3 0.375585 1 1  ON 3
ud_4 0.333251 1 1  ON 4
ud_5 0.297451 1 1  ON 5
ud_6 0.255069 1 1  ON 6
ud_7 0.197016 1 1  ON 7
ud_8 0.135704 1 1  ON 8
ud_9 0.11181 1 1  ON 9
 size = 10 parameters 
 cusp = 0
 rcut = 10
Parameter     Name      Value
eO_0 -4.0158 1 1  ON 0
eO_1 -3.62877 1 1  ON 1
eO_2 -2.75734 1 1  ON 2
eO_3 -1.83881 1 1  ON 3
eO_4 -1.15124 1 1  ON 4
eO_5 -0.462677 1 1  ON 5
eO_6 -0.212032 1 1  ON 6
eO_7 -0.139318 1 1  ON 7
eO_8 0.513465 1 1  ON 8
eO_9 6.44894 1 1  ON 9
 size = 10 parameters 
 cusp = 0
 rcut = 10
Parameter     Name      Value
eH_0 -0.335752 1 1  ON 0
eH_1 -0.295754 1 1  ON 1
eH_2 -0.27382 1 1  ON 2
eH_3 -0.226322 1 1  ON 3
eH_4 -0.176979 1 1  ON 4
eH_5 -0.176265 1 1  ON 5
eH_6 -0.189957 1 1  ON 6
eH_7 -0.181647 1 1  ON 7
eH_8 -0.038387 1 1  ON 8
eH_9 0.345305 1 1  ON 9
Parameter     Name      Value
uuO_0 8.22771e-06 1 1  ON 0
uuO_1 2.48082e-06 1 1  ON 1
uuO_2 -5.35407e-06 1 1  ON 2
uuO_3 -1.11264e-05 1 1  ON 3
uuO_4 -2.20801e-06 1 1  ON 4
uuO_5 5.21312e-06 1 1  ON 5
uuO_6 -1.53787e-05 1 1  ON 6
uuO_7 8.89903e-06 1 1  ON 7
uuO_8 6.25726e-06 1 1  ON 8
uuO_9 3.21458e-06 1 1  ON 9
uuO_10 -7.71674e-06 1 1  ON 10
uuO_11 -5.27568e-06 1 1  ON 11
uuO_12 -1.77846e-06 1 1  ON 12
uuO_13 7.92623e-06 1 1  ON 13
uuO_14 1.76741e-06 1 1  ON 14
uuO_15 5.45136e-08 1 1  ON 15
uuO_16 2.80142e-06 1 1  ON 16
uuO_17 4.57728e-06 1 1  ON 17
uuO_18 7.63461e-06 1 1  ON 18
uuO_19 -9.51067e-07 1 1  ON 19
uuO_20 -2.34413e-06 1 1  ON 20
uuO_21 -1.87878e-06 1 1  ON 21
uuO_22 3.93736e-07 1 1  ON 22
uuO_23 5.06535e-07 1 1  ON 23
uuO_24 5.08672e-07 1 1  ON 24
uuO_25 -1.35877e-07 1 1  ON 25
Parameter     Name      Value
udO_0 -6.93953e-06 1 1  ON 0
udO_1 2.63417e-05 1 1  ON 1
udO_2 4.04608e-05 1 1  ON 2
udO_3 -8.00268e-06 1 1  ON 3
udO_4 -5.3968e-06 1 1  ON 4
udO_5 6.69737e-06 1 1  ON 5
udO_6 5.43395e-05 1 1  ON 6
udO_7 -6.33685e-06 1 1  ON 7
udO_8 3.68047e-05 1 1  ON 8
udO_9 -2.99606e-05 1 1  ON 9
udO_10 1.99366e-06 1 1  ON 10
udO_11 -3.22271e-05 1 1  ON 11
udO_12 -8.09167e-06 1 1  ON 12
udO_13 4.15739e-06 1 1  ON 13
udO_14 4.84394e-06 1 1  ON 14
udO_15 3.56365e-07 1 1  ON 15
udO_16 3.78633e-05 1 1  ON 16
udO_17 -1.41834e-05 1 1  ON 17
udO_18 2.28269e-05 1 1  ON 18
udO_19 1.29239e-06 1 1  ON 19
udO_20 -4.93581e-06 1 1  ON 20
udO_21 -3.05254e-06 1 1  ON 21
udO_22 9.87029e-08 1 1  ON 22
udO_23 1.84429e-06 1 1  ON 23
udO_24 2.97056e-07 1 1  ON 24
udO_25 -4.3643e-08 1 1  ON 25
Parameter     Name      Value
uuH_0 1.21983e-05 1 1  ON 0
uuH_1 1.70285e-05 1 1  ON 1
uuH_2 -1.60944e-05 1 1  ON 2
uuH_3 -1.21461e-05 1 1  ON 3
uuH_4 5.89794e-08 1 1  ON 4
uuH_5 -7.84971e-07 1 1  ON 5
uuH_6 7.75018e-06 1 1  ON 6
uuH_7 -2.74556e-05 1 1  ON 7
uuH_8 -1.37775e-05 1 1  ON 8
uuH_9 -1.14428e-05 1 1  ON 9
uuH_10 -1.06388e-05 1 1  ON 10
uuH_11 2.73117e-05 1 1  ON 11
uuH_12 8.30376e-07 1 1  ON 12
uuH_13 1.58423e-05 1 1  ON 13
uuH_14 -2.02534e-06 1 1  ON 14
uuH_15 1.23654e-07 1 1  ON 15
uuH_16 1.05822e-05 1 1  ON 16
uuH_17 1.77824e-05 1 1  ON 17
uuH_18 -2.15364e-05 1 1  ON 18
uuH_19 2.19459e-06 1 1  ON 19
uuH_20 -8.9199e-06 1 1  ON 20
uuH_21 3.22949e-06 1 1  ON 21
uuH_22 -5.14014e-07 1 1  ON 22
uuH_23 2.92814e-06 1 1  ON 23
uuH_24 -7.97265e-07 1 1  ON 24
uuH_25 1.41116e-07 1 1  ON 25
Parameter     Name      Value
udH_0 -2.54349e-06 1 1  ON 0
udH_1 -8.33732e-06 1 1  ON 1
udH_2 3.04386e-06 1 1  ON 2
udH_3 -3.54249e-06 1 1  ON 3
udH_4 -2.70133e-06 1 1  ON 4
udH_5 1.45878e-06 1 1  ON 5
udH_6 7.95043e-06 1 1  ON 6
udH_7 -1.87033e-05 1 1  ON 7
udH_8 -2.24168e-06 1 1  ON 8
udH_9 -4.86877e-06 1 1  ON 9
udH_10 -6.17441e-06 1 1  ON 10
udH_11 1.51731e-05 1 1  ON 11
udH_12 -9.52902e-07 1 1  ON 12
udH_13 9.6868e-06 1 1  ON 13
udH_14 -1.64005e-06 1 1  ON 14
udH_15 2.57667e-07 1 1  ON 15
udH_16 1.39257e-05 1 1  ON 16
udH_17 8.67619e-06 1 1  ON 17
udH_18 -1.64788e-05 1 1  ON 18
udH_19 2.49493e-06 1 1  ON 19
udH_20 -7.72623e-06 1 1  ON 20
udH_21 3.43106e-06 1 1  ON 21
udH_22 -6.6016e-07 1 1  ON 22
udH_23 2.3902e-06 1 1  ON 23
udH_24 -9.16932e-07 1 1  ON 24
udH_25 1.90216e-07 1 1  ON 25
  QMCHamiltonian::addOperator Kinetic to H, physical Hamiltonian 
  QMCHamiltonian::addOperator ElecElec to H, physical Hamiltonian 
QMCHamiltonian::addOperatorType added type coulomb named ElecElec

  ECPotential builder for pseudopotential 

  Adding pseudopotential for O
   Linear grid  ri=0 rf=10 npts = 10001
    ECPComponentBuilder::buildSemiLocalAndLocal 
    Assuming Hartree unit
   Number of angular momentum channels 2
   Maximum angular momentum channel 1
   Creating a Linear Grid Rmax=1.31
  Using global grid with delta = 0.001
   Making L=1 a local potential with a radial cutoff of 9.999
    Non-local pseudopotential parameters
    Maximum angular mementum = 0
    Number of non-local channels = 1
       l(0)=0
    Cutoff radius = 1.31
    Spherical grids and weights: 
                        1                 0                 0       0.08333333333
                       -1   1.224646799e-16                 0       0.08333333333
             0.4472135955       0.894427191                 0       0.08333333333
            -0.4472135955      0.7236067977      0.5257311121       0.08333333333
             0.4472135955      0.2763932023      0.8506508084       0.08333333333
            -0.4472135955     -0.2763932023      0.8506508084       0.08333333333
             0.4472135955     -0.7236067977      0.5257311121       0.08333333333
            -0.4472135955      -0.894427191   1.095357397e-16       0.08333333333
             0.4472135955     -0.7236067977     -0.5257311121       0.08333333333
            -0.4472135955     -0.2763932023     -0.8506508084       0.08333333333
             0.4472135955      0.2763932023     -0.8506508084       0.08333333333
            -0.4472135955      0.7236067977     -0.5257311121       0.08333333333
    Maximum cutoff radius 1.31

  Adding pseudopotential for H
   Linear grid  ri=0 rf=10 npts = 10001
    ECPComponentBuilder::buildSemiLocalAndLocal 
    Assuming Hartree unit
    Only one vps is found. Set the local component=0
   Number of angular momentum channels 1
   Maximum angular momentum channel 0
   Creating a Linear Grid Rmax=1.17
  Using global grid with delta = 0.001
   Making L=0 a local potential with a radial cutoff of 9.999
  QMCHamiltonian::addOperator LocalECP to H, physical Hamiltonian 

  Using NonLocalECP potential 
    Maximum grid on a sphere for NonLocalECPotential: 12
  QMCHamiltonian::addOperator NonLocalECP to H, physical Hamiltonian 
QMCHamiltonian::addOperatorType added type pseudo named ELEMENT-ECP

  Distance table for similar particles (A-A):
    source/target: ion0
    Using structure-of-arrays (SoA) data layout
    Distance computations use open boundary conditions in 3D.

  QMCHamiltonian::addOperator IonIon to H, physical Hamiltonian 
QMCHamiltonian::addOperatorType added type coulomb named IonIon

  QMCHamiltonian::add2WalkerProperty added
    5 to P::PropertyList 
    0 to P::Collectables 
    starting Index of the observables in P::PropertyList = 9
<init source="ion0" target="e">
</init>
ParticleSetPool::randomize 
  Initialization Execution time = 4.096 secs
=========================================================
 Summary of QMC systems 
=========================================================
ParticleSetPool has: 

  ParticleSet e : 0 4 8 

    8

    u -1.0956745770e-01  1.0379886800e-01  7.0792851479e-01
    u  5.7655823734e-01  2.8802363206e-01  3.2949203504e-01
    u  4.4998464660e-01  4.0652962346e-02 -5.6551142279e-01
    u  1.8667141082e-01 -1.6658470344e+00  1.7665515674e+00
    d  2.9491655113e-01 -5.2025827708e-01 -4.0779598801e-01
    d -6.8604208079e-01 -6.4399135202e-02  2.2167776074e-01
    d  4.0076373060e-01 -2.3910803852e-01  5.5331527449e-01
    d  4.6428560846e-01  8.7605186106e-01  1.0832185406e+00

  ParticleSet ion0 : 0 1 3 

    3

    O  0.0000000000e+00  0.0000000000e+00  0.0000000000e+00
    H  0.0000000000e+00 -1.4308249289e+00  1.1078707576e+00
    H  0.0000000000e+00  1.4308249289e+00  1.1078707576e+00

  Hamiltonian h0
  Kinetic         Kinetic energy
  ElecElec        CoulombAA source/target e

  LocalECP        LocalECPotential: ion0
  NonLocalECP     NonLocalECPotential: ion0
  IonIon          CoulombAA source/target ion0


=========================================================
  Start VMC
  File Root H2O.s001 append = no 
=========================================================
  Adding 4 walkers to 0 existing sets
  Total number of walkers: 8.7040000000e+03
  Total weight: 8.7040000000e+03
  Resetting Properties of the walkers 1 x 14

<vmc function="put">
  qmc_counter=0  my_counter=0
  time step      = 3.0000000000e-01
  blocks         = 1
  steps          = 64
  substeps       = 5
  current        = 0
  target samples = 5.5705600000e+05
  walkers/mpi    = 4

  stepsbetweensamples = 1
<parameter name="blocks" condition="int">1</parameter>
<parameter name="blocks_between_recompute" condition="int">0</parameter>
<parameter name="check_properties" condition="int">100</parameter>
<parameter name="checkproperties" condition="int">100</parameter>
<parameter name="current" condition="int">0</parameter>
<parameter name="dmcwalkersperthread" condition="real">6.4000000000e+01</parameter>
<parameter name="maxcpusecs" condition="real">3.6000000000e+05</parameter>
<parameter name="record_configs" condition="int">0</parameter>
<parameter name="record_walkers" condition="int">1</parameter>
<parameter name="recordconfigs" condition="int">0</parameter>
<parameter name="recordwalkers" condition="int">1</parameter>
<parameter name="rewind" condition="int">0</parameter>
<parameter name="samples" condition="real">5.5705600000e+05</parameter>
<parameter name="samplesperthread" condition="real">6.4000000000e+01</parameter>
<parameter name="steps" condition="int">64</parameter>
<parameter name="stepsbetweensamples" condition="int">1</parameter>
<parameter name="store_configs" condition="int">0</parameter>
<parameter name="storeconfigs" condition="int">0</parameter>
<parameter name="sub_steps" condition="int">5</parameter>
<parameter name="substeps" condition="int">5</parameter>
<parameter name="tau" condition="au">3.0000000000e-01</parameter>
<parameter name="time_step" condition="au">3.0000000000e-01</parameter>
<parameter name="timestep" condition="au">3.0000000000e-01</parameter>
<parameter name="use_drift" condition="string">no</parameter>
<parameter name="usedrift" condition="string">no</parameter>
<parameter name="walkers" condition="int">4</parameter>
<parameter name="warmup_steps" condition="int">100</parameter>
<parameter name="warmupsteps" condition="int">100</parameter>
  DumpConfig==false Nothing (configurations, state) will be saved.
  Walker Samples are dumped every 1 steps.
</vmc>
  CloneManager::makeClones makes 4 clones for W/Psi/H.
  Cloning methods for both Psi and H are used
===== Memory Usage before cloning =====
Available memory on node 0, free + buffers : 86976 MB
Memory footprint by rank 0 on node 0       : 115 MB
==================================================
===== Memory Usage after cloning =====
Available memory on node 0, free + buffers : 86928 MB
Memory footprint by rank 0 on node 0       : 118 MB
==================================================
  Initial partition of walkers 0 1 2 3 4 

  Using Particle by Particle moves
  Walker moves without drift
  Total Sample Size   =557056
  Walker distribution on root = 0 1 2 3 4 
  Using Locality Approximation
===== Memory Usage after the buffer registration =====
Available memory on node 0, free + buffers : 85523 MB
Memory footprint by rank 0 on node 0       : 138 MB
==================================================
  Anonymous Buffer size per walker : 2912 Bytes.
MEMORY increase 0 MB VMC::resetRun
====================================================
  SimpleFixedNodeBranch::finalize after a VMC block
    QMC counter        = 0
    time step          = 0.3
    reference energy   = -17.2486
    reference variance = 0.254379
====================================================
  QMC Execution time = 2.1293e+00 secs

=========================================================
  Start DMC
  File Root H2O.s002 append = no 
=========================================================
Using existing walkers 
  Resetting Properties of the walkers 1 x 14
  EstimatorManagerBase::add replace LocalEnergy estimator.
  Cannot make clones again. Use existing 4 clones
  Total number of walkers: 5.5706e+05
  Total weight: 5.5706e+05
  Creating WalkerController: target  number of walkers = 557056
  Using WalkerControlMPI for dynamic population control.
  START ALL OVER 
  WalkerControlBase parameters 
    maxCopy = 2
    Max Walkers per MPI rank 513
    Min Walkers per MPI rank 52
    Using non-blocking send/recv
  QMC counter      = 1
  time step        = 5.0000e-03
  effective time step = 5.0000e-03
  trial energy     = -1.7249e+01
  reference energy = -1.7249e+01
  Feedback = 1.0000e+00
  reference variance = 2.5438e-01
  target walkers = 557056
  branching cutoff scheme classic
  branch cutoff = 5.0000e+01 7.5000e+01
  Max and minimum walkers per node= 513 52
  QMC Status (BranchMode) = 0000001101
  Initial partition of walkers on a node: 0 64 128 192 256 
  Updates by particle-by-particle moves
  DMC moves are rejected when a node crossing is detected
  Using Non-local T-moves v0, M. Casula, PRB 74, 161102(R) (2006)
===== Memory Usage after the buffer registration =====
Available memory on node 0, free + buffers : 85470 MB
Memory footprint by rank 0 on node 0       : 140 MB
==================================================
SimpleFixedNodeBranch::checkParameters 
  Average Energy of a population  = -17.2473
  Energy Variance = 0.241009

  Fluctuating population
  Persistent walkers are killed after 1 MC sweeps
  BranchInterval = 1
  Steps per block = 3
  Number of blocks = 100

  DMC Engine Initialization = 1.7429e-01 secs

 Warmup is completed after 100

  TauEff     = 4.9775e-03
 TauEff/Tau = 9.9551e-01
  Etrial     = -1.7272e+01
 Running average of energy = -1.7257e+01
                  Variance = 2.4436e-01
branch cutoff = 1.0000e+01 1.5000e+01
====================================================
  SimpleFixedNodeBranch::finalize after a DMC block
    QMC counter                   = 1
    time step                     = 0.005
    effective time step           = 0.00497759
    trial energy                  = -17.2601
    reference energy              = -17.2607
    reference variance            = 0.244362
    target walkers                = 557056
    branch cutoff                 = 10 15
    Max and minimum walkers per node= 513 52
    Feedback                      = 1
    QMC Status (BranchMode)       = 0000001111
====================================================
  QMC Execution time = 7.1074e+01 secs
  Total Execution time = 7.3251e+01 secs

=========================================================
  A new xml input file : H2O.s002.cont.xml
Experiment data directory written:
/global/project/projectdirs/m3231/yijia/cook/mpi/QMCPACK/testrun/qmcpack+pat+179213-10627t
Sat Jan 23 12:44:41 PST 2021
