CrayPat/X:  Version 7.1.1 Revision 7c0ddd79b  08/19/19 16:58:46
# Create System:
# Done .... 
# miniMD-Reference 2.0 (MPI+OpenMP) output ...
# Run Settings: 
	# MPI processes: 2176
	# OpenMP threads: 1
	# Inputfile: in.lj.miniMD
	# Datafile: None
# Physics Settings: 
	# ForceStyle: LJ
	# Force Parameters: 1.00 1.00
	# Units: LJ
	# Atoms: 131072
	# Atom types: 4
	# System size: 53.75 53.75 53.75 (unit cells: 32 32 32)
	# Density: 0.844200
	# Force cutoff: 2.500000
	# Timestep size: 0.005000
# Technical Settings: 
	# Neigh cutoff: 2.800000
	# Half neighborlists: 1
	# Neighbor bins: 26 26 26
	# Neighbor frequency: 20
	# Sorting frequency: 20
	# Thermo frequency: 100
	# Ghost Newton: 1
	# Use intrinsics: 0
	# Do safe exchange: 0
	# Size of float: 8

# Starting dynamics ...
# Timestep T U P Time
0 1.440000e+00 -6.773368e+00 -5.019679e+00  0.000
100 8.200911e-01 -5.852702e+00 -1.873921e-01  0.091
200 7.961535e-01 -5.816327e+00 -6.868325e-02  0.178
300 7.696508e-01 -5.776549e+00 1.234609e-01  0.259
400 7.708161e-01 -5.778761e+00 1.279987e-01  0.341
500 7.606938e-01 -5.763822e+00 2.414134e-01  0.427
600 7.495016e-01 -5.746694e+00 3.220478e-01  0.517
700 7.371015e-01 -5.727807e+00 4.142582e-01  0.602
800 7.290159e-01 -5.715419e+00 4.844715e-01  0.685
900 7.231168e-01 -5.706405e+00 5.501956e-01  0.767
1000 7.184194e-01 -5.698947e+00 5.898748e-01  0.849
1100 7.103937e-01 -5.686658e+00 6.539019e-01  0.930
1200 7.055633e-01 -5.679155e+00 6.964406e-01  1.014
1300 7.057084e-01 -5.679245e+00 6.965276e-01  1.097
1400 7.034035e-01 -5.675697e+00 7.149956e-01  1.180
1500 7.009658e-01 -5.671931e+00 7.246405e-01  1.261
1600 6.996734e-01 -5.669859e+00 7.348971e-01  1.342
1700 6.993245e-01 -5.669316e+00 7.363590e-01  1.424
1800 6.978983e-01 -5.667176e+00 7.446139e-01  1.509
1900 6.980484e-01 -5.667394e+00 7.470811e-01  1.590
2000 6.972937e-01 -5.666219e+00 7.525674e-01  1.671
2100 6.964786e-01 -5.665111e+00 7.559614e-01  1.752
2200 6.986141e-01 -5.668277e+00 7.373470e-01  1.832
2300 6.980772e-01 -5.667557e+00 7.464387e-01  1.915
2400 6.970171e-01 -5.665861e+00 7.542668e-01  1.998
2500 6.977416e-01 -5.667028e+00 7.455826e-01  2.079
2600 6.981552e-01 -5.667710e+00 7.432804e-01  2.160
2700 6.996723e-01 -5.670005e+00 7.355788e-01  2.239
2800 6.978187e-01 -5.667230e+00 7.429241e-01  2.319
2900 6.981515e-01 -5.667697e+00 7.469348e-01  2.402
3000 6.978202e-01 -5.667241e+00 7.437753e-01  2.489
3100 6.980779e-01 -5.667612e+00 7.397107e-01  2.569
3200 6.983006e-01 -5.667968e+00 7.363288e-01  2.649
3300 6.963048e-01 -5.664817e+00 7.581264e-01  2.730
3400 6.976653e-01 -5.667018e+00 7.449225e-01  2.810
3500 6.981112e-01 -5.667598e+00 7.452803e-01  2.896
3600 6.972662e-01 -5.666449e+00 7.456621e-01  2.979
3700 6.975150e-01 -5.666781e+00 7.452034e-01  3.060
3800 6.980393e-01 -5.667684e+00 7.427770e-01  3.142
3900 6.964759e-01 -5.665280e+00 7.503379e-01  3.224
4000 6.982758e-01 -5.668051e+00 7.423284e-01  3.307
4100 6.958993e-01 -5.664469e+00 7.606774e-01  3.390
4200 6.991005e-01 -5.669342e+00 7.357309e-01  3.471
4300 6.980535e-01 -5.667734e+00 7.479275e-01  3.553
4400 6.993129e-01 -5.669681e+00 7.402794e-01  3.635
4500 6.982726e-01 -5.668182e+00 7.419198e-01  3.726
4600 6.958929e-01 -5.664452e+00 7.560792e-01  3.811
4700 6.983923e-01 -5.668275e+00 7.452289e-01  3.895
4800 6.981890e-01 -5.668004e+00 7.424056e-01  3.977
4900 6.967959e-01 -5.665980e+00 7.485690e-01  4.059
5000 6.970010e-01 -5.666140e+00 7.529436e-01  4.141
5100 6.968796e-01 -5.666108e+00 7.508884e-01  4.222
5200 6.999973e-01 -5.670895e+00 7.344567e-01  4.309
5300 6.989391e-01 -5.669130e+00 7.412603e-01  4.391
5400 6.980453e-01 -5.667868e+00 7.398351e-01  4.473
5500 6.985602e-01 -5.668768e+00 7.366102e-01  4.554
5600 6.976577e-01 -5.667285e+00 7.435534e-01  4.635
5700 6.979043e-01 -5.667678e+00 7.479666e-01  4.718
5800 6.980944e-01 -5.667914e+00 7.409233e-01  4.802
5900 6.964866e-01 -5.665641e+00 7.494947e-01  4.884
6000 6.980049e-01 -5.667760e+00 7.446426e-01  4.967
6100 6.968691e-01 -5.666096e+00 7.519464e-01  5.049
6200 6.976441e-01 -5.667327e+00 7.559817e-01  5.131
6300 6.963067e-01 -5.665327e+00 7.607904e-01  5.215
6400 6.961845e-01 -5.665156e+00 7.588570e-01  5.298
6500 6.979194e-01 -5.667828e+00 7.492934e-01  5.386
6600 6.985344e-01 -5.668883e+00 7.361346e-01  5.468
6700 6.982579e-01 -5.668178e+00 7.421353e-01  5.549
6800 6.964466e-01 -5.665451e+00 7.576734e-01  5.631
6900 6.989203e-01 -5.669302e+00 7.367773e-01  5.717
7000 6.987035e-01 -5.669049e+00 7.400607e-01  5.799
7100 6.968102e-01 -5.666203e+00 7.563295e-01  5.881
7200 6.981972e-01 -5.668389e+00 7.420914e-01  5.964
7300 6.963880e-01 -5.665624e+00 7.559805e-01  6.047
7400 6.977636e-01 -5.667616e+00 7.510578e-01  6.132
7500 6.983409e-01 -5.668502e+00 7.389044e-01  6.213
7600 6.968771e-01 -5.666376e+00 7.501722e-01  6.294
7700 6.988219e-01 -5.669275e+00 7.358929e-01  6.376
7800 6.978118e-01 -5.667691e+00 7.481302e-01  6.458
7900 6.977269e-01 -5.667528e+00 7.410974e-01  6.540
8000 6.964828e-01 -5.665797e+00 7.477226e-01  6.624
8100 6.983436e-01 -5.668660e+00 7.323881e-01  6.707
8200 6.944736e-01 -5.662657e+00 7.614909e-01  6.789
8300 6.969059e-01 -5.666441e+00 7.455375e-01  6.871
8400 6.987864e-01 -5.669462e+00 7.373165e-01  6.952
8500 6.974084e-01 -5.667345e+00 7.447098e-01  7.034
8600 6.986360e-01 -5.669089e+00 7.325147e-01  7.128
8700 6.979639e-01 -5.668084e+00 7.418697e-01  7.211
8800 6.980508e-01 -5.668287e+00 7.385423e-01  7.295
8900 6.980283e-01 -5.668264e+00 7.418845e-01  7.378
9000 6.992477e-01 -5.670256e+00 7.310462e-01  7.460
9100 6.966063e-01 -5.666196e+00 7.534134e-01  7.546
9200 6.980797e-01 -5.668493e+00 7.405024e-01  7.629
9300 6.987362e-01 -5.669335e+00 7.367965e-01  7.713
9400 6.965005e-01 -5.665978e+00 7.506144e-01  7.795
9500 6.969389e-01 -5.666615e+00 7.498608e-01  7.876
9600 6.972085e-01 -5.667083e+00 7.457892e-01  7.958
9700 6.967541e-01 -5.666444e+00 7.538974e-01  8.043
9800 6.970612e-01 -5.667029e+00 7.464567e-01  8.127
9900 6.948682e-01 -5.663750e+00 7.660562e-01  8.209
10000 6.963070e-01 -5.665894e+00 7.516626e-01  8.290
10100 6.970768e-01 -5.666899e+00 7.508172e-01  8.371
10200 6.971578e-01 -5.667058e+00 7.470980e-01  8.457
10300 6.963596e-01 -5.666014e+00 7.481446e-01  8.540
10400 6.957422e-01 -5.665047e+00 7.553323e-01  8.620
10500 6.961067e-01 -5.665582e+00 7.512910e-01  8.701
10600 6.969227e-01 -5.666899e+00 7.424598e-01  8.783
10700 6.957631e-01 -5.665132e+00 7.520296e-01  8.865
10800 6.960930e-01 -5.665724e+00 7.501918e-01  8.952
10900 6.962195e-01 -5.665883e+00 7.495411e-01  9.035
11000 6.984139e-01 -5.669108e+00 7.408085e-01  9.116
11100 6.978217e-01 -5.668197e+00 7.373244e-01  9.197
11200 6.971984e-01 -5.667307e+00 7.460637e-01  9.279
11300 6.986005e-01 -5.669498e+00 7.389209e-01  9.361
11400 6.962476e-01 -5.665930e+00 7.531982e-01  9.445
11500 7.004160e-01 -5.672179e+00 7.247252e-01  9.526
11600 6.983699e-01 -5.669075e+00 7.336164e-01  9.606
11700 6.990443e-01 -5.670158e+00 7.301638e-01  9.688
11800 6.969155e-01 -5.667056e+00 7.459465e-01  9.771
11900 6.996301e-01 -5.671109e+00 7.289058e-01  9.854
12000 6.964670e-01 -5.666212e+00 7.520676e-01  9.938
12100 6.998255e-01 -5.671373e+00 7.348624e-01 10.021
12200 6.973218e-01 -5.667613e+00 7.474162e-01 10.110
12300 6.969757e-01 -5.667265e+00 7.402802e-01 10.204
12400 6.969143e-01 -5.667051e+00 7.477237e-01 10.291
12500 6.974672e-01 -5.667908e+00 7.424676e-01 10.378
12600 6.972190e-01 -5.667508e+00 7.490162e-01 10.467
12700 6.966618e-01 -5.666595e+00 7.519547e-01 10.552
12800 6.981446e-01 -5.668905e+00 7.380181e-01 10.646
12900 6.970228e-01 -5.667390e+00 7.420014e-01 10.734
13000 6.974883e-01 -5.668031e+00 7.375684e-01 10.823
13100 6.970780e-01 -5.667501e+00 7.450229e-01 10.906
13200 6.965475e-01 -5.666547e+00 7.460835e-01 10.989
13300 6.973018e-01 -5.667777e+00 7.435693e-01 11.073
13400 6.979032e-01 -5.668739e+00 7.343339e-01 11.155
13500 6.957801e-01 -5.665482e+00 7.504641e-01 11.238
13600 6.959595e-01 -5.665727e+00 7.546564e-01 11.321
13700 6.984268e-01 -5.669567e+00 7.353689e-01 11.403
13800 6.972847e-01 -5.667671e+00 7.414705e-01 11.484
13900 6.967041e-01 -5.666899e+00 7.504616e-01 11.566
14000 6.974710e-01 -5.667955e+00 7.502228e-01 11.648
14100 6.965918e-01 -5.666779e+00 7.478678e-01 11.729
14200 6.956050e-01 -5.665136e+00 7.582684e-01 11.813
14300 6.981287e-01 -5.669109e+00 7.379120e-01 11.898
14400 6.975129e-01 -5.668185e+00 7.417023e-01 11.980
14500 6.965069e-01 -5.666679e+00 7.485644e-01 12.063
14600 6.968082e-01 -5.667344e+00 7.425233e-01 12.144
14700 6.972331e-01 -5.667865e+00 7.441794e-01 12.227
14800 6.974196e-01 -5.668137e+00 7.403659e-01 12.315
14900 6.963149e-01 -5.666406e+00 7.486507e-01 12.396
15000 6.982675e-01 -5.669465e+00 7.356543e-01 12.480
15100 6.982823e-01 -5.669556e+00 7.330881e-01 12.562
15200 6.980834e-01 -5.669088e+00 7.384711e-01 12.645
15300 6.984760e-01 -5.669698e+00 7.305380e-01 12.729
15400 6.976265e-01 -5.668550e+00 7.371963e-01 12.816
15500 6.961457e-01 -5.666226e+00 7.575633e-01 12.898
15600 6.949778e-01 -5.664485e+00 7.571126e-01 12.980
15700 6.971982e-01 -5.667783e+00 7.407480e-01 13.063
15800 6.970461e-01 -5.667683e+00 7.423936e-01 13.146
15900 6.972018e-01 -5.667866e+00 7.428000e-01 13.239
16000 6.940624e-01 -5.663239e+00 7.644362e-01 13.321
16100 6.966011e-01 -5.667009e+00 7.450218e-01 13.403
16200 6.959336e-01 -5.665935e+00 7.513283e-01 13.490
16300 6.969085e-01 -5.667562e+00 7.419106e-01 13.576
16400 6.975918e-01 -5.668540e+00 7.392927e-01 13.664
16500 6.975602e-01 -5.668446e+00 7.411404e-01 13.747
16600 6.991122e-01 -5.670849e+00 7.313951e-01 13.832
16700 6.958562e-01 -5.665945e+00 7.502414e-01 13.914
16800 6.972979e-01 -5.668259e+00 7.427033e-01 14.011
16900 6.981244e-01 -5.669467e+00 7.379354e-01 14.094
17000 6.954677e-01 -5.665352e+00 7.549673e-01 14.181
17100 6.977150e-01 -5.668773e+00 7.398473e-01 14.264
17200 6.978258e-01 -5.669114e+00 7.323837e-01 14.348
17300 6.976489e-01 -5.668676e+00 7.429672e-01 14.431
17400 6.961331e-01 -5.666419e+00 7.531255e-01 14.513
17500 6.976446e-01 -5.668774e+00 7.402351e-01 14.598
17600 6.976830e-01 -5.668805e+00 7.407969e-01 14.681
17700 6.965557e-01 -5.667198e+00 7.441392e-01 14.762
17800 6.985958e-01 -5.670312e+00 7.322314e-01 14.844
17900 6.949493e-01 -5.664842e+00 7.600628e-01 14.927
18000 6.985150e-01 -5.670153e+00 7.307661e-01 15.009
18100 6.974489e-01 -5.668578e+00 7.403266e-01 15.094
18200 6.960223e-01 -5.666453e+00 7.511430e-01 15.177
18300 6.974448e-01 -5.668567e+00 7.405572e-01 15.261
18400 6.964436e-01 -5.667164e+00 7.436774e-01 15.344
18500 6.986543e-01 -5.670477e+00 7.279819e-01 15.427
18600 6.956216e-01 -5.665900e+00 7.496359e-01 15.510
18700 6.981621e-01 -5.669626e+00 7.376706e-01 15.596
18800 6.949976e-01 -5.664926e+00 7.588710e-01 15.681
18900 6.958087e-01 -5.666237e+00 7.516704e-01 15.763
19000 6.968203e-01 -5.667581e+00 7.438838e-01 15.845
19100 6.967802e-01 -5.667562e+00 7.462853e-01 15.927
19200 6.975313e-01 -5.668670e+00 7.452117e-01 16.013
19300 6.964648e-01 -5.667204e+00 7.455310e-01 16.097
19400 6.959894e-01 -5.666435e+00 7.463775e-01 16.178
19500 6.963063e-01 -5.666930e+00 7.476271e-01 16.260
19600 6.966145e-01 -5.667530e+00 7.456049e-01 16.343
19700 6.965161e-01 -5.667393e+00 7.476491e-01 16.427
19800 6.970452e-01 -5.668200e+00 7.434572e-01 16.513
19900 6.979096e-01 -5.669467e+00 7.346942e-01 16.596
20000 6.957116e-01 -5.666227e+00 7.469978e-01 16.680
20100 6.965496e-01 -5.667432e+00 7.460359e-01 16.763
20200 6.982735e-01 -5.670060e+00 7.358465e-01 16.844
20300 6.976386e-01 -5.669191e+00 7.349406e-01 16.930
20400 6.961138e-01 -5.666944e+00 7.427244e-01 17.014
20500 6.978051e-01 -5.669447e+00 7.391639e-01 17.105
20600 6.978740e-01 -5.669712e+00 7.355029e-01 17.190
20700 6.961318e-01 -5.666915e+00 7.449122e-01 17.276
20800 6.963115e-01 -5.667079e+00 7.452690e-01 17.358
20900 6.974927e-01 -5.668928e+00 7.382460e-01 17.445
21000 6.966514e-01 -5.667712e+00 7.442742e-01 17.528
21100 6.975158e-01 -5.669066e+00 7.393768e-01 17.611
21200 6.960629e-01 -5.666988e+00 7.414553e-01 17.696
21300 6.979583e-01 -5.669778e+00 7.321567e-01 17.778
21400 6.957298e-01 -5.666362e+00 7.496669e-01 17.862
21500 6.973729e-01 -5.668837e+00 7.366337e-01 17.947
21600 6.965702e-01 -5.667672e+00 7.457702e-01 18.031
21700 6.958683e-01 -5.666665e+00 7.504462e-01 18.117
21800 6.973989e-01 -5.669037e+00 7.317650e-01 18.199
21900 6.962125e-01 -5.667119e+00 7.493469e-01 18.282
22000 6.949388e-01 -5.665326e+00 7.521759e-01 18.369
22100 6.957507e-01 -5.666415e+00 7.534008e-01 18.454
22200 6.983039e-01 -5.670329e+00 7.298181e-01 18.537
22300 6.972464e-01 -5.668808e+00 7.425644e-01 18.619
22400 6.979398e-01 -5.669732e+00 7.362841e-01 18.700
22500 6.973696e-01 -5.669097e+00 7.326998e-01 18.784
22600 6.956382e-01 -5.666393e+00 7.518949e-01 18.867
22700 6.972301e-01 -5.668761e+00 7.427280e-01 18.950
22800 6.974715e-01 -5.669141e+00 7.370112e-01 19.033
22900 6.957123e-01 -5.666555e+00 7.474079e-01 19.116
23000 6.953322e-01 -5.665944e+00 7.500941e-01 19.198
23100 6.964120e-01 -5.667633e+00 7.404556e-01 19.284
23200 6.968342e-01 -5.668273e+00 7.387458e-01 19.367
23300 6.973362e-01 -5.669128e+00 7.338964e-01 19.450
23400 6.971877e-01 -5.668792e+00 7.390022e-01 19.533
23500 6.976540e-01 -5.669528e+00 7.340780e-01 19.615
23600 6.979411e-01 -5.669986e+00 7.317364e-01 19.697
23700 6.968478e-01 -5.668315e+00 7.389596e-01 19.782
23800 6.949023e-01 -5.665474e+00 7.570384e-01 19.866
23900 6.960752e-01 -5.667224e+00 7.444663e-01 19.948
24000 6.965668e-01 -5.667859e+00 7.414866e-01 20.031
24100 6.972411e-01 -5.668995e+00 7.393143e-01 20.116
24200 6.962279e-01 -5.667475e+00 7.424422e-01 20.207
24300 6.969487e-01 -5.668499e+00 7.482808e-01 20.293
24400 6.954570e-01 -5.666369e+00 7.446426e-01 20.376
24500 6.974076e-01 -5.669193e+00 7.386765e-01 20.460
24600 6.958878e-01 -5.667142e+00 7.406361e-01 20.544
24700 6.958734e-01 -5.667051e+00 7.478887e-01 20.627
24800 6.967033e-01 -5.668362e+00 7.434707e-01 20.713
24900 6.957096e-01 -5.666872e+00 7.431477e-01 20.797
25000 6.959676e-01 -5.667268e+00 7.474578e-01 20.880
25100 6.969174e-01 -5.668649e+00 7.417567e-01 20.964
25200 6.954567e-01 -5.666390e+00 7.551967e-01 21.047
25300 6.951280e-01 -5.665952e+00 7.534621e-01 21.129
25400 6.968468e-01 -5.668499e+00 7.409321e-01 21.215
25500 6.955772e-01 -5.666810e+00 7.450467e-01 21.300
25600 6.974650e-01 -5.669430e+00 7.400177e-01 21.382
25700 6.970468e-01 -5.668957e+00 7.397136e-01 21.464
25800 6.954031e-01 -5.666354e+00 7.493042e-01 21.546
25900 6.968962e-01 -5.668696e+00 7.403859e-01 21.631
26000 6.979183e-01 -5.670330e+00 7.332389e-01 21.714
26100 6.941926e-01 -5.664826e+00 7.514829e-01 21.797
26200 6.957920e-01 -5.667135e+00 7.425776e-01 21.879
26300 6.965418e-01 -5.668263e+00 7.395712e-01 21.961
26400 6.958395e-01 -5.667103e+00 7.441387e-01 22.043
26500 6.957301e-01 -5.667029e+00 7.425618e-01 22.129
26600 6.961872e-01 -5.667704e+00 7.450891e-01 22.212
26700 6.960690e-01 -5.667662e+00 7.394396e-01 22.295
26800 6.957790e-01 -5.667297e+00 7.414036e-01 22.377
26900 6.955770e-01 -5.666849e+00 7.468250e-01 22.458
27000 6.960383e-01 -5.667573e+00 7.400244e-01 22.541
27100 6.940274e-01 -5.664450e+00 7.547050e-01 22.626
27200 6.966824e-01 -5.668545e+00 7.401997e-01 22.709
27300 6.955041e-01 -5.666825e+00 7.468875e-01 22.790
27400 6.960032e-01 -5.667575e+00 7.420273e-01 22.872
27500 6.972700e-01 -5.669572e+00 7.290228e-01 22.954
27600 6.961824e-01 -5.667822e+00 7.401768e-01 23.041
27700 6.955151e-01 -5.666839e+00 7.463606e-01 23.127
27800 6.957094e-01 -5.667175e+00 7.478763e-01 23.210
27900 6.965010e-01 -5.668275e+00 7.372714e-01 23.292
28000 6.964616e-01 -5.668327e+00 7.401090e-01 23.374
28100 6.948176e-01 -5.665842e+00 7.462919e-01 23.456
28200 6.965253e-01 -5.668416e+00 7.360293e-01 23.542
28300 6.965702e-01 -5.668527e+00 7.357452e-01 23.624
28400 6.949168e-01 -5.666021e+00 7.490634e-01 23.705
28500 6.957167e-01 -5.667256e+00 7.492001e-01 23.788
28600 6.972185e-01 -5.669586e+00 7.334046e-01 23.869
28700 6.953193e-01 -5.666669e+00 7.440187e-01 23.952
28800 6.968788e-01 -5.669064e+00 7.344171e-01 24.037
28900 6.976373e-01 -5.670280e+00 7.342969e-01 24.118
29000 6.953111e-01 -5.666711e+00 7.460684e-01 24.200
29100 6.959594e-01 -5.667666e+00 7.417450e-01 24.282
29200 6.954499e-01 -5.666916e+00 7.448737e-01 24.365
29300 6.952655e-01 -5.666576e+00 7.451245e-01 24.451
29400 6.965533e-01 -5.668671e+00 7.328149e-01 24.535
29500 6.951445e-01 -5.666622e+00 7.477800e-01 24.617
29600 6.965112e-01 -5.668649e+00 7.408068e-01 24.700
29700 6.959913e-01 -5.667839e+00 7.425913e-01 24.781
29800 6.955475e-01 -5.667178e+00 7.448490e-01 24.865
29900 6.958307e-01 -5.667672e+00 7.435777e-01 24.952
30000 6.959944e-01 -5.667887e+00 7.444266e-01 25.036
30100 6.967488e-01 -5.668999e+00 7.334109e-01 25.117
30200 6.970182e-01 -5.669365e+00 7.370890e-01 25.199
30300 6.969221e-01 -5.669324e+00 7.341941e-01 25.280
30400 6.957179e-01 -5.667535e+00 7.433076e-01 25.363
30500 6.953018e-01 -5.666944e+00 7.407381e-01 25.449
30600 6.971122e-01 -5.669603e+00 7.349563e-01 25.535
30700 6.973599e-01 -5.670042e+00 7.335874e-01 25.617
30800 6.964401e-01 -5.668705e+00 7.372027e-01 25.698
30900 6.972030e-01 -5.669928e+00 7.297497e-01 25.780
31000 6.961292e-01 -5.668317e+00 7.396742e-01 25.865
31100 6.975893e-01 -5.670383e+00 7.384672e-01 25.950
31200 6.962060e-01 -5.668354e+00 7.448613e-01 26.033
31300 6.971788e-01 -5.669897e+00 7.309887e-01 26.117
31400 6.956160e-01 -5.667416e+00 7.412706e-01 26.199
31500 6.971905e-01 -5.669830e+00 7.340457e-01 26.281
31600 6.968201e-01 -5.669332e+00 7.403974e-01 26.366
31700 6.962024e-01 -5.668394e+00 7.364150e-01 26.448
31800 6.961231e-01 -5.668340e+00 7.356193e-01 26.530
31900 6.946746e-01 -5.666134e+00 7.499436e-01 26.614
32000 6.974575e-01 -5.670374e+00 7.318598e-01 26.695
32100 6.961355e-01 -5.668322e+00 7.413629e-01 26.776
32200 6.970530e-01 -5.669714e+00 7.345991e-01 26.862
32300 6.965211e-01 -5.668925e+00 7.381146e-01 26.945
32400 6.949170e-01 -5.666574e+00 7.488697e-01 27.028
32500 6.964958e-01 -5.668823e+00 7.349217e-01 27.110
32600 6.952301e-01 -5.667124e+00 7.439734e-01 27.192
32700 6.972012e-01 -5.670089e+00 7.296973e-01 27.275
32800 6.974464e-01 -5.670564e+00 7.252272e-01 27.362
32900 6.966420e-01 -5.669208e+00 7.341494e-01 27.443
33000 6.966177e-01 -5.669224e+00 7.345356e-01 27.525
33100 6.944935e-01 -5.666025e+00 7.490994e-01 27.609
33200 6.954602e-01 -5.667522e+00 7.420161e-01 27.691
33300 6.963898e-01 -5.668916e+00 7.334763e-01 27.776
33400 6.964304e-01 -5.668995e+00 7.332180e-01 27.859
33500 6.967312e-01 -5.669487e+00 7.325734e-01 27.941
33600 6.962012e-01 -5.668687e+00 7.347539e-01 28.024
33700 6.955655e-01 -5.667685e+00 7.439249e-01 28.106
33800 6.955969e-01 -5.667774e+00 7.422380e-01 28.188
33900 6.949480e-01 -5.666816e+00 7.449959e-01 28.277
34000 6.942356e-01 -5.665754e+00 7.477312e-01 28.363
34100 6.963990e-01 -5.668956e+00 7.400987e-01 28.449
34200 6.971169e-01 -5.670081e+00 7.367040e-01 28.533
34300 6.962221e-01 -5.668775e+00 7.364502e-01 28.615
34400 6.976394e-01 -5.670944e+00 7.245333e-01 28.708
34500 6.972790e-01 -5.670373e+00 7.302230e-01 28.793
34600 6.956321e-01 -5.667939e+00 7.389646e-01 28.876
34700 6.977348e-01 -5.671095e+00 7.264130e-01 28.958
34800 6.965908e-01 -5.669389e+00 7.311758e-01 29.041
34900 6.971966e-01 -5.670198e+00 7.298936e-01 29.124
35000 6.977199e-01 -5.671076e+00 7.272405e-01 29.211
35100 6.963444e-01 -5.668952e+00 7.429140e-01 29.293
35200 6.965887e-01 -5.669515e+00 7.319317e-01 29.375
35300 6.953343e-01 -5.667543e+00 7.465222e-01 29.458
35400 6.958993e-01 -5.668541e+00 7.386041e-01 29.540
35500 6.986161e-01 -5.672562e+00 7.193645e-01 29.622
35600 6.958589e-01 -5.668420e+00 7.414892e-01 29.707
35700 6.951452e-01 -5.667286e+00 7.489019e-01 29.793
35800 6.973551e-01 -5.670682e+00 7.294697e-01 29.875
35900 6.958072e-01 -5.668340e+00 7.417860e-01 29.957
36000 6.954770e-01 -5.667953e+00 7.453420e-01 30.039
36100 6.950496e-01 -5.667241e+00 7.486319e-01 30.121
36200 6.972793e-01 -5.670610e+00 7.258323e-01 30.207
36300 6.972636e-01 -5.670595e+00 7.283277e-01 30.289
36400 6.979714e-01 -5.671661e+00 7.237281e-01 30.370
36500 6.957321e-01 -5.668375e+00 7.413189e-01 30.453
36600 6.956154e-01 -5.668126e+00 7.394597e-01 30.534
36700 6.951723e-01 -5.667411e+00 7.429638e-01 30.615
36800 6.958241e-01 -5.668461e+00 7.351889e-01 30.700
36900 6.956439e-01 -5.668307e+00 7.453785e-01 30.783
37000 6.958605e-01 -5.668685e+00 7.347530e-01 30.868
37100 6.953055e-01 -5.667871e+00 7.409499e-01 30.949
37200 6.957666e-01 -5.668441e+00 7.381315e-01 31.034
37300 6.946572e-01 -5.666789e+00 7.456053e-01 31.116
37400 6.961375e-01 -5.669055e+00 7.368254e-01 31.207
37500 6.959215e-01 -5.668794e+00 7.341889e-01 31.293
37600 6.954621e-01 -5.668125e+00 7.400691e-01 31.375
37700 6.958467e-01 -5.668716e+00 7.375998e-01 31.456
37800 6.953545e-01 -5.668056e+00 7.383950e-01 31.538
37900 6.950418e-01 -5.667514e+00 7.389204e-01 31.623
38000 6.955625e-01 -5.668317e+00 7.350753e-01 31.707
38100 6.970886e-01 -5.670438e+00 7.373592e-01 31.789
38200 6.947484e-01 -5.666975e+00 7.470537e-01 31.871
38300 6.967388e-01 -5.670158e+00 7.351423e-01 31.953
38400 6.977242e-01 -5.671711e+00 7.222764e-01 32.036
38500 6.954476e-01 -5.668157e+00 7.407107e-01 32.125
38600 6.952884e-01 -5.668031e+00 7.384601e-01 32.211
38700 6.947766e-01 -5.667051e+00 7.483566e-01 32.297
38800 6.956378e-01 -5.668466e+00 7.335975e-01 32.379
38900 6.956245e-01 -5.668436e+00 7.389494e-01 32.462
39000 6.970186e-01 -5.670556e+00 7.314438e-01 32.548
39100 6.967506e-01 -5.670219e+00 7.298089e-01 32.633
39200 6.964887e-01 -5.669955e+00 7.342508e-01 32.714
39300 6.952920e-01 -5.668068e+00 7.378056e-01 32.797
39400 6.958954e-01 -5.669038e+00 7.343980e-01 32.878
39500 6.936490e-01 -5.665554e+00 7.496571e-01 32.961
39600 6.954460e-01 -5.668359e+00 7.359607e-01 33.048
39700 6.948852e-01 -5.667570e+00 7.451931e-01 33.131
39800 6.975918e-01 -5.671488e+00 7.286628e-01 33.213
39900 6.973381e-01 -5.671214e+00 7.279930e-01 33.295
40000 6.976005e-01 -5.671654e+00 7.223107e-01 33.377
40100 6.941381e-01 -5.666388e+00 7.505279e-01 33.462
40200 6.970679e-01 -5.670902e+00 7.300559e-01 33.547
40300 6.961673e-01 -5.669420e+00 7.396037e-01 33.629
40400 6.963621e-01 -5.669679e+00 7.333183e-01 33.711
40500 6.948906e-01 -5.667575e+00 7.437275e-01 33.802
40600 6.968803e-01 -5.670532e+00 7.335806e-01 33.886
40700 6.966528e-01 -5.670118e+00 7.280387e-01 33.974
40800 6.951926e-01 -5.668079e+00 7.312771e-01 34.060
40900 6.930795e-01 -5.665006e+00 7.504474e-01 34.142
41000 6.959125e-01 -5.669240e+00 7.412200e-01 34.225
41100 6.958185e-01 -5.669116e+00 7.388105e-01 34.308
41200 6.981363e-01 -5.672546e+00 7.203069e-01 34.393
41300 6.962127e-01 -5.669738e+00 7.313470e-01 34.479
41400 6.965268e-01 -5.670228e+00 7.277439e-01 34.563
41500 6.955680e-01 -5.668695e+00 7.359949e-01 34.646
41600 6.970267e-01 -5.670941e+00 7.324466e-01 34.728
41700 6.927440e-01 -5.664500e+00 7.556883e-01 34.810
41800 6.952053e-01 -5.668248e+00 7.382911e-01 34.896
41900 6.957142e-01 -5.668929e+00 7.387007e-01 34.981
42000 6.976062e-01 -5.671801e+00 7.213206e-01 35.065
42100 6.953275e-01 -5.668488e+00 7.396919e-01 35.147
42200 6.942402e-01 -5.666776e+00 7.434580e-01 35.232
42300 6.944801e-01 -5.667184e+00 7.407352e-01 35.315
42400 6.953296e-01 -5.668544e+00 7.375415e-01 35.403
42500 6.931994e-01 -5.665307e+00 7.489502e-01 35.486
42600 6.940649e-01 -5.666613e+00 7.493818e-01 35.581
42700 6.954171e-01 -5.668741e+00 7.395106e-01 35.670
42800 6.945086e-01 -5.667330e+00 7.473743e-01 35.756
42900 6.944281e-01 -5.667120e+00 7.472585e-01 35.843
43000 6.958686e-01 -5.669326e+00 7.305602e-01 35.928
43100 6.942857e-01 -5.666912e+00 7.427810e-01 36.011
43200 6.959607e-01 -5.669532e+00 7.299075e-01 36.094
43300 6.944498e-01 -5.667211e+00 7.401047e-01 36.178
43400 6.973417e-01 -5.671572e+00 7.232803e-01 36.261
43500 6.969056e-01 -5.670941e+00 7.307651e-01 36.347
43600 6.953231e-01 -5.668638e+00 7.371028e-01 36.430
43700 6.938915e-01 -5.666402e+00 7.481170e-01 36.512
43800 6.962977e-01 -5.670111e+00 7.266321e-01 36.599
43900 6.958653e-01 -5.669434e+00 7.342546e-01 36.681
44000 6.958211e-01 -5.669480e+00 7.349429e-01 36.769
44100 6.953988e-01 -5.668907e+00 7.396949e-01 36.853
44200 6.972792e-01 -5.671727e+00 7.230542e-01 36.936
44300 6.953449e-01 -5.668805e+00 7.361168e-01 37.022
44400 6.961766e-01 -5.670070e+00 7.248280e-01 37.105
44500 6.949899e-01 -5.668270e+00 7.398989e-01 37.191
44600 6.961893e-01 -5.670149e+00 7.300250e-01 37.278
44700 6.965746e-01 -5.670529e+00 7.303643e-01 37.362
44800 6.957213e-01 -5.669323e+00 7.367397e-01 37.447
44900 6.949796e-01 -5.668227e+00 7.453701e-01 37.530
45000 6.964772e-01 -5.670552e+00 7.270575e-01 37.613
45100 6.950878e-01 -5.668453e+00 7.437510e-01 37.699
45200 6.952736e-01 -5.668790e+00 7.349127e-01 37.784
45300 6.965525e-01 -5.670705e+00 7.291653e-01 37.870
45400 6.950867e-01 -5.668490e+00 7.367854e-01 37.952
45500 6.973245e-01 -5.671902e+00 7.206545e-01 38.036
45600 6.947086e-01 -5.667982e+00 7.432148e-01 38.121
45700 6.963445e-01 -5.670455e+00 7.329773e-01 38.208
45800 6.959723e-01 -5.669992e+00 7.340240e-01 38.298
45900 6.950807e-01 -5.668579e+00 7.400357e-01 38.380
46000 6.975461e-01 -5.672195e+00 7.283138e-01 38.462
46100 6.961260e-01 -5.670131e+00 7.344642e-01 38.545
46200 6.956401e-01 -5.669501e+00 7.330157e-01 38.629
46300 6.933174e-01 -5.665909e+00 7.516029e-01 38.722
46400 6.954492e-01 -5.669149e+00 7.360107e-01 38.805
46500 6.947588e-01 -5.668128e+00 7.399215e-01 38.888
46600 6.960070e-01 -5.670059e+00 7.342344e-01 38.978
46700 6.955820e-01 -5.669469e+00 7.304107e-01 39.070
46800 6.955486e-01 -5.669361e+00 7.318302e-01 39.168
46900 6.956839e-01 -5.669550e+00 7.372632e-01 39.253
47000 6.972093e-01 -5.671868e+00 7.232644e-01 39.336
47100 6.959611e-01 -5.669964e+00 7.307348e-01 39.420
47200 6.960847e-01 -5.670203e+00 7.325432e-01 39.503
47300 6.945946e-01 -5.667897e+00 7.405643e-01 39.587
47400 6.944954e-01 -5.667886e+00 7.423511e-01 39.675
47500 6.970372e-01 -5.671652e+00 7.248102e-01 39.760
47600 6.948538e-01 -5.668454e+00 7.357411e-01 39.844
47700 6.944602e-01 -5.667886e+00 7.370786e-01 39.927
47800 6.958913e-01 -5.670099e+00 7.270426e-01 40.012
47900 6.964124e-01 -5.670750e+00 7.263159e-01 40.099
48000 6.973654e-01 -5.672262e+00 7.212277e-01 40.185
48100 6.949587e-01 -5.668688e+00 7.417790e-01 40.268
48200 6.952677e-01 -5.669124e+00 7.369167e-01 40.354
48300 6.955164e-01 -5.669394e+00 7.361047e-01 40.437
48400 6.945021e-01 -5.667923e+00 7.429754e-01 40.525
48500 6.955371e-01 -5.669465e+00 7.346511e-01 40.614
48600 6.960295e-01 -5.670349e+00 7.287373e-01 40.697
48700 6.962576e-01 -5.670673e+00 7.299916e-01 40.786
48800 6.961925e-01 -5.670534e+00 7.309217e-01 40.868
48900 6.943976e-01 -5.667937e+00 7.394927e-01 40.950
49000 6.961318e-01 -5.670533e+00 7.271872e-01 41.039
49100 6.956844e-01 -5.669803e+00 7.304779e-01 41.124
49200 6.945980e-01 -5.668212e+00 7.345096e-01 41.208
49300 6.984821e-01 -5.674075e+00 7.129667e-01 41.293
49400 6.947977e-01 -5.668486e+00 7.414499e-01 41.376
49500 6.953171e-01 -5.669306e+00 7.390658e-01 41.464
49600 6.918480e-01 -5.664142e+00 7.563469e-01 41.550
49700 6.937308e-01 -5.667073e+00 7.396783e-01 41.638
49800 6.944235e-01 -5.668075e+00 7.363097e-01 41.722
49900 6.947292e-01 -5.668525e+00 7.386491e-01 41.805
50000 6.966040e-01 -5.671358e+00 7.286047e-01 41.890
50100 6.954067e-01 -5.669497e+00 7.338902e-01 41.976
50200 6.948408e-01 -5.668707e+00 7.364644e-01 42.062
50300 6.953272e-01 -5.669444e+00 7.318821e-01 42.145
50400 6.958062e-01 -5.670233e+00 7.281701e-01 42.228
50500 6.975691e-01 -5.672934e+00 7.185613e-01 42.315
50600 6.959510e-01 -5.670478e+00 7.280464e-01 42.408
50700 6.939553e-01 -5.667447e+00 7.476398e-01 42.496
50800 6.947406e-01 -5.668756e+00 7.330592e-01 42.582
50900 6.946834e-01 -5.668519e+00 7.388163e-01 42.665
51000 6.947344e-01 -5.668709e+00 7.401497e-01 42.749
51100 6.968549e-01 -5.671791e+00 7.237871e-01 42.836
51200 6.950310e-01 -5.669126e+00 7.401996e-01 42.927
51300 6.952433e-01 -5.669434e+00 7.360481e-01 43.013
51400 6.955161e-01 -5.669882e+00 7.338567e-01 43.096
51500 6.943816e-01 -5.668241e+00 7.374430e-01 43.180
51600 6.959044e-01 -5.670338e+00 7.350832e-01 43.263
51700 6.948962e-01 -5.668981e+00 7.361958e-01 43.347
51800 6.940314e-01 -5.667701e+00 7.410732e-01 43.439
51900 6.951587e-01 -5.669385e+00 7.372214e-01 43.522
52000 6.951761e-01 -5.669331e+00 7.367017e-01 43.606
52100 6.960401e-01 -5.670803e+00 7.322272e-01 43.692
52200 6.947589e-01 -5.668786e+00 7.333115e-01 43.778
52300 6.967676e-01 -5.671841e+00 7.218997e-01 43.865
52400 6.948509e-01 -5.669057e+00 7.331241e-01 43.958
52500 6.955856e-01 -5.670088e+00 7.334033e-01 44.043
52600 6.954477e-01 -5.669976e+00 7.299912e-01 44.128
52700 6.962108e-01 -5.671065e+00 7.303713e-01 44.209
52800 6.952672e-01 -5.669644e+00 7.298743e-01 44.294
52900 6.973959e-01 -5.672968e+00 7.198516e-01 44.380
53000 6.957345e-01 -5.670529e+00 7.319896e-01 44.466
53100 6.967748e-01 -5.671912e+00 7.272323e-01 44.551
53200 6.951395e-01 -5.669669e+00 7.292369e-01 44.638
53300 6.959584e-01 -5.670829e+00 7.226535e-01 44.723
53400 6.963473e-01 -5.671407e+00 7.255412e-01 44.809
53500 6.929843e-01 -5.666334e+00 7.537820e-01 44.899
53600 6.937775e-01 -5.667562e+00 7.392921e-01 44.989
53700 6.944148e-01 -5.668652e+00 7.356157e-01 45.077
53800 6.937476e-01 -5.667547e+00 7.425478e-01 45.162
53900 6.938396e-01 -5.667654e+00 7.426093e-01 45.250
54000 6.952546e-01 -5.669891e+00 7.311693e-01 45.338
54100 6.947233e-01 -5.669174e+00 7.309346e-01 45.426
54200 6.937227e-01 -5.667581e+00 7.408262e-01 45.515
54300 6.950129e-01 -5.669560e+00 7.342247e-01 45.613
54400 6.962291e-01 -5.671392e+00 7.234138e-01 45.701
54500 6.939357e-01 -5.667846e+00 7.358732e-01 45.788
54600 6.951905e-01 -5.669890e+00 7.305730e-01 45.874
54700 6.961716e-01 -5.671243e+00 7.261724e-01 45.958
54800 6.944197e-01 -5.668687e+00 7.335416e-01 46.045
54900 6.958005e-01 -5.670700e+00 7.208991e-01 46.128
55000 6.957972e-01 -5.670805e+00 7.246451e-01 46.224
55100 6.936522e-01 -5.667595e+00 7.387666e-01 46.320
55200 6.939434e-01 -5.667937e+00 7.420842e-01 46.412
55300 6.933980e-01 -5.667204e+00 7.391831e-01 46.496
55400 6.949645e-01 -5.669611e+00 7.304603e-01 46.610
55500 6.935021e-01 -5.667331e+00 7.388740e-01 46.696
55600 6.935089e-01 -5.667455e+00 7.375267e-01 46.780
55700 6.944976e-01 -5.668986e+00 7.302765e-01 46.867
55800 6.964615e-01 -5.671897e+00 7.274799e-01 46.965
55900 6.948582e-01 -5.669350e+00 7.352885e-01 47.054
56000 6.931887e-01 -5.667101e+00 7.404098e-01 47.144
56100 6.954954e-01 -5.670442e+00 7.265814e-01 47.238
56200 6.961087e-01 -5.671257e+00 7.286162e-01 47.336
56300 6.957273e-01 -5.670751e+00 7.318217e-01 47.433
56400 6.937696e-01 -5.667794e+00 7.436066e-01 47.519
56500 6.960020e-01 -5.671184e+00 7.285777e-01 47.603
56600 6.960918e-01 -5.671517e+00 7.248531e-01 47.690
56700 6.928207e-01 -5.666387e+00 7.485421e-01 47.779
56800 6.958783e-01 -5.670935e+00 7.287381e-01 47.865
56900 6.960932e-01 -5.671431e+00 7.233881e-01 47.949
57000 6.954081e-01 -5.670429e+00 7.301265e-01 48.033
57100 6.966447e-01 -5.672311e+00 7.286817e-01 48.120
57200 6.959119e-01 -5.671103e+00 7.252467e-01 48.213
57300 6.942512e-01 -5.668792e+00 7.318417e-01 48.304
57400 6.964347e-01 -5.672002e+00 7.205205e-01 48.393
57500 6.949415e-01 -5.669860e+00 7.343416e-01 48.481
57600 6.961314e-01 -5.671631e+00 7.254759e-01 48.575
57700 6.947511e-01 -5.669584e+00 7.310186e-01 48.669
57800 6.937877e-01 -5.668057e+00 7.419075e-01 48.754
57900 6.955979e-01 -5.670743e+00 7.325779e-01 48.842
58000 6.932837e-01 -5.667342e+00 7.472621e-01 48.926
58100 6.958189e-01 -5.671141e+00 7.272020e-01 49.010
58200 6.948427e-01 -5.669652e+00 7.374912e-01 49.101
58300 6.960865e-01 -5.671596e+00 7.254975e-01 49.190
58400 6.938129e-01 -5.668195e+00 7.347577e-01 49.277
58500 6.939003e-01 -5.668220e+00 7.352886e-01 49.360
58600 6.966197e-01 -5.672346e+00 7.272668e-01 49.444
58700 6.953423e-01 -5.670535e+00 7.253713e-01 49.540
58800 6.959044e-01 -5.671473e+00 7.199516e-01 49.627
58900 6.958272e-01 -5.671298e+00 7.206460e-01 49.713
59000 6.958917e-01 -5.671319e+00 7.252996e-01 49.796
59100 6.957523e-01 -5.671202e+00 7.223946e-01 49.879
59200 6.950079e-01 -5.670137e+00 7.323032e-01 49.971
59300 6.956717e-01 -5.671019e+00 7.304929e-01 50.084
59400 6.935331e-01 -5.667865e+00 7.447097e-01 50.174
59500 6.943483e-01 -5.669101e+00 7.378143e-01 50.265
59600 6.960292e-01 -5.671665e+00 7.251211e-01 50.354
59700 6.930837e-01 -5.667286e+00 7.433195e-01 50.442
59800 6.936700e-01 -5.668166e+00 7.360458e-01 50.530
59900 6.947437e-01 -5.669687e+00 7.301130e-01 50.614
60000 6.954811e-01 -5.670891e+00 7.308028e-01 50.695
60100 6.945994e-01 -5.669551e+00 7.287408e-01 50.783
60200 6.946816e-01 -5.669863e+00 7.309488e-01 50.870
60300 6.954881e-01 -5.671077e+00 7.262480e-01 50.963
60400 6.940105e-01 -5.668764e+00 7.331346e-01 51.049
60500 6.930842e-01 -5.667400e+00 7.438700e-01 51.134
60600 6.934608e-01 -5.668082e+00 7.409495e-01 51.227
60700 6.956499e-01 -5.671282e+00 7.252941e-01 51.326
60800 6.953484e-01 -5.670764e+00 7.225962e-01 51.435
60900 6.935381e-01 -5.668155e+00 7.382874e-01 51.521
61000 6.943675e-01 -5.669396e+00 7.243556e-01 51.607
61100 6.960847e-01 -5.671854e+00 7.235065e-01 51.697
61200 6.954973e-01 -5.671142e+00 7.288413e-01 51.783
61300 6.955637e-01 -5.671121e+00 7.272612e-01 51.872
61400 6.938062e-01 -5.668483e+00 7.320150e-01 51.958
61500 6.960888e-01 -5.671918e+00 7.257291e-01 52.044
61600 6.950779e-01 -5.670559e+00 7.299355e-01 52.132
61700 6.934979e-01 -5.668124e+00 7.385372e-01 52.231
61800 6.951379e-01 -5.670648e+00 7.288841e-01 52.314
61900 6.934998e-01 -5.668126e+00 7.352943e-01 52.397
62000 6.944255e-01 -5.669483e+00 7.323172e-01 52.483
62100 6.962634e-01 -5.672438e+00 7.170800e-01 52.618
62200 6.947371e-01 -5.670142e+00 7.278602e-01 52.702
62300 6.948402e-01 -5.670124e+00 7.266843e-01 52.785
62400 6.963075e-01 -5.672477e+00 7.214858e-01 52.866
62500 6.945891e-01 -5.669792e+00 7.299143e-01 52.956
62600 6.955351e-01 -5.671298e+00 7.258417e-01 53.041
62700 6.952947e-01 -5.670951e+00 7.243506e-01 53.129
62800 6.946472e-01 -5.670023e+00 7.290287e-01 53.219
62900 6.951154e-01 -5.670650e+00 7.274579e-01 53.304
63000 6.948899e-01 -5.670369e+00 7.319335e-01 53.405
63100 6.941372e-01 -5.669119e+00 7.418943e-01 53.494
63200 6.940119e-01 -5.669104e+00 7.318175e-01 53.581
63300 6.966008e-01 -5.673045e+00 7.200120e-01 53.664
63400 6.961583e-01 -5.672347e+00 7.191967e-01 53.749
63500 6.962131e-01 -5.672382e+00 7.191506e-01 53.837
63600 6.936598e-01 -5.668508e+00 7.395029e-01 53.968
63700 6.947153e-01 -5.670204e+00 7.243530e-01 54.057
63800 6.956739e-01 -5.671750e+00 7.193087e-01 54.142
63900 6.958031e-01 -5.672003e+00 7.224685e-01 54.224
64000 6.939316e-01 -5.669057e+00 7.308314e-01 54.307
64100 6.948242e-01 -5.670410e+00 7.309559e-01 54.396
64200 6.938087e-01 -5.668847e+00 7.317588e-01 54.480
64300 6.947374e-01 -5.670268e+00 7.302956e-01 54.561
64400 6.935111e-01 -5.668431e+00 7.401420e-01 54.648
64500 6.938947e-01 -5.669073e+00 7.292173e-01 54.749
64600 6.937873e-01 -5.668983e+00 7.303567e-01 54.855
64700 6.938252e-01 -5.669047e+00 7.339066e-01 54.940
64800 6.950516e-01 -5.670800e+00 7.320708e-01 55.022
64900 6.953010e-01 -5.671298e+00 7.194429e-01 55.110
65000 6.928544e-01 -5.667637e+00 7.358732e-01 55.197
65100 6.949598e-01 -5.670698e+00 7.335356e-01 55.281
65200 6.936034e-01 -5.668764e+00 7.351037e-01 55.369
65300 6.938834e-01 -5.669209e+00 7.329571e-01 55.461
65400 6.956257e-01 -5.671786e+00 7.189217e-01 55.546
65500 6.944146e-01 -5.669955e+00 7.274061e-01 55.631
65600 6.959523e-01 -5.672248e+00 7.209131e-01 55.719
65700 6.928004e-01 -5.667640e+00 7.433490e-01 55.813
65800 6.946974e-01 -5.670529e+00 7.272110e-01 55.896
65900 6.947389e-01 -5.670578e+00 7.256169e-01 55.983
66000 6.938839e-01 -5.669305e+00 7.296286e-01 56.068
66100 6.936142e-01 -5.668841e+00 7.325268e-01 56.151
66200 6.934508e-01 -5.668759e+00 7.287771e-01 56.240
66300 6.955391e-01 -5.671788e+00 7.224351e-01 56.326
66400 6.952884e-01 -5.671482e+00 7.188855e-01 56.417
66500 6.937906e-01 -5.669113e+00 7.357927e-01 56.503
66600 6.929413e-01 -5.667898e+00 7.399310e-01 56.603
66700 6.923187e-01 -5.667058e+00 7.475345e-01 56.694
66800 6.933327e-01 -5.668565e+00 7.346004e-01 56.792
66900 6.941109e-01 -5.669791e+00 7.267070e-01 56.888
67000 6.963922e-01 -5.673293e+00 7.136888e-01 56.972
67100 6.945172e-01 -5.670344e+00 7.260924e-01 57.070
67200 6.932320e-01 -5.668424e+00 7.369349e-01 57.159
67300 6.944797e-01 -5.670303e+00 7.282126e-01 57.247
67400 6.940588e-01 -5.669724e+00 7.286905e-01 57.333
67500 6.946291e-01 -5.670536e+00 7.311101e-01 57.416
67600 6.939345e-01 -5.669553e+00 7.309313e-01 57.503
67700 6.952012e-01 -5.671476e+00 7.276857e-01 57.606
67800 6.929620e-01 -5.668049e+00 7.407139e-01 57.695
67900 6.949389e-01 -5.670987e+00 7.281606e-01 57.783
68000 6.948101e-01 -5.670845e+00 7.273028e-01 57.865
68100 6.957582e-01 -5.672411e+00 7.173468e-01 57.958
68200 6.952550e-01 -5.671568e+00 7.172703e-01 58.042
68300 6.932831e-01 -5.668619e+00 7.323024e-01 58.131
68400 6.942175e-01 -5.669913e+00 7.317959e-01 58.234
68500 6.937399e-01 -5.669323e+00 7.302610e-01 58.326
68600 6.958936e-01 -5.672450e+00 7.245790e-01 58.412
68700 6.946233e-01 -5.670694e+00 7.279910e-01 58.497
68800 6.941330e-01 -5.669908e+00 7.314613e-01 58.591
68900 6.933301e-01 -5.668739e+00 7.385392e-01 58.678
69000 6.955063e-01 -5.672036e+00 7.237499e-01 58.786
69100 6.960086e-01 -5.672943e+00 7.105184e-01 58.869
69200 6.946428e-01 -5.670708e+00 7.292124e-01 58.952
69300 6.926543e-01 -5.667853e+00 7.383046e-01 59.038
69400 6.924254e-01 -5.667574e+00 7.394494e-01 59.125
69500 6.940091e-01 -5.669876e+00 7.335968e-01 59.219
69600 6.923597e-01 -5.667483e+00 7.387631e-01 59.308
69700 6.942850e-01 -5.670317e+00 7.243563e-01 59.408
69800 6.948804e-01 -5.671273e+00 7.263859e-01 59.505
69900 6.932487e-01 -5.668837e+00 7.389944e-01 59.594
70000 6.938719e-01 -5.669829e+00 7.271791e-01 59.679
70100 6.952359e-01 -5.671840e+00 7.187196e-01 59.768
70200 6.937782e-01 -5.669678e+00 7.275858e-01 59.856
70300 6.943284e-01 -5.670478e+00 7.273646e-01 59.948
70400 6.935700e-01 -5.669246e+00 7.366292e-01 60.035
70500 6.939798e-01 -5.669990e+00 7.309832e-01 60.121
70600 6.943359e-01 -5.670473e+00 7.227032e-01 60.220
70700 6.945694e-01 -5.670787e+00 7.272783e-01 60.310
70800 6.951857e-01 -5.671766e+00 7.266042e-01 60.414
70900 6.948491e-01 -5.671281e+00 7.257047e-01 60.499
71000 6.964344e-01 -5.673726e+00 7.173097e-01 60.589
71100 6.942457e-01 -5.670451e+00 7.265733e-01 60.674
71200 6.942539e-01 -5.670506e+00 7.264398e-01 60.769
71300 6.944506e-01 -5.670781e+00 7.322267e-01 60.883
71400 6.936406e-01 -5.669618e+00 7.313396e-01 60.976
71500 6.937705e-01 -5.669735e+00 7.320222e-01 61.093
71600 6.929942e-01 -5.668686e+00 7.348529e-01 61.179
71700 6.949675e-01 -5.671601e+00 7.239481e-01 61.270
71800 6.952145e-01 -5.671907e+00 7.283388e-01 61.353
71900 6.948999e-01 -5.671474e+00 7.280482e-01 61.440
72000 6.943582e-01 -5.670647e+00 7.289272e-01 61.543
72100 6.943905e-01 -5.670715e+00 7.287437e-01 61.651
72200 6.937418e-01 -5.669769e+00 7.338046e-01 61.740
72300 6.930413e-01 -5.668672e+00 7.342395e-01 61.825
72400 6.954306e-01 -5.672411e+00 7.127853e-01 61.911
72500 6.942366e-01 -5.670509e+00 7.316910e-01 62.000
72600 6.936037e-01 -5.669788e+00 7.326843e-01 62.090
72700 6.933635e-01 -5.669361e+00 7.324039e-01 62.182
72800 6.933615e-01 -5.669245e+00 7.320870e-01 62.265
72900 6.944045e-01 -5.670900e+00 7.280476e-01 62.350
73000 6.935084e-01 -5.669704e+00 7.253168e-01 62.433
73100 6.952047e-01 -5.672159e+00 7.183366e-01 62.521
73200 6.951923e-01 -5.672030e+00 7.151179e-01 62.610
73300 6.954201e-01 -5.672454e+00 7.240247e-01 62.695
73400 6.947603e-01 -5.671464e+00 7.202001e-01 62.779
73500 6.935023e-01 -5.669656e+00 7.300620e-01 62.871
73600 6.932404e-01 -5.669218e+00 7.345811e-01 62.955
73700 6.946064e-01 -5.671282e+00 7.274613e-01 63.038
73800 6.941588e-01 -5.670690e+00 7.244967e-01 63.126
73900 6.956344e-01 -5.672874e+00 7.192929e-01 63.212
74000 6.960611e-01 -5.673637e+00 7.142344e-01 63.299
74100 6.916783e-01 -5.666970e+00 7.388273e-01 63.382
74200 6.950655e-01 -5.672182e+00 7.134044e-01 63.466
74300 6.948205e-01 -5.671730e+00 7.252964e-01 63.554
74400 6.946423e-01 -5.671570e+00 7.193035e-01 63.639
74500 6.947366e-01 -5.671598e+00 7.202966e-01 63.735
74600 6.951718e-01 -5.672205e+00 7.220572e-01 63.823
74700 6.950076e-01 -5.671988e+00 7.193375e-01 63.907
74800 6.946099e-01 -5.671382e+00 7.269587e-01 64.000
74900 6.943670e-01 -5.671188e+00 7.271211e-01 64.089
75000 6.934585e-01 -5.669794e+00 7.290978e-01 64.173
75100 6.938008e-01 -5.670303e+00 7.286550e-01 64.256
75200 6.948118e-01 -5.671831e+00 7.248881e-01 64.339
75300 6.946465e-01 -5.671580e+00 7.222159e-01 64.429
75400 6.944080e-01 -5.671224e+00 7.242529e-01 64.518
75500 6.921308e-01 -5.667751e+00 7.415876e-01 64.601
75600 6.955570e-01 -5.672953e+00 7.176894e-01 64.685
75700 6.949036e-01 -5.672004e+00 7.175696e-01 64.768
75800 6.930664e-01 -5.669282e+00 7.287063e-01 64.851
75900 6.932229e-01 -5.669459e+00 7.335378e-01 64.933
Experiment data directory written:
/global/project/projectdirs/m3231/yijia/cook/mpi/miniMD/miniMD/craypat/miniMD_cray_intel+pat+170680-2732t
76000 6.936882e-01 -5.670259e+00 7.257448e-01 65.019
76100 6.941223e-01 -5.670915e+00 7.249253e-01 65.105
76200 6.946211e-01 -5.671601e+00 7.199201e-01 65.187
76300 6.951039e-01 -5.672341e+00 7.188002e-01 65.270
76400 6.944821e-01 -5.671409e+00 7.248793e-01 65.352
76500 6.915229e-01 -5.666984e+00 7.456376e-01 65.438
76600 6.950384e-01 -5.672317e+00 7.129998e-01 65.524
76700 6.951531e-01 -5.672517e+00 7.170261e-01 65.605
76800 6.924356e-01 -5.668475e+00 7.370642e-01 65.689
76900 6.927865e-01 -5.669052e+00 7.328933e-01 65.774
77000 6.941646e-01 -5.671060e+00 7.235253e-01 65.858
77100 6.940371e-01 -5.670769e+00 7.235521e-01 65.943
77200 6.960601e-01 -5.673969e+00 7.138544e-01 66.025
77300 6.935924e-01 -5.670177e+00 7.304270e-01 66.111
77400 6.956255e-01 -5.673269e+00 7.196460e-01 66.195
77500 6.960371e-01 -5.673975e+00 7.204145e-01 66.281
77600 6.944462e-01 -5.671627e+00 7.239552e-01 66.367
77700 6.946122e-01 -5.671860e+00 7.177467e-01 66.450
77800 6.942337e-01 -5.671286e+00 7.296856e-01 66.534
77900 6.941799e-01 -5.671222e+00 7.213452e-01 66.622
78000 6.956579e-01 -5.673404e+00 7.174403e-01 66.704
78100 6.961220e-01 -5.674111e+00 7.109499e-01 66.786
78200 6.958481e-01 -5.673753e+00 7.154214e-01 66.872
78300 6.934990e-01 -5.670287e+00 7.245577e-01 66.960
78400 6.941492e-01 -5.671126e+00 7.250945e-01 67.043
78500 6.938452e-01 -5.670720e+00 7.306212e-01 67.128
78600 6.924363e-01 -5.668617e+00 7.416497e-01 67.212
78700 6.947019e-01 -5.672031e+00 7.257344e-01 67.301
78800 6.926009e-01 -5.668856e+00 7.333949e-01 67.387
78900 6.944052e-01 -5.671661e+00 7.167175e-01 67.476
79000 6.930083e-01 -5.669542e+00 7.370168e-01 67.559
79100 6.925727e-01 -5.668917e+00 7.343600e-01 67.642
79200 6.941476e-01 -5.671293e+00 7.268908e-01 67.726
79300 6.938360e-01 -5.670849e+00 7.273845e-01 67.813
79400 6.935096e-01 -5.670308e+00 7.281219e-01 67.896
79500 6.941713e-01 -5.671345e+00 7.267402e-01 67.981
79600 6.929475e-01 -5.669609e+00 7.225888e-01 68.064
79700 6.924320e-01 -5.668823e+00 7.318655e-01 68.149
79800 6.942123e-01 -5.671457e+00 7.212738e-01 68.234
79900 6.939814e-01 -5.671109e+00 7.244728e-01 68.318
80000 6.930986e-01 -5.669748e+00 7.353062e-01 68.400


# Performance Summary:
# MPI_proc OMP_threads nsteps natoms t_total t_force t_neigh t_comm t_other performance perf/thread grep_string t_extra
2176 1 80000 131072 68.400209 11.075259 1.910745 53.671778 1.742427 153300115.955916 70450.420936 PERF_SUMMARY 4.210458


Fri Jan 22 14:31:19 PST 2021
