CrayPat/X:  Version 7.1.1 Revision 7c0ddd79b  08/19/19 16:58:46
SU3 with improved KS action
Microcanonical simulation with refreshing
R algorithm
MIMD version 7.8.1
Machine = MPI (portable), with 2048 nodes
Host(0) = nid08044
Username = zhangyj
Options selected...
Generic single precision
C_GLOBAL_INLINE
DBLSTORE_FN
D_FN_GATHER13
FEWSUMS
KS_MULTIFF=FNMAT
VECLENGTH=4
type 0 for no prompts, 1 for prompts, or 2 for proofreading
nflavors1 2
nflavors2 1
nx 32
ny 32
nz 32
nt 32
iseed 5682304
LAYOUT = Hypercubes, options = hyper_prime,
automatic hyper_prime layout
ON EACH NODE 4 x 4 x 4 x 8
Mallocing 0.5 MBytes per node for lattice
WARNING!!: Resetting random seed
Made lattice
Made nn gathers
Made 3nn gathers
Finished setup


warms 0
trajecs 4
traj_between_meas 1
beta 5.6
mass1 0.125
mass2 0.125
u0 0.8441
microcanonical_time_step 0.2
steps_per_trajectory 10
max_cg_iterations 5
max_cg_restarts 5
error_per_site 0.125
error_for_propagator 0.125
npbp_reps 1
prec_pbp 1
fresh 
forget 
unit gauge configuration loaded
CHECK PLAQ: 3.000000e+00 3.000000e+00
CHECK NERSC LINKTR: 1.000000e+00 CKSUM: 0
Unitarity checked.  Max deviation 0.00e+00
Time to check unitarity = 2.099037e-03
"O(a^2): couplings(pi)=0, Naik term, No O(a^2) errors, tadpole weights"
path coefficients: npath  path_coeff  multiplicity
                    0      6.250000e-01     8
                    1      -5.847914e-02     8
                    2      -8.771871e-02     48
                    3      3.077829e-02     192
                    4      -7.199551e-03     384
                    5      -1.231132e-01     48
Symanzik 1x1 + 1x2 + 1x1x1 action
gauge_action: total_dyn_flavors = 3
loop coefficients: nloop rep loop_coeff  multiplicity
                    0 0      1.000000e+00     6
                    1 0      -7.762509e-02     12
                    2 0      -1.031171e-02     16
WARMUPS COMPLETED
CONGRAD5: time = 1.840520e-02 (fn F) masses = 1 iters = 4 mflops = 1.320809e+02
 OK converged final_rsq= 0.0059 (cf 0.016) rel = 1 (cf 0) restarts = 1 iters= 4
CONGRAD5: time = 1.630807e-02 (fn F) masses = 1 iters = 4 mflops = 1.490658e+02
 OK converged final_rsq= 0.0059 (cf 0.016) rel = 1 (cf 0) restarts = 1 iters= 4
GFTIME:   time = 1.843319e-01 (Symanzik1) mflops = 4.249837e+02
FFTIME:  time = 4.104159e-01 (asqtad3) terms = 2 mflops = 5.413816e+02
CONGRAD5: time = 1.619291e-02 (fn F) masses = 1 iters = 4 mflops = 1.501259e+02
 OK converged final_rsq= 0.01 (cf 0.016) rel = 1 (cf 0) restarts = 1 iters= 4
CONGRAD5: time = 1.572895e-02 (fn F) masses = 1 iters = 4 mflops = 1.545542e+02
 OK converged final_rsq= 0.0097 (cf 0.016) rel = 1 (cf 0) restarts = 1 iters= 4
GFTIME:   time = 1.825349e-01 (Symanzik1) mflops = 4.291674e+02
FFTIME:  time = 3.940201e-01 (asqtad3) terms = 2 mflops = 5.639094e+02
CONGRAD5: time = 1.593781e-02 (fn F) masses = 1 iters = 4 mflops = 1.525289e+02
 OK converged final_rsq= 0.014 (cf 0.016) rel = 1 (cf 0) restarts = 1 iters= 4
CONGRAD5: time = 1.554704e-02 (fn F) masses = 1 iters = 4 mflops = 1.563627e+02
 OK converged final_rsq= 0.014 (cf 0.016) rel = 1 (cf 0) restarts = 1 iters= 4
GFTIME:   time = 1.854820e-01 (Symanzik1) mflops = 4.223485e+02
FFTIME:  time = 3.918550e-01 (asqtad3) terms = 2 mflops = 5.670251e+02
CONGRAD5: time = 1.615500e-02 (fn F) masses = 1 iters = 4 mflops = 1.504782e+02
 OK converged final_rsq= 0.013 (cf 0.016) rel = 1 (cf 0) restarts = 1 iters= 4
CONGRAD5: time = 1.562595e-02 (fn F) masses = 1 iters = 4 mflops = 1.555730e+02
 OK converged final_rsq= 0.013 (cf 0.016) rel = 1 (cf 0) restarts = 1 iters= 4
GFTIME:   time = 1.837621e-01 (Symanzik1) mflops = 4.263015e+02
FFTIME:  time = 3.903861e-01 (asqtad3) terms = 2 mflops = 5.691586e+02
CONGRAD5: time = 1.575804e-02 (fn F) masses = 1 iters = 4 mflops = 1.542690e+02
 OK converged final_rsq= 0.011 (cf 0.016) rel = 1 (cf 0) restarts = 1 iters= 4
CONGRAD5: time = 1.515698e-02 (fn F) masses = 1 iters = 4 mflops = 1.603865e+02
 OK converged final_rsq= 0.011 (cf 0.016) rel = 1 (cf 0) restarts = 1 iters= 4
GFTIME:   time = 1.819038e-01 (Symanzik1) mflops = 4.306564e+02
FFTIME:  time = 3.872681e-01 (asqtad3) terms = 2 mflops = 5.737411e+02
CONGRAD5: time = 1.568007e-02 (fn F) masses = 1 iters = 4 mflops = 1.550360e+02
 OK converged final_rsq= 0.01 (cf 0.016) rel = 1 (cf 0) restarts = 1 iters= 4
CONGRAD5: time = 1.545596e-02 (fn F) masses = 1 iters = 4 mflops = 1.572840e+02
 OK converged final_rsq= 0.01 (cf 0.016) rel = 1 (cf 0) restarts = 1 iters= 4
GFTIME:   time = 1.830208e-01 (Symanzik1) mflops = 4.280280e+02
FFTIME:  time = 4.059689e-01 (asqtad3) terms = 2 mflops = 5.473119e+02
CONGRAD5: time = 1.629996e-02 (fn F) masses = 1 iters = 4 mflops = 1.491400e+02
 OK converged final_rsq= 0.01 (cf 0.016) rel = 1 (cf 0) restarts = 1 iters= 4
CONGRAD5: time = 1.604486e-02 (fn F) masses = 1 iters = 4 mflops = 1.515112e+02
 OK converged final_rsq= 0.01 (cf 0.016) rel = 1 (cf 0) restarts = 1 iters= 4
GFTIME:   time = 1.851571e-01 (Symanzik1) mflops = 4.230897e+02
FFTIME:  time = 3.915970e-01 (asqtad3) terms = 2 mflops = 5.673986e+02
CONGRAD5: time = 1.534009e-02 (fn F) masses = 1 iters = 4 mflops = 1.584721e+02
 OK converged final_rsq= 0.01 (cf 0.016) rel = 1 (cf 0) restarts = 1 iters= 4
CONGRAD5: time = 1.545501e-02 (fn F) masses = 1 iters = 4 mflops = 1.572937e+02
 OK converged final_rsq= 0.0099 (cf 0.016) rel = 1 (cf 0) restarts = 1 iters= 4
GFTIME:   time = 1.865540e-01 (Symanzik1) mflops = 4.199217e+02
FFTIME:  time = 3.868761e-01 (asqtad3) terms = 2 mflops = 5.743224e+02
CONGRAD5: time = 1.568604e-02 (fn F) masses = 1 iters = 4 mflops = 1.549771e+02
 OK converged final_rsq= 0.01 (cf 0.016) rel = 1 (cf 0) restarts = 1 iters= 4
CONGRAD5: time = 1.538205e-02 (fn F) masses = 1 iters = 4 mflops = 1.580398e+02
 OK converged final_rsq= 0.0099 (cf 0.016) rel = 1 (cf 0) restarts = 1 iters= 4
GFTIME:   time = 1.886041e-01 (Symanzik1) mflops = 4.153570e+02
FFTIME:  time = 3.878760e-01 (asqtad3) terms = 2 mflops = 5.728418e+02
CONGRAD5: time = 1.552200e-02 (fn F) masses = 1 iters = 4 mflops = 1.566148e+02
 OK converged final_rsq= 0.01 (cf 0.016) rel = 1 (cf 0) restarts = 1 iters= 4
CONGRAD5: time = 1.531601e-02 (fn F) masses = 1 iters = 4 mflops = 1.587212e+02
 OK converged final_rsq= 0.0099 (cf 0.016) rel = 1 (cf 0) restarts = 1 iters= 4
GFTIME:   time = 1.841350e-01 (Symanzik1) mflops = 4.254382e+02
FFTIME:  time = 3.891439e-01 (asqtad3) terms = 2 mflops = 5.709754e+02
PLAQ:	2.287190	2.287143
P_LOOP:	2.010893e-03	-1.749025e-03
G_LOOP:  0  0  4   	2.287257e+00	( 0 1 7 6  )
G_LOOP:  0  1  4   	2.287378e+00	( 0 2 7 5  )
G_LOOP:  0  2  4   	2.286742e+00	( 0 3 7 4  )
G_LOOP:  0  3  4   	2.286934e+00	( 1 2 6 5  )
G_LOOP:  0  4  4   	2.287554e+00	( 1 3 6 4  )
G_LOOP:  0  5  4   	2.287133e+00	( 2 3 5 4  )
G_LOOP:  1  0  6   	1.729087e+00	( 0 0 1 7 7 6  )
G_LOOP:  1  1  6   	1.729810e+00	( 0 0 2 7 7 5  )
G_LOOP:  1  2  6   	1.728248e+00	( 0 0 3 7 7 4  )
G_LOOP:  1  3  6   	1.729521e+00	( 1 1 0 6 6 7  )
G_LOOP:  1  4  6   	1.729007e+00	( 1 1 2 6 6 5  )
G_LOOP:  1  5  6   	1.730165e+00	( 1 1 3 6 6 4  )
G_LOOP:  1  6  6   	1.729450e+00	( 2 2 0 5 5 7  )
G_LOOP:  1  7  6   	1.728796e+00	( 2 2 1 5 5 6  )
G_LOOP:  1  8  6   	1.728692e+00	( 2 2 3 5 5 4  )
G_LOOP:  1  9  6   	1.728982e+00	( 3 3 0 4 4 7  )
G_LOOP:  1  10  6   	1.729289e+00	( 3 3 1 4 4 6  )
G_LOOP:  1  11  6   	1.729881e+00	( 3 3 2 4 4 5  )
G_LOOP:  2  0  6   	1.792924e+00	( 0 1 2 7 6 5  )
G_LOOP:  2  1  6   	1.792259e+00	( 0 1 5 7 6 2  )
G_LOOP:  2  2  6   	1.792225e+00	( 0 6 2 7 1 5  )
G_LOOP:  2  3  6   	1.792230e+00	( 0 6 5 7 1 2  )
G_LOOP:  2  4  6   	1.793308e+00	( 0 1 3 7 6 4  )
G_LOOP:  2  5  6   	1.793370e+00	( 0 1 4 7 6 3  )
G_LOOP:  2  6  6   	1.792428e+00	( 0 6 3 7 1 4  )
G_LOOP:  2  7  6   	1.791968e+00	( 0 6 4 7 1 3  )
G_LOOP:  2  8  6   	1.792564e+00	( 0 2 3 7 5 4  )
G_LOOP:  2  9  6   	1.793173e+00	( 0 2 4 7 5 3  )
G_LOOP:  2  10  6   	1.792086e+00	( 0 5 3 7 2 4  )
G_LOOP:  2  11  6   	1.791423e+00	( 0 5 4 7 2 3  )
G_LOOP:  2  12  6   	1.792246e+00	( 1 2 3 6 5 4  )
G_LOOP:  2  13  6   	1.793350e+00	( 1 2 4 6 5 3  )
G_LOOP:  2  14  6   	1.792590e+00	( 1 5 3 6 2 4  )
G_LOOP:  2  15  6   	1.791955e+00	( 1 5 4 6 2 3  )
GACTION: 2.894071e+00
CONGRAD5: time = 1.633787e-02 (fn F) masses = 1 iters = 4 mflops = 1.487939e+02
 OK converged final_rsq= 0.0094 (cf 0.016) rel = 1 (cf 0) restarts = 1 iters= 4
CONGRAD5: time = 2.481389e-02 (fn F) masses = 1 iters = 7 mflops = 1.714446e+02
 OK converged final_rsq= 0.0074 (cf 0.016) rel = 1 (cf 0) restarts = 2 iters= 7
PBP: mass 1.250000e-01     7.067462e-02  1.436929e-01  -4.998555e-04  -7.134951e-04 ( 1 of 1 )
FACTION: mass = 1.250000e-01,  1.465279e+00 ( 1 of 1 )
CONGRAD5: time = 1.630998e-02 (fn F) masses = 1 iters = 4 mflops = 1.490484e+02
 OK converged final_rsq= 0.0094 (cf 0.016) rel = 1 (cf 0) restarts = 1 iters= 4
CONGRAD5: time = 2.514815e-02 (fn F) masses = 1 iters = 7 mflops = 1.691658e+02
 OK converged final_rsq= 0.0074 (cf 0.016) rel = 1 (cf 0) restarts = 2 iters= 7
PBP: mass 1.250000e-01     6.995939e-02  1.434854e-01  -1.135459e-04  -8.250938e-05 ( 1 of 1 )
FACTION: mass = 1.250000e-01,  1.467241e+00 ( 1 of 1 )
CONGRAD5: time = 1.574492e-02 (fn F) masses = 1 iters = 4 mflops = 1.543974e+02
 OK converged final_rsq= 0.011 (cf 0.016) rel = 1 (cf 0) restarts = 1 iters= 4
CONGRAD5: time = 1.601386e-02 (fn F) masses = 1 iters = 4 mflops = 1.518045e+02
 OK converged final_rsq= 0.01 (cf 0.016) rel = 1 (cf 0) restarts = 1 iters= 4
GFTIME:   time = 1.895509e-01 (Symanzik1) mflops = 4.132824e+02
FFTIME:  time = 3.903801e-01 (asqtad3) terms = 2 mflops = 5.691673e+02
CONGRAD5: time = 1.596618e-02 (fn F) masses = 1 iters = 4 mflops = 1.522579e+02
 OK converged final_rsq= 0.015 (cf 0.016) rel = 1 (cf 0) restarts = 1 iters= 4
CONGRAD5: time = 1.563406e-02 (fn F) masses = 1 iters = 4 mflops = 1.554923e+02
 OK converged final_rsq= 0.014 (cf 0.016) rel = 1 (cf 0) restarts = 1 iters= 4
GFTIME:   time = 1.887698e-01 (Symanzik1) mflops = 4.149924e+02
FFTIME:  time = 3.889279e-01 (asqtad3) terms = 2 mflops = 5.712925e+02
CONGRAD5: time = 1.814604e-02 (fn F) masses = 1 iters = 5 mflops = 1.674591e+02
 OK converged final_rsq= 0.0083 (cf 0.016) rel = 1 (cf 0) restarts = 1 iters= 5
CONGRAD5: time = 1.733088e-02 (fn F) masses = 1 iters = 5 mflops = 1.753355e+02
 OK converged final_rsq= 0.0079 (cf 0.016) rel = 1 (cf 0) restarts = 1 iters= 5
GFTIME:   time = 1.901319e-01 (Symanzik1) mflops = 4.120195e+02
FFTIME:  time = 3.951721e-01 (asqtad3) terms = 2 mflops = 5.622654e+02
CONGRAD5: time = 1.789522e-02 (fn F) masses = 1 iters = 5 mflops = 1.698062e+02
 OK converged final_rsq= 0.0084 (cf 0.016) rel = 1 (cf 0) restarts = 1 iters= 5
CONGRAD5: time = 1.748991e-02 (fn F) masses = 1 iters = 5 mflops = 1.737413e+02
 OK converged final_rsq= 0.0081 (cf 0.016) rel = 1 (cf 0) restarts = 1 iters= 5
GFTIME:   time = 1.860011e-01 (Symanzik1) mflops = 4.211699e+02
FFTIME:  time = 3.909440e-01 (asqtad3) terms = 2 mflops = 5.683464e+02
CONGRAD5: time = 1.752496e-02 (fn F) masses = 1 iters = 5 mflops = 1.733939e+02
 OK converged final_rsq= 0.0079 (cf 0.016) rel = 1 (cf 0) restarts = 1 iters= 5
CONGRAD5: time = 1.743102e-02 (fn F) masses = 1 iters = 5 mflops = 1.743283e+02
 OK converged final_rsq= 0.0076 (cf 0.016) rel = 1 (cf 0) restarts = 1 iters= 5
GFTIME:   time = 1.825931e-01 (Symanzik1) mflops = 4.290307e+02
FFTIME:  time = 3.958180e-01 (asqtad3) terms = 2 mflops = 5.613479e+02
CONGRAD5: time = 1.721501e-02 (fn F) masses = 1 iters = 5 mflops = 1.765157e+02
 OK converged final_rsq= 0.0075 (cf 0.016) rel = 1 (cf 0) restarts = 1 iters= 5
CONGRAD5: time = 1.535702e-02 (fn F) masses = 1 iters = 4 mflops = 1.582974e+02
 OK converged final_rsq= 0.016 (cf 0.016) rel = 1 (cf 0) restarts = 1 iters= 4
GFTIME:   time = 1.856849e-01 (Symanzik1) mflops = 4.218870e+02
FFTIME:  time = 3.928490e-01 (asqtad3) terms = 2 mflops = 5.655904e+02
CONGRAD5: time = 1.759696e-02 (fn F) masses = 1 iters = 5 mflops = 1.726844e+02
 OK converged final_rsq= 0.0073 (cf 0.016) rel = 1 (cf 0) restarts = 1 iters= 5
CONGRAD5: time = 1.528096e-02 (fn F) masses = 1 iters = 4 mflops = 1.590853e+02
 OK converged final_rsq= 0.015 (cf 0.016) rel = 1 (cf 0) restarts = 1 iters= 4
GFTIME:   time = 1.829960e-01 (Symanzik1) mflops = 4.280860e+02
FFTIME:  time = 3.947270e-01 (asqtad3) terms = 2 mflops = 5.628995e+02
CONGRAD5: time = 1.801801e-02 (fn F) masses = 1 iters = 5 mflops = 1.686491e+02
 OK converged final_rsq= 0.0073 (cf 0.016) rel = 1 (cf 0) restarts = 1 iters= 5
CONGRAD5: time = 1.523614e-02 (fn F) masses = 1 iters = 4 mflops = 1.595533e+02
 OK converged final_rsq= 0.015 (cf 0.016) rel = 1 (cf 0) restarts = 1 iters= 4
GFTIME:   time = 1.825001e-01 (Symanzik1) mflops = 4.292493e+02
FFTIME:  time = 3.968990e-01 (asqtad3) terms = 2 mflops = 5.598191e+02
CONGRAD5: time = 1.739383e-02 (fn F) masses = 1 iters = 5 mflops = 1.747011e+02
 OK converged final_rsq= 0.0073 (cf 0.016) rel = 1 (cf 0) restarts = 1 iters= 5
CONGRAD5: time = 1.526499e-02 (fn F) masses = 1 iters = 4 mflops = 1.592517e+02
 OK converged final_rsq= 0.015 (cf 0.016) rel = 1 (cf 0) restarts = 1 iters= 4
GFTIME:   time = 1.832519e-01 (Symanzik1) mflops = 4.274884e+02
FFTIME:  time = 3.964589e-01 (asqtad3) terms = 2 mflops = 5.604405e+02
CONGRAD5: time = 1.753402e-02 (fn F) masses = 1 iters = 5 mflops = 1.733043e+02
 OK converged final_rsq= 0.0073 (cf 0.016) rel = 1 (cf 0) restarts = 1 iters= 5
CONGRAD5: time = 1.529193e-02 (fn F) masses = 1 iters = 4 mflops = 1.589712e+02
 OK converged final_rsq= 0.015 (cf 0.016) rel = 1 (cf 0) restarts = 1 iters= 4
GFTIME:   time = 1.854181e-01 (Symanzik1) mflops = 4.224940e+02
FFTIME:  time = 3.961279e-01 (asqtad3) terms = 2 mflops = 5.609087e+02
PLAQ:	1.926991	1.926436
P_LOOP:	-3.547731e-03	1.612195e-03
G_LOOP:  0  0  4   	1.926738e+00	( 0 1 7 6  )
G_LOOP:  0  1  4   	1.926719e+00	( 0 2 7 5  )
G_LOOP:  0  2  4   	1.926894e+00	( 0 3 7 4  )
G_LOOP:  0  3  4   	1.927515e+00	( 1 2 6 5  )
G_LOOP:  0  4  4   	1.926133e+00	( 1 3 6 4  )
G_LOOP:  0  5  4   	1.926282e+00	( 2 3 5 4  )
G_LOOP:  1  0  6   	1.224354e+00	( 0 0 1 7 7 6  )
G_LOOP:  1  1  6   	1.223955e+00	( 0 0 2 7 7 5  )
G_LOOP:  1  2  6   	1.224298e+00	( 0 0 3 7 7 4  )
G_LOOP:  1  3  6   	1.224355e+00	( 1 1 0 6 6 7  )
G_LOOP:  1  4  6   	1.224495e+00	( 1 1 2 6 6 5  )
G_LOOP:  1  5  6   	1.222953e+00	( 1 1 3 6 6 4  )
G_LOOP:  1  6  6   	1.224820e+00	( 2 2 0 5 5 7  )
G_LOOP:  1  7  6   	1.225521e+00	( 2 2 1 5 5 6  )
G_LOOP:  1  8  6   	1.222858e+00	( 2 2 3 5 5 4  )
G_LOOP:  1  9  6   	1.223058e+00	( 3 3 0 4 4 7  )
G_LOOP:  1  10  6   	1.223194e+00	( 3 3 1 4 4 6  )
G_LOOP:  1  11  6   	1.223087e+00	( 3 3 2 4 4 5  )
G_LOOP:  2  0  6   	1.275724e+00	( 0 1 2 7 6 5  )
G_LOOP:  2  1  6   	1.275140e+00	( 0 1 5 7 6 2  )
G_LOOP:  2  2  6   	1.276404e+00	( 0 6 2 7 1 5  )
G_LOOP:  2  3  6   	1.275041e+00	( 0 6 5 7 1 2  )
G_LOOP:  2  4  6   	1.273643e+00	( 0 1 3 7 6 4  )
G_LOOP:  2  5  6   	1.276305e+00	( 0 1 4 7 6 3  )
G_LOOP:  2  6  6   	1.275204e+00	( 0 6 3 7 1 4  )
G_LOOP:  2  7  6   	1.276177e+00	( 0 6 4 7 1 3  )
G_LOOP:  2  8  6   	1.274551e+00	( 0 2 3 7 5 4  )
G_LOOP:  2  9  6   	1.275438e+00	( 0 2 4 7 5 3  )
G_LOOP:  2  10  6   	1.274412e+00	( 0 5 3 7 2 4  )
G_LOOP:  2  11  6   	1.275776e+00	( 0 5 4 7 2 3  )
G_LOOP:  2  12  6   	1.275901e+00	( 1 2 3 6 5 4  )
G_LOOP:  2  13  6   	1.275089e+00	( 1 2 4 6 5 3  )
G_LOOP:  2  14  6   	1.275340e+00	( 1 5 3 6 2 4  )
G_LOOP:  2  15  6   	1.274950e+00	( 1 5 4 6 2 3  )
GACTION: 4.500741e+00
CONGRAD5: time = 1.684999e-02 (fn F) masses = 1 iters = 4 mflops = 1.442716e+02
 OK converged final_rsq= 0.014 (cf 0.016) rel = 1 (cf 0) restarts = 1 iters= 4
CONGRAD5: time = 2.489495e-02 (fn F) masses = 1 iters = 7 mflops = 1.708864e+02
 OK converged final_rsq= 0.011 (cf 0.016) rel = 1 (cf 0) restarts = 2 iters= 7
PBP: mass 1.250000e-01     8.792961e-02  2.542507e-01  -3.636880e-04  -3.225069e-04 ( 1 of 1 )
FACTION: mass = 1.250000e-01,  1.442305e+00 ( 1 of 1 )
CONGRAD5: time = 1.614404e-02 (fn F) masses = 1 iters = 4 mflops = 1.505804e+02
 OK converged final_rsq= 0.014 (cf 0.016) rel = 1 (cf 0) restarts = 1 iters= 4
CONGRAD5: time = 2.479696e-02 (fn F) masses = 1 iters = 7 mflops = 1.715617e+02
 OK converged final_rsq= 0.011 (cf 0.016) rel = 1 (cf 0) restarts = 2 iters= 7
PBP: mass 1.250000e-01     8.819447e-02  2.541173e-01  -1.583808e-03  -1.731523e-03 ( 1 of 1 )
FACTION: mass = 1.250000e-01,  1.440968e+00 ( 1 of 1 )
CONGRAD5: time = 1.754808e-02 (fn F) masses = 1 iters = 5 mflops = 1.731653e+02
 OK converged final_rsq= 0.0076 (cf 0.016) rel = 1 (cf 0) restarts = 1 iters= 5
CONGRAD5: time = 1.746488e-02 (fn F) masses = 1 iters = 5 mflops = 1.739904e+02
 OK converged final_rsq= 0.0073 (cf 0.016) rel = 1 (cf 0) restarts = 1 iters= 5
GFTIME:   time = 1.847470e-01 (Symanzik1) mflops = 4.240288e+02
FFTIME:  time = 4.038351e-01 (asqtad3) terms = 2 mflops = 5.502039e+02
CONGRAD5: time = 1.734018e-02 (fn F) masses = 1 iters = 5 mflops = 1.752415e+02
 OK converged final_rsq= 0.0092 (cf 0.016) rel = 1 (cf 0) restarts = 1 iters= 5
CONGRAD5: time = 1.736593e-02 (fn F) masses = 1 iters = 5 mflops = 1.749817e+02
 OK converged final_rsq= 0.0086 (cf 0.016) rel = 1 (cf 0) restarts = 1 iters= 5
GFTIME:   time = 1.815810e-01 (Symanzik1) mflops = 4.314220e+02
FFTIME:  time = 4.004900e-01 (asqtad3) terms = 2 mflops = 5.547993e+02
CONGRAD5: time = 1.794600e-02 (fn F) masses = 1 iters = 5 mflops = 1.693257e+02
 OK converged final_rsq= 0.011 (cf 0.016) rel = 1 (cf 0) restarts = 1 iters= 5
CONGRAD5: time = 1.743293e-02 (fn F) masses = 1 iters = 5 mflops = 1.743092e+02
 OK converged final_rsq= 0.01 (cf 0.016) rel = 1 (cf 0) restarts = 1 iters= 5
GFTIME:   time = 1.844909e-01 (Symanzik1) mflops = 4.246174e+02
FFTIME:  time = 4.147182e-01 (asqtad3) terms = 2 mflops = 5.357654e+02
CONGRAD5: time = 1.803207e-02 (fn F) masses = 1 iters = 5 mflops = 1.685175e+02
 OK converged final_rsq= 0.011 (cf 0.016) rel = 1 (cf 0) restarts = 1 iters= 5
CONGRAD5: time = 1.732993e-02 (fn F) masses = 1 iters = 5 mflops = 1.753452e+02
 OK converged final_rsq= 0.01 (cf 0.016) rel = 1 (cf 0) restarts = 1 iters= 5
GFTIME:   time = 1.831970e-01 (Symanzik1) mflops = 4.276164e+02
FFTIME:  time = 3.983481e-01 (asqtad3) terms = 2 mflops = 5.577826e+02
CONGRAD5: time = 1.745391e-02 (fn F) masses = 1 iters = 5 mflops = 1.740997e+02
 OK converged final_rsq= 0.011 (cf 0.016) rel = 1 (cf 0) restarts = 1 iters= 5
CONGRAD5: time = 1.749086e-02 (fn F) masses = 1 iters = 5 mflops = 1.737318e+02
 OK converged final_rsq= 0.01 (cf 0.016) rel = 1 (cf 0) restarts = 1 iters= 5
GFTIME:   time = 1.850030e-01 (Symanzik1) mflops = 4.234419e+02
FFTIME:  time = 3.974061e-01 (asqtad3) terms = 2 mflops = 5.591047e+02
CONGRAD5: time = 1.955009e-02 (fn F) masses = 1 iters = 5 mflops = 1.554326e+02
 OK converged final_rsq= 0.011 (cf 0.016) rel = 1 (cf 0) restarts = 1 iters= 5
CONGRAD5: time = 1.822686e-02 (fn F) masses = 1 iters = 5 mflops = 1.667166e+02
 OK converged final_rsq= 0.01 (cf 0.016) rel = 1 (cf 0) restarts = 1 iters= 5
GFTIME:   time = 2.081599e-01 (Symanzik1) mflops = 3.763359e+02
FFTIME:  time = 4.116871e-01 (asqtad3) terms = 2 mflops = 5.397099e+02
CONGRAD5: time = 1.797700e-02 (fn F) masses = 1 iters = 5 mflops = 1.690338e+02
 OK converged final_rsq= 0.011 (cf 0.016) rel = 1 (cf 0) restarts = 1 iters= 5
CONGRAD5: time = 1.745009e-02 (fn F) masses = 1 iters = 5 mflops = 1.741377e+02
 OK converged final_rsq= 0.01 (cf 0.016) rel = 1 (cf 0) restarts = 1 iters= 5
GFTIME:   time = 1.848578e-01 (Symanzik1) mflops = 4.237745e+02
FFTIME:  time = 3.924699e-01 (asqtad3) terms = 2 mflops = 5.661367e+02
CONGRAD5: time = 1.754999e-02 (fn F) masses = 1 iters = 5 mflops = 1.731465e+02
 OK converged final_rsq= 0.011 (cf 0.016) rel = 1 (cf 0) restarts = 1 iters= 5
CONGRAD5: time = 1.758409e-02 (fn F) masses = 1 iters = 5 mflops = 1.728108e+02
 OK converged final_rsq= 0.01 (cf 0.016) rel = 1 (cf 0) restarts = 1 iters= 5
GFTIME:   time = 1.807330e-01 (Symanzik1) mflops = 4.334464e+02
FFTIME:  time = 3.892341e-01 (asqtad3) terms = 2 mflops = 5.708432e+02
CONGRAD5: time = 1.765990e-02 (fn F) masses = 1 iters = 5 mflops = 1.720689e+02
 OK converged final_rsq= 0.01 (cf 0.016) rel = 1 (cf 0) restarts = 1 iters= 5
CONGRAD5: time = 1.762891e-02 (fn F) masses = 1 iters = 5 mflops = 1.723714e+02
 OK converged final_rsq= 0.01 (cf 0.016) rel = 1 (cf 0) restarts = 1 iters= 5
GFTIME:   time = 1.847699e-01 (Symanzik1) mflops = 4.239763e+02
FFTIME:  time = 3.969820e-01 (asqtad3) terms = 2 mflops = 5.597021e+02
CONGRAD5: time = 1.734900e-02 (fn F) masses = 1 iters = 5 mflops = 1.751524e+02
 OK converged final_rsq= 0.01 (cf 0.016) rel = 1 (cf 0) restarts = 1 iters= 5
CONGRAD5: time = 2.121496e-02 (fn F) masses = 1 iters = 5 mflops = 1.432348e+02
 OK converged final_rsq= 0.01 (cf 0.016) rel = 1 (cf 0) restarts = 1 iters= 5
GFTIME:   time = 1.827731e-01 (Symanzik1) mflops = 4.286082e+02
FFTIME:  time = 3.932030e-01 (asqtad3) terms = 2 mflops = 5.650812e+02
PLAQ:	1.716398	1.715837
P_LOOP:	-3.150374e-03	-3.464677e-03
G_LOOP:  0  0  4   	1.716238e+00	( 0 1 7 6  )
G_LOOP:  0  1  4   	1.716077e+00	( 0 2 7 5  )
G_LOOP:  0  2  4   	1.715034e+00	( 0 3 7 4  )
G_LOOP:  0  3  4   	1.716880e+00	( 1 2 6 5  )
G_LOOP:  0  4  4   	1.716425e+00	( 1 3 6 4  )
G_LOOP:  0  5  4   	1.716053e+00	( 2 3 5 4  )
G_LOOP:  1  0  6   	9.533109e-01	( 0 0 1 7 7 6  )
G_LOOP:  1  1  6   	9.532008e-01	( 0 0 2 7 7 5  )
G_LOOP:  1  2  6   	9.520430e-01	( 0 0 3 7 7 4  )
G_LOOP:  1  3  6   	9.525956e-01	( 1 1 0 6 6 7  )
G_LOOP:  1  4  6   	9.532125e-01	( 1 1 2 6 6 5  )
G_LOOP:  1  5  6   	9.539757e-01	( 1 1 3 6 6 4  )
G_LOOP:  1  6  6   	9.536464e-01	( 2 2 0 5 5 7  )
G_LOOP:  1  7  6   	9.540433e-01	( 2 2 1 5 5 6  )
G_LOOP:  1  8  6   	9.537476e-01	( 2 2 3 5 5 4  )
G_LOOP:  1  9  6   	9.522329e-01	( 3 3 0 4 4 7  )
G_LOOP:  1  10  6   	9.534732e-01	( 3 3 1 4 4 6  )
G_LOOP:  1  11  6   	9.538299e-01	( 3 3 2 4 4 5  )
G_LOOP:  2  0  6   	9.877039e-01	( 0 1 2 7 6 5  )
G_LOOP:  2  1  6   	9.846603e-01	( 0 1 5 7 6 2  )
G_LOOP:  2  2  6   	9.864715e-01	( 0 6 2 7 1 5  )
G_LOOP:  2  3  6   	9.869005e-01	( 0 6 5 7 1 2  )
G_LOOP:  2  4  6   	9.843672e-01	( 0 1 3 7 6 4  )
G_LOOP:  2  5  6   	9.862521e-01	( 0 1 4 7 6 3  )
G_LOOP:  2  6  6   	9.853950e-01	( 0 6 3 7 1 4  )
G_LOOP:  2  7  6   	9.848292e-01	( 0 6 4 7 1 3  )
G_LOOP:  2  8  6   	9.851951e-01	( 0 2 3 7 5 4  )
G_LOOP:  2  9  6   	9.848119e-01	( 0 2 4 7 5 3  )
G_LOOP:  2  10  6   	9.855945e-01	( 0 5 3 7 2 4  )
G_LOOP:  2  11  6   	9.851605e-01	( 0 5 4 7 2 3  )
G_LOOP:  2  12  6   	9.871943e-01	( 1 2 3 6 5 4  )
G_LOOP:  2  13  6   	9.861372e-01	( 1 2 4 6 5 3  )
G_LOOP:  2  14  6   	9.861608e-01	( 1 5 3 6 2 4  )
G_LOOP:  2  15  6   	9.859249e-01	( 1 5 4 6 2 3  )
GACTION: 5.464450e+00
CONGRAD5: time = 2.001905e-02 (fn F) masses = 1 iters = 5 mflops = 1.517914e+02
 OK converged final_rsq= 0.0091 (cf 0.016) rel = 1 (cf 0) restarts = 1 iters= 5
CONGRAD5: time = 2.582192e-02 (fn F) masses = 1 iters = 7 mflops = 1.647518e+02
 OK converged final_rsq= 0.013 (cf 0.016) rel = 1 (cf 0) restarts = 2 iters= 7
PBP: mass 1.250000e-01     1.164449e-01  4.472732e-01  1.190417e-03  1.424031e-03 ( 1 of 1 )
FACTION: mass = 1.250000e-01,  1.448130e+00 ( 1 of 1 )
CONGRAD5: time = 1.927614e-02 (fn F) masses = 1 iters = 5 mflops = 1.576415e+02
 OK converged final_rsq= 0.0091 (cf 0.016) rel = 1 (cf 0) restarts = 1 iters= 5
CONGRAD5: time = 2.454090e-02 (fn F) masses = 1 iters = 7 mflops = 1.733517e+02
 OK converged final_rsq= 0.013 (cf 0.016) rel = 1 (cf 0) restarts = 2 iters= 7
PBP: mass 1.250000e-01     1.169226e-01  4.463218e-01  5.598339e-05  -1.035184e-04 ( 1 of 1 )
FACTION: mass = 1.250000e-01,  1.448829e+00 ( 1 of 1 )
CONGRAD5: time = 1.823997e-02 (fn F) masses = 1 iters = 5 mflops = 1.665967e+02
 OK converged final_rsq= 0.011 (cf 0.016) rel = 1 (cf 0) restarts = 1 iters= 5
CONGRAD5: time = 1.758599e-02 (fn F) masses = 1 iters = 5 mflops = 1.727921e+02
 OK converged final_rsq= 0.01 (cf 0.016) rel = 1 (cf 0) restarts = 1 iters= 5
GFTIME:   time = 1.861532e-01 (Symanzik1) mflops = 4.208257e+02
FFTIME:  time = 3.926930e-01 (asqtad3) terms = 2 mflops = 5.658150e+02
CONGRAD5: time = 1.751089e-02 (fn F) masses = 1 iters = 5 mflops = 1.735331e+02
 OK converged final_rsq= 0.012 (cf 0.016) rel = 1 (cf 0) restarts = 1 iters= 5
CONGRAD5: time = 1.716900e-02 (fn F) masses = 1 iters = 5 mflops = 1.769888e+02
 OK converged final_rsq= 0.011 (cf 0.016) rel = 1 (cf 0) restarts = 1 iters= 5
GFTIME:   time = 1.816919e-01 (Symanzik1) mflops = 4.311588e+02
FFTIME:  time = 3.882048e-01 (asqtad3) terms = 2 mflops = 5.723567e+02
CONGRAD5: time = 1.755095e-02 (fn F) masses = 1 iters = 5 mflops = 1.731371e+02
 OK converged final_rsq= 0.013 (cf 0.016) rel = 1 (cf 0) restarts = 1 iters= 5
CONGRAD5: time = 1.723480e-02 (fn F) masses = 1 iters = 5 mflops = 1.763130e+02
 OK converged final_rsq= 0.012 (cf 0.016) rel = 1 (cf 0) restarts = 1 iters= 5
GFTIME:   time = 1.864929e-01 (Symanzik1) mflops = 4.200591e+02
FFTIME:  time = 3.938720e-01 (asqtad3) terms = 2 mflops = 5.641213e+02
CONGRAD5: time = 1.801300e-02 (fn F) masses = 1 iters = 5 mflops = 1.686959e+02
 OK converged final_rsq= 0.013 (cf 0.016) rel = 1 (cf 0) restarts = 1 iters= 5
CONGRAD5: time = 1.736307e-02 (fn F) masses = 1 iters = 5 mflops = 1.750105e+02
 OK converged final_rsq= 0.012 (cf 0.016) rel = 1 (cf 0) restarts = 1 iters= 5
GFTIME:   time = 1.818740e-01 (Symanzik1) mflops = 4.307269e+02
FFTIME:  time = 3.977671e-01 (asqtad3) terms = 2 mflops = 5.585973e+02
CONGRAD5: time = 1.800895e-02 (fn F) masses = 1 iters = 5 mflops = 1.687339e+02
 OK converged final_rsq= 0.013 (cf 0.016) rel = 1 (cf 0) restarts = 1 iters= 5
CONGRAD5: time = 1.746607e-02 (fn F) masses = 1 iters = 5 mflops = 1.739785e+02
 OK converged final_rsq= 0.012 (cf 0.016) rel = 1 (cf 0) restarts = 1 iters= 5
GFTIME:   time = 1.828601e-01 (Symanzik1) mflops = 4.284042e+02
FFTIME:  time = 3.901050e-01 (asqtad3) terms = 2 mflops = 5.695687e+02
CONGRAD5: time = 1.872206e-02 (fn F) masses = 1 iters = 5 mflops = 1.623069e+02
 OK converged final_rsq= 0.013 (cf 0.016) rel = 1 (cf 0) restarts = 1 iters= 5
CONGRAD5: time = 1.734710e-02 (fn F) masses = 1 iters = 5 mflops = 1.751717e+02
 OK converged final_rsq= 0.012 (cf 0.016) rel = 1 (cf 0) restarts = 1 iters= 5
GFTIME:   time = 1.822300e-01 (Symanzik1) mflops = 4.298856e+02
FFTIME:  time = 3.900752e-01 (asqtad3) terms = 2 mflops = 5.696122e+02
CONGRAD5: time = 1.779199e-02 (fn F) masses = 1 iters = 5 mflops = 1.707915e+02
 OK converged final_rsq= 0.013 (cf 0.016) rel = 1 (cf 0) restarts = 1 iters= 5
CONGRAD5: time = 1.809192e-02 (fn F) masses = 1 iters = 5 mflops = 1.679601e+02
 OK converged final_rsq= 0.012 (cf 0.016) rel = 1 (cf 0) restarts = 1 iters= 5
GFTIME:   time = 1.896441e-01 (Symanzik1) mflops = 4.130793e+02
FFTIME:  time = 4.020910e-01 (asqtad3) terms = 2 mflops = 5.525903e+02
CONGRAD5: time = 1.722503e-02 (fn F) masses = 1 iters = 5 mflops = 1.764131e+02
 OK converged final_rsq= 0.013 (cf 0.016) rel = 1 (cf 0) restarts = 1 iters= 5
CONGRAD5: time = 1.716495e-02 (fn F) masses = 1 iters = 5 mflops = 1.770306e+02
 OK converged final_rsq= 0.012 (cf 0.016) rel = 1 (cf 0) restarts = 1 iters= 5
GFTIME:   time = 1.985950e-01 (Symanzik1) mflops = 3.944612e+02
FFTIME:  time = 3.863862e-01 (asqtad3) terms = 2 mflops = 5.750507e+02
CONGRAD5: time = 1.796699e-02 (fn F) masses = 1 iters = 5 mflops = 1.691280e+02
 OK converged final_rsq= 0.013 (cf 0.016) rel = 1 (cf 0) restarts = 1 iters= 5
CONGRAD5: time = 1.752186e-02 (fn F) masses = 1 iters = 5 mflops = 1.734245e+02
 OK converged final_rsq= 0.012 (cf 0.016) rel = 1 (cf 0) restarts = 1 iters= 5
GFTIME:   time = 1.875980e-01 (Symanzik1) mflops = 4.175847e+02
FFTIME:  time = 3.933680e-01 (asqtad3) terms = 2 mflops = 5.648441e+02
CONGRAD5: time = 1.736188e-02 (fn F) masses = 1 iters = 5 mflops = 1.750225e+02
 OK converged final_rsq= 0.013 (cf 0.016) rel = 1 (cf 0) restarts = 1 iters= 5
CONGRAD5: time = 1.763892e-02 (fn F) masses = 1 iters = 5 mflops = 1.722736e+02
 OK converged final_rsq= 0.012 (cf 0.016) rel = 1 (cf 0) restarts = 1 iters= 5
GFTIME:   time = 1.921821e-01 (Symanzik1) mflops = 4.076241e+02
FFTIME:  time = 3.921392e-01 (asqtad3) terms = 2 mflops = 5.666141e+02
PLAQ:	1.579739	1.579266
P_LOOP:	-5.891530e-03	5.479419e-03
G_LOOP:  0  0  4   	1.578508e+00	( 0 1 7 6  )
G_LOOP:  0  1  4   	1.580045e+00	( 0 2 7 5  )
G_LOOP:  0  2  4   	1.578565e+00	( 0 3 7 4  )
G_LOOP:  0  3  4   	1.580663e+00	( 1 2 6 5  )
G_LOOP:  0  4  4   	1.579861e+00	( 1 3 6 4  )
G_LOOP:  0  5  4   	1.579371e+00	( 2 3 5 4  )
G_LOOP:  1  0  6   	7.833307e-01	( 0 0 1 7 7 6  )
G_LOOP:  1  1  6   	7.856391e-01	( 0 0 2 7 7 5  )
G_LOOP:  1  2  6   	7.840322e-01	( 0 0 3 7 7 4  )
G_LOOP:  1  3  6   	7.848337e-01	( 1 1 0 6 6 7  )
G_LOOP:  1  4  6   	7.873132e-01	( 1 1 2 6 6 5  )
G_LOOP:  1  5  6   	7.856410e-01	( 1 1 3 6 6 4  )
G_LOOP:  1  6  6   	7.862714e-01	( 2 2 0 5 5 7  )
G_LOOP:  1  7  6   	7.868315e-01	( 2 2 1 5 5 6  )
G_LOOP:  1  8  6   	7.847974e-01	( 2 2 3 5 5 4  )
G_LOOP:  1  9  6   	7.844154e-01	( 3 3 0 4 4 7  )
G_LOOP:  1  10  6   	7.862386e-01	( 3 3 1 4 4 6  )
G_LOOP:  1  11  6   	7.855056e-01	( 3 3 2 4 4 5  )
G_LOOP:  2  0  6   	8.013092e-01	( 0 1 2 7 6 5  )
G_LOOP:  2  1  6   	8.000131e-01	( 0 1 5 7 6 2  )
G_LOOP:  2  2  6   	8.027656e-01	( 0 6 2 7 1 5  )
G_LOOP:  2  3  6   	8.003719e-01	( 0 6 5 7 1 2  )
G_LOOP:  2  4  6   	8.017877e-01	( 0 1 3 7 6 4  )
G_LOOP:  2  5  6   	8.007107e-01	( 0 1 4 7 6 3  )
G_LOOP:  2  6  6   	8.005308e-01	( 0 6 3 7 1 4  )
G_LOOP:  2  7  6   	8.007934e-01	( 0 6 4 7 1 3  )
G_LOOP:  2  8  6   	8.006871e-01	( 0 2 3 7 5 4  )
G_LOOP:  2  9  6   	8.018103e-01	( 0 2 4 7 5 3  )
G_LOOP:  2  10  6   	8.020582e-01	( 0 5 3 7 2 4  )
G_LOOP:  2  11  6   	8.006086e-01	( 0 5 4 7 2 3  )
G_LOOP:  2  12  6   	8.022621e-01	( 1 2 3 6 5 4  )
G_LOOP:  2  13  6   	8.027614e-01	( 1 2 4 6 5 3  )
G_LOOP:  2  14  6   	8.019550e-01	( 1 5 3 6 2 4  )
G_LOOP:  2  15  6   	8.020543e-01	( 1 5 4 6 2 3  )
GACTION: 6.097346e+00
CONGRAD5: time = 1.881289e-02 (fn F) masses = 1 iters = 5 mflops = 1.615233e+02
 OK converged final_rsq= 0.011 (cf 0.016) rel = 1 (cf 0) restarts = 1 iters= 5
CONGRAD5: time = 2.651381e-02 (fn F) masses = 1 iters = 8 mflops = 1.833743e+02
 OK converged final_rsq= 0.014 (cf 0.016) rel = 1 (cf 0) restarts = 2 iters= 8
PBP: mass 1.250000e-01     1.323407e-01  5.301771e-01  5.232454e-04  6.723118e-04 ( 1 of 1 )
FACTION: mass = 1.250000e-01,  1.425736e+00 ( 1 of 1 )
CONGRAD5: time = 1.805782e-02 (fn F) masses = 1 iters = 5 mflops = 1.682772e+02
 OK converged final_rsq= 0.011 (cf 0.016) rel = 1 (cf 0) restarts = 1 iters= 5
CONGRAD5: time = 2.657104e-02 (fn F) masses = 1 iters = 8 mflops = 1.829794e+02
 OK converged final_rsq= 0.014 (cf 0.016) rel = 1 (cf 0) restarts = 2 iters= 8
PBP: mass 1.250000e-01     1.310203e-01  5.309948e-01  -7.707513e-04  -5.064261e-04 ( 1 of 1 )
FACTION: mass = 1.250000e-01,  1.423025e+00 ( 1 of 1 )
RUNNING COMPLETED
average cg iters for step= 1.125000e+01
Time = 3.863858e+01 seconds
total_iters = 1012


warms 0
trajecs 4
traj_between_meas 1
beta 5.6
mass1 0.01
mass2 0.01
u0 0.8441
microcanonical_time_step 0.02
steps_per_trajectory 10
max_cg_iterations 25
max_cg_restarts 5
error_per_site 1e-05
error_for_propagator 1e-05
npbp_reps 1
prec_pbp 1
continue 
forget 
"O(a^2): couplings(pi)=0, Naik term, No O(a^2) errors, tadpole weights"
path coefficients: npath  path_coeff  multiplicity
                    0      6.250000e-01     8
                    1      -5.847914e-02     8
                    2      -8.771871e-02     48
                    3      3.077829e-02     192
                    4      -7.199551e-03     384
                    5      -1.231132e-01     48
Symanzik 1x1 + 1x2 + 1x1x1 action
gauge_action: total_dyn_flavors = 3
loop coefficients: nloop rep loop_coeff  multiplicity
                    0 0      1.000000e+00     6
                    1 0      -7.762509e-02     12
                    2 0      -1.031171e-02     16
WARMUPS COMPLETED
CONGRAD5: time = 2.893460e-01 (fn F) masses = 1 iters = 125 mflops = 2.625507e+02
 NOT converged final_rsq= 8e-06 (cf 1e-10) rel = 1 (cf 0) restarts = 5 iters= 125 
CONGRAD5: time = 2.745240e-01 (fn F) masses = 1 iters = 125 mflops = 2.767263e+02
 NOT converged final_rsq= 6.8e-06 (cf 1e-10) rel = 1 (cf 0) restarts = 5 iters= 125 
GFTIME:   time = 2.064989e-01 (Symanzik1) mflops = 3.793631e+02
FFTIME:  time = 3.988402e-01 (asqtad3) terms = 2 mflops = 5.570944e+02
CONGRAD5: time = 2.733901e-01 (fn F) masses = 1 iters = 125 mflops = 2.778740e+02
 NOT converged final_rsq= 8.6e-06 (cf 1e-10) rel = 1 (cf 0) restarts = 5 iters= 125 
CONGRAD5: time = 2.764711e-01 (fn F) masses = 1 iters = 125 mflops = 2.747773e+02
 NOT converged final_rsq= 6.7e-06 (cf 1e-10) rel = 1 (cf 0) restarts = 5 iters= 125 
GFTIME:   time = 1.829689e-01 (Symanzik1) mflops = 4.281496e+02
FFTIME:  time = 3.891249e-01 (asqtad3) terms = 2 mflops = 5.710034e+02
CONGRAD5: time = 2.776651e-01 (fn F) masses = 1 iters = 125 mflops = 2.735957e+02
 NOT converged final_rsq= 8.3e-06 (cf 1e-10) rel = 1 (cf 0) restarts = 5 iters= 125 
CONGRAD5: time = 2.720990e-01 (fn F) masses = 1 iters = 125 mflops = 2.791925e+02
 NOT converged final_rsq= 6.7e-06 (cf 1e-10) rel = 1 (cf 0) restarts = 5 iters= 125 
GFTIME:   time = 1.840580e-01 (Symanzik1) mflops = 4.256162e+02
FFTIME:  time = 4.001720e-01 (asqtad3) terms = 2 mflops = 5.552403e+02
CONGRAD5: time = 2.762761e-01 (fn F) masses = 1 iters = 125 mflops = 2.749713e+02
 NOT converged final_rsq= 8.2e-06 (cf 1e-10) rel = 1 (cf 0) restarts = 5 iters= 125 
CONGRAD5: time = 2.789469e-01 (fn F) masses = 1 iters = 125 mflops = 2.723386e+02
 NOT converged final_rsq= 6.7e-06 (cf 1e-10) rel = 1 (cf 0) restarts = 5 iters= 125 
GFTIME:   time = 1.909111e-01 (Symanzik1) mflops = 4.103379e+02
FFTIME:  time = 3.984950e-01 (asqtad3) terms = 2 mflops = 5.575770e+02
CONGRAD5: time = 2.773571e-01 (fn F) masses = 1 iters = 125 mflops = 2.738996e+02
 NOT converged final_rsq= 7.9e-06 (cf 1e-10) rel = 1 (cf 0) restarts = 5 iters= 125 
CONGRAD5: time = 2.737231e-01 (fn F) masses = 1 iters = 125 mflops = 2.775359e+02
 NOT converged final_rsq= 6.5e-06 (cf 1e-10) rel = 1 (cf 0) restarts = 5 iters= 125 
GFTIME:   time = 1.845090e-01 (Symanzik1) mflops = 4.245757e+02
FFTIME:  time = 3.967469e-01 (asqtad3) terms = 2 mflops = 5.600337e+02
CONGRAD5: time = 2.732918e-01 (fn F) masses = 1 iters = 125 mflops = 2.779739e+02
 NOT converged final_rsq= 8.4e-06 (cf 1e-10) rel = 1 (cf 0) restarts = 5 iters= 125 
CONGRAD5: time = 2.738039e-01 (fn F) masses = 1 iters = 125 mflops = 2.774540e+02
 NOT converged final_rsq= 6.8e-06 (cf 1e-10) rel = 1 (cf 0) restarts = 5 iters= 125 
GFTIME:   time = 1.890690e-01 (Symanzik1) mflops = 4.143357e+02
FFTIME:  time = 3.901510e-01 (asqtad3) terms = 2 mflops = 5.695016e+02
CONGRAD5: time = 2.771459e-01 (fn F) masses = 1 iters = 125 mflops = 2.741084e+02
 NOT converged final_rsq= 8.3e-06 (cf 1e-10) rel = 1 (cf 0) restarts = 5 iters= 125 
CONGRAD5: time = 2.739000e-01 (fn F) masses = 1 iters = 125 mflops = 2.773567e+02
 NOT converged final_rsq= 6.8e-06 (cf 1e-10) rel = 1 (cf 0) restarts = 5 iters= 125 
GFTIME:   time = 1.835458e-01 (Symanzik1) mflops = 4.268038e+02
FFTIME:  time = 3.947501e-01 (asqtad3) terms = 2 mflops = 5.628665e+02
CONGRAD5: time = 2.736590e-01 (fn F) masses = 1 iters = 125 mflops = 2.776010e+02
 NOT converged final_rsq= 8.4e-06 (cf 1e-10) rel = 1 (cf 0) restarts = 5 iters= 125 
CONGRAD5: time = 2.738261e-01 (fn F) masses = 1 iters = 125 mflops = 2.774315e+02
 NOT converged final_rsq= 7.1e-06 (cf 1e-10) rel = 1 (cf 0) restarts = 5 iters= 125 
GFTIME:   time = 1.892381e-01 (Symanzik1) mflops = 4.139656e+02
FFTIME:  time = 3.888180e-01 (asqtad3) terms = 2 mflops = 5.714540e+02
CONGRAD5: time = 2.766120e-01 (fn F) masses = 1 iters = 125 mflops = 2.746374e+02
 NOT converged final_rsq= 8.6e-06 (cf 1e-10) rel = 1 (cf 0) restarts = 5 iters= 125 
CONGRAD5: time = 2.730012e-01 (fn F) masses = 1 iters = 125 mflops = 2.782698e+02
 NOT converged final_rsq= 7e-06 (cf 1e-10) rel = 1 (cf 0) restarts = 5 iters= 125 
GFTIME:   time = 1.825321e-01 (Symanzik1) mflops = 4.291742e+02
FFTIME:  time = 3.915980e-01 (asqtad3) terms = 2 mflops = 5.673972e+02
CONGRAD5: time = 2.748160e-01 (fn F) masses = 1 iters = 125 mflops = 2.764322e+02
 NOT converged final_rsq= 8.8e-06 (cf 1e-10) rel = 1 (cf 0) restarts = 5 iters= 125 
CONGRAD5: time = 2.737350e-01 (fn F) masses = 1 iters = 125 mflops = 2.775238e+02
 NOT converged final_rsq= 7.2e-06 (cf 1e-10) rel = 1 (cf 0) restarts = 5 iters= 125 
GFTIME:   time = 1.828380e-01 (Symanzik1) mflops = 4.284561e+02
FFTIME:  time = 3.950360e-01 (asqtad3) terms = 2 mflops = 5.624592e+02
PLAQ:	1.534175	1.533318
P_LOOP:	-2.220924e-03	-5.022163e-04
G_LOOP:  0  0  4   	1.533634e+00	( 0 1 7 6  )
G_LOOP:  0  1  4   	1.533997e+00	( 0 2 7 5  )
G_LOOP:  0  2  4   	1.532898e+00	( 0 3 7 4  )
G_LOOP:  0  3  4   	1.534893e+00	( 1 2 6 5  )
G_LOOP:  0  4  4   	1.533263e+00	( 1 3 6 4  )
G_LOOP:  0  5  4   	1.533792e+00	( 2 3 5 4  )
G_LOOP:  1  0  6   	7.541364e-01	( 0 0 1 7 7 6  )
G_LOOP:  1  1  6   	7.557620e-01	( 0 0 2 7 7 5  )
G_LOOP:  1  2  6   	7.534922e-01	( 0 0 3 7 7 4  )
G_LOOP:  1  3  6   	7.544298e-01	( 1 1 0 6 6 7  )
G_LOOP:  1  4  6   	7.564980e-01	( 1 1 2 6 6 5  )
G_LOOP:  1  5  6   	7.543455e-01	( 1 1 3 6 6 4  )
G_LOOP:  1  6  6   	7.540257e-01	( 2 2 0 5 5 7  )
G_LOOP:  1  7  6   	7.566213e-01	( 2 2 1 5 5 6  )
G_LOOP:  1  8  6   	7.540226e-01	( 2 2 3 5 5 4  )
G_LOOP:  1  9  6   	7.534947e-01	( 3 3 0 4 4 7  )
G_LOOP:  1  10  6   	7.539670e-01	( 3 3 1 4 4 6  )
G_LOOP:  1  11  6   	7.546594e-01	( 3 3 2 4 4 5  )
G_LOOP:  2  0  6   	7.702878e-01	( 0 1 2 7 6 5  )
G_LOOP:  2  1  6   	7.694970e-01	( 0 1 5 7 6 2  )
G_LOOP:  2  2  6   	7.708570e-01	( 0 6 2 7 1 5  )
G_LOOP:  2  3  6   	7.692789e-01	( 0 6 5 7 1 2  )
G_LOOP:  2  4  6   	7.702286e-01	( 0 1 3 7 6 4  )
G_LOOP:  2  5  6   	7.706751e-01	( 0 1 4 7 6 3  )
G_LOOP:  2  6  6   	7.693723e-01	( 0 6 3 7 1 4  )
G_LOOP:  2  7  6   	7.696817e-01	( 0 6 4 7 1 3  )
G_LOOP:  2  8  6   	7.689882e-01	( 0 2 3 7 5 4  )
G_LOOP:  2  9  6   	7.711201e-01	( 0 2 4 7 5 3  )
G_LOOP:  2  10  6   	7.705435e-01	( 0 5 3 7 2 4  )
G_LOOP:  2  11  6   	7.698448e-01	( 0 5 4 7 2 3  )
G_LOOP:  2  12  6   	7.704913e-01	( 1 2 3 6 5 4  )
G_LOOP:  2  13  6   	7.709734e-01	( 1 2 4 6 5 3  )
G_LOOP:  2  14  6   	7.712757e-01	( 1 5 3 6 2 4  )
G_LOOP:  2  15  6   	7.702590e-01	( 1 5 4 6 2 3  )
GACTION: 6.338063e+00
CONGRAD5: time = 2.737911e-01 (fn F) masses = 1 iters = 125 mflops = 2.774670e+02
 NOT converged final_rsq= 6.6e-06 (cf 1e-10) rel = 1 (cf 0) restarts = 5 iters= 125 
CONGRAD5: time = 2.878361e-01 (fn F) masses = 1 iters = 125 mflops = 2.639280e+02
 NOT converged final_rsq= 2.2e-06 (cf 1e-10) rel = 1 (cf 0) restarts = 5 iters= 125 
PBP: mass 1.000000e-02     5.086975e-02  1.919236e-01  5.047829e-04  4.408550e-04 ( 1 of 1 )
FACTION: mass = 1.000000e-02,  1.498087e+00 ( 1 of 1 )
CONGRAD5: time = 2.881601e-01 (fn F) masses = 1 iters = 125 mflops = 2.636312e+02
 NOT converged final_rsq= 6.6e-06 (cf 1e-10) rel = 1 (cf 0) restarts = 5 iters= 125 
CONGRAD5: time = 2.891669e-01 (fn F) masses = 1 iters = 125 mflops = 2.627133e+02
 NOT converged final_rsq= 2.3e-06 (cf 1e-10) rel = 1 (cf 0) restarts = 5 iters= 125 
PBP: mass 1.000000e-02     5.768556e-02  1.925985e-01  9.686446e-04  1.088248e-03 ( 1 of 1 )
FACTION: mass = 1.000000e-02,  1.498691e+00 ( 1 of 1 )
CONGRAD5: time = 2.769070e-01 (fn F) masses = 1 iters = 125 mflops = 2.743448e+02
 NOT converged final_rsq= 8.6e-06 (cf 1e-10) rel = 1 (cf 0) restarts = 5 iters= 125 
CONGRAD5: time = 2.738919e-01 (fn F) masses = 1 iters = 125 mflops = 2.773649e+02
 NOT converged final_rsq= 7e-06 (cf 1e-10) rel = 1 (cf 0) restarts = 5 iters= 125 
GFTIME:   time = 1.850471e-01 (Symanzik1) mflops = 4.233410e+02
FFTIME:  time = 3.988509e-01 (asqtad3) terms = 2 mflops = 5.570794e+02
CONGRAD5: time = 2.736218e-01 (fn F) masses = 1 iters = 125 mflops = 2.776387e+02
 NOT converged final_rsq= 8.7e-06 (cf 1e-10) rel = 1 (cf 0) restarts = 5 iters= 125 
CONGRAD5: time = 2.744491e-01 (fn F) masses = 1 iters = 125 mflops = 2.768018e+02
 NOT converged final_rsq= 7.1e-06 (cf 1e-10) rel = 1 (cf 0) restarts = 5 iters= 125 
GFTIME:   time = 1.898141e-01 (Symanzik1) mflops = 4.127093e+02
FFTIME:  time = 3.897579e-01 (asqtad3) terms = 2 mflops = 5.700760e+02
CONGRAD5: time = 2.759528e-01 (fn F) masses = 1 iters = 125 mflops = 2.752934e+02
 NOT converged final_rsq= 8.6e-06 (cf 1e-10) rel = 1 (cf 0) restarts = 5 iters= 125 
CONGRAD5: time = 2.739310e-01 (fn F) masses = 1 iters = 125 mflops = 2.773253e+02
 NOT converged final_rsq= 7.2e-06 (cf 1e-10) rel = 1 (cf 0) restarts = 5 iters= 125 
GFTIME:   time = 1.839759e-01 (Symanzik1) mflops = 4.258060e+02
FFTIME:  time = 3.974149e-01 (asqtad3) terms = 2 mflops = 5.590923e+02
CONGRAD5: time = 2.736440e-01 (fn F) masses = 1 iters = 125 mflops = 2.776162e+02
 NOT converged final_rsq= 8.7e-06 (cf 1e-10) rel = 1 (cf 0) restarts = 5 iters= 125 
CONGRAD5: time = 2.735109e-01 (fn F) masses = 1 iters = 125 mflops = 2.777512e+02
 NOT converged final_rsq= 6.9e-06 (cf 1e-10) rel = 1 (cf 0) restarts = 5 iters= 125 
GFTIME:   time = 1.886940e-01 (Symanzik1) mflops = 4.151592e+02
FFTIME:  time = 3.946931e-01 (asqtad3) terms = 2 mflops = 5.629478e+02
CONGRAD5: time = 2.759130e-01 (fn F) masses = 1 iters = 125 mflops = 2.753332e+02
 NOT converged final_rsq= 8.5e-06 (cf 1e-10) rel = 1 (cf 0) restarts = 5 iters= 125 
CONGRAD5: time = 2.773900e-01 (fn F) masses = 1 iters = 125 mflops = 2.738671e+02
 NOT converged final_rsq= 6.8e-06 (cf 1e-10) rel = 1 (cf 0) restarts = 5 iters= 125 
GFTIME:   time = 1.833410e-01 (Symanzik1) mflops = 4.272805e+02
FFTIME:  time = 4.011130e-01 (asqtad3) terms = 2 mflops = 5.539377e+02
CONGRAD5: time = 2.727971e-01 (fn F) masses = 1 iters = 125 mflops = 2.784780e+02
 NOT converged final_rsq= 8.6e-06 (cf 1e-10) rel = 1 (cf 0) restarts = 5 iters= 125 
CONGRAD5: time = 2.761269e-01 (fn F) masses = 1 iters = 125 mflops = 2.751199e+02
 NOT converged final_rsq= 6.9e-06 (cf 1e-10) rel = 1 (cf 0) restarts = 5 iters= 125 
GFTIME:   time = 1.879270e-01 (Symanzik1) mflops = 4.168536e+02
FFTIME:  time = 4.010751e-01 (asqtad3) terms = 2 mflops = 5.539900e+02
CONGRAD5: time = 2.764349e-01 (fn F) masses = 1 iters = 125 mflops = 2.748133e+02
 NOT converged final_rsq= 8.4e-06 (cf 1e-10) rel = 1 (cf 0) restarts = 5 iters= 125 
CONGRAD5: time = 2.785659e-01 (fn F) masses = 1 iters = 125 mflops = 2.727111e+02
 NOT converged final_rsq= 6.8e-06 (cf 1e-10) rel = 1 (cf 0) restarts = 5 iters= 125 
GFTIME:   time = 1.829848e-01 (Symanzik1) mflops = 4.281123e+02
FFTIME:  time = 4.034319e-01 (asqtad3) terms = 2 mflops = 5.507537e+02
CONGRAD5: time = 2.765250e-01 (fn F) masses = 1 iters = 125 mflops = 2.747238e+02
 NOT converged final_rsq= 9e-06 (cf 1e-10) rel = 1 (cf 0) restarts = 5 iters= 125 
CONGRAD5: time = 2.734089e-01 (fn F) masses = 1 iters = 125 mflops = 2.778549e+02
 NOT converged final_rsq= 7.3e-06 (cf 1e-10) rel = 1 (cf 0) restarts = 5 iters= 125 
GFTIME:   time = 1.864069e-01 (Symanzik1) mflops = 4.202531e+02
FFTIME:  time = 3.963480e-01 (asqtad3) terms = 2 mflops = 5.605973e+02
CONGRAD5: time = 2.734571e-01 (fn F) masses = 1 iters = 125 mflops = 2.778060e+02
 NOT converged final_rsq= 8.7e-06 (cf 1e-10) rel = 1 (cf 0) restarts = 5 iters= 125 
CONGRAD5: time = 2.758670e-01 (fn F) masses = 1 iters = 125 mflops = 2.753791e+02
 NOT converged final_rsq= 7.2e-06 (cf 1e-10) rel = 1 (cf 0) restarts = 5 iters= 125 
GFTIME:   time = 1.839919e-01 (Symanzik1) mflops = 4.257690e+02
FFTIME:  time = 3.907220e-01 (asqtad3) terms = 2 mflops = 5.686693e+02
CONGRAD5: time = 2.734399e-01 (fn F) masses = 1 iters = 125 mflops = 2.778234e+02
 NOT converged final_rsq= 8.7e-06 (cf 1e-10) rel = 1 (cf 0) restarts = 5 iters= 125 
CONGRAD5: time = 2.739060e-01 (fn F) masses = 1 iters = 125 mflops = 2.773506e+02
 NOT converged final_rsq= 7.2e-06 (cf 1e-10) rel = 1 (cf 0) restarts = 5 iters= 125 
GFTIME:   time = 1.827371e-01 (Symanzik1) mflops = 4.286926e+02
FFTIME:  time = 3.953688e-01 (asqtad3) terms = 2 mflops = 5.619857e+02
PLAQ:	1.504736	1.504494
P_LOOP:	2.887344e-03	2.617484e-03
G_LOOP:  0  0  4   	1.504622e+00	( 0 1 7 6  )
G_LOOP:  0  1  4   	1.504222e+00	( 0 2 7 5  )
G_LOOP:  0  2  4   	1.503625e+00	( 0 3 7 4  )
G_LOOP:  0  3  4   	1.505365e+00	( 1 2 6 5  )
G_LOOP:  0  4  4   	1.505026e+00	( 1 3 6 4  )
G_LOOP:  0  5  4   	1.504831e+00	( 2 3 5 4  )
G_LOOP:  1  0  6   	7.318601e-01	( 0 0 1 7 7 6  )
G_LOOP:  1  1  6   	7.322710e-01	( 0 0 2 7 7 5  )
G_LOOP:  1  2  6   	7.303797e-01	( 0 0 3 7 7 4  )
G_LOOP:  1  3  6   	7.312950e-01	( 1 1 0 6 6 7  )
G_LOOP:  1  4  6   	7.333862e-01	( 1 1 2 6 6 5  )
G_LOOP:  1  5  6   	7.327726e-01	( 1 1 3 6 6 4  )
G_LOOP:  1  6  6   	7.311472e-01	( 2 2 0 5 5 7  )
G_LOOP:  1  7  6   	7.338153e-01	( 2 2 1 5 5 6  )
G_LOOP:  1  8  6   	7.313403e-01	( 2 2 3 5 5 4  )
G_LOOP:  1  9  6   	7.315901e-01	( 3 3 0 4 4 7  )
G_LOOP:  1  10  6   	7.320156e-01	( 3 3 1 4 4 6  )
G_LOOP:  1  11  6   	7.322206e-01	( 3 3 2 4 4 5  )
G_LOOP:  2  0  6   	7.481746e-01	( 0 1 2 7 6 5  )
G_LOOP:  2  1  6   	7.464471e-01	( 0 1 5 7 6 2  )
G_LOOP:  2  2  6   	7.478051e-01	( 0 6 2 7 1 5  )
G_LOOP:  2  3  6   	7.464347e-01	( 0 6 5 7 1 2  )
G_LOOP:  2  4  6   	7.470594e-01	( 0 1 3 7 6 4  )
G_LOOP:  2  5  6   	7.470206e-01	( 0 1 4 7 6 3  )
G_LOOP:  2  6  6   	7.464246e-01	( 0 6 3 7 1 4  )
G_LOOP:  2  7  6   	7.470239e-01	( 0 6 4 7 1 3  )
G_LOOP:  2  8  6   	7.466925e-01	( 0 2 3 7 5 4  )
G_LOOP:  2  9  6   	7.477069e-01	( 0 2 4 7 5 3  )
G_LOOP:  2  10  6   	7.478148e-01	( 0 5 3 7 2 4  )
G_LOOP:  2  11  6   	7.456591e-01	( 0 5 4 7 2 3  )
G_LOOP:  2  12  6   	7.477114e-01	( 1 2 3 6 5 4  )
G_LOOP:  2  13  6   	7.482929e-01	( 1 2 4 6 5 3  )
G_LOOP:  2  14  6   	7.480927e-01	( 1 5 3 6 2 4  )
G_LOOP:  2  15  6   	7.466593e-01	( 1 5 4 6 2 3  )
GACTION: 6.487986e+00
CONGRAD5: time = 2.753150e-01 (fn F) masses = 1 iters = 125 mflops = 2.759312e+02
 NOT converged final_rsq= 6.6e-06 (cf 1e-10) rel = 1 (cf 0) restarts = 5 iters= 125 
CONGRAD5: time = 2.764521e-01 (fn F) masses = 1 iters = 125 mflops = 2.747963e+02
 NOT converged final_rsq= 2.2e-06 (cf 1e-10) rel = 1 (cf 0) restarts = 5 iters= 125 
PBP: mass 1.000000e-02     5.647081e-02  1.948785e-01  -1.556198e-03  -1.428778e-03 ( 1 of 1 )
FACTION: mass = 1.000000e-02,  1.498125e+00 ( 1 of 1 )
CONGRAD5: time = 2.747691e-01 (fn F) masses = 1 iters = 125 mflops = 2.764794e+02
 NOT converged final_rsq= 6.5e-06 (cf 1e-10) rel = 1 (cf 0) restarts = 5 iters= 125 
CONGRAD5: time = 2.743540e-01 (fn F) masses = 1 iters = 125 mflops = 2.768977e+02
 NOT converged final_rsq= 2.2e-06 (cf 1e-10) rel = 1 (cf 0) restarts = 5 iters= 125 
PBP: mass 1.000000e-02     5.753229e-02  1.926936e-01  -9.896130e-04  -1.033548e-03 ( 1 of 1 )
FACTION: mass = 1.000000e-02,  1.497316e+00 ( 1 of 1 )
CONGRAD5: time = 2.772470e-01 (fn F) masses = 1 iters = 125 mflops = 2.740084e+02
 NOT converged final_rsq= 8.7e-06 (cf 1e-10) rel = 1 (cf 0) restarts = 5 iters= 125 
CONGRAD5: time = 2.739561e-01 (fn F) masses = 1 iters = 125 mflops = 2.772999e+02
 NOT converged final_rsq= 7.3e-06 (cf 1e-10) rel = 1 (cf 0) restarts = 5 iters= 125 
GFTIME:   time = 1.831121e-01 (Symanzik1) mflops = 4.278146e+02
FFTIME:  time = 3.985040e-01 (asqtad3) terms = 2 mflops = 5.575643e+02
CONGRAD5: time = 2.740951e-01 (fn F) masses = 1 iters = 125 mflops = 2.771593e+02
 NOT converged final_rsq= 8.7e-06 (cf 1e-10) rel = 1 (cf 0) restarts = 5 iters= 125 
CONGRAD5: time = 2.739110e-01 (fn F) masses = 1 iters = 125 mflops = 2.773456e+02
 NOT converged final_rsq= 7e-06 (cf 1e-10) rel = 1 (cf 0) restarts = 5 iters= 125 
GFTIME:   time = 1.862020e-01 (Symanzik1) mflops = 4.207153e+02
FFTIME:  time = 3.916929e-01 (asqtad3) terms = 2 mflops = 5.672598e+02
CONGRAD5: time = 2.757111e-01 (fn F) masses = 1 iters = 125 mflops = 2.755348e+02
 NOT converged final_rsq= 8.5e-06 (cf 1e-10) rel = 1 (cf 0) restarts = 5 iters= 125 
CONGRAD5: time = 2.746289e-01 (fn F) masses = 1 iters = 125 mflops = 2.766206e+02
 NOT converged final_rsq= 7.2e-06 (cf 1e-10) rel = 1 (cf 0) restarts = 5 iters= 125 
GFTIME:   time = 1.830380e-01 (Symanzik1) mflops = 4.279879e+02
FFTIME:  time = 3.950560e-01 (asqtad3) terms = 2 mflops = 5.624307e+02
CONGRAD5: time = 2.738550e-01 (fn F) masses = 1 iters = 125 mflops = 2.774023e+02
 NOT converged final_rsq= 8.9e-06 (cf 1e-10) rel = 1 (cf 0) restarts = 5 iters= 125 
CONGRAD5: time = 2.739930e-01 (fn F) masses = 1 iters = 125 mflops = 2.772625e+02
 NOT converged final_rsq= 7.1e-06 (cf 1e-10) rel = 1 (cf 0) restarts = 5 iters= 125 
GFTIME:   time = 1.846092e-01 (Symanzik1) mflops = 4.243454e+02
FFTIME:  time = 3.957100e-01 (asqtad3) terms = 2 mflops = 5.615012e+02
CONGRAD5: time = 2.722681e-01 (fn F) masses = 1 iters = 125 mflops = 2.790191e+02
 NOT converged final_rsq= 9e-06 (cf 1e-10) rel = 1 (cf 0) restarts = 5 iters= 125 
CONGRAD5: time = 2.757390e-01 (fn F) masses = 1 iters = 125 mflops = 2.755070e+02
 NOT converged final_rsq= 7.4e-06 (cf 1e-10) rel = 1 (cf 0) restarts = 5 iters= 125 
GFTIME:   time = 1.864960e-01 (Symanzik1) mflops = 4.200521e+02
FFTIME:  time = 3.921020e-01 (asqtad3) terms = 2 mflops = 5.666679e+02
CONGRAD5: time = 2.742779e-01 (fn F) masses = 1 iters = 125 mflops = 2.769745e+02
 NOT converged final_rsq= 8.9e-06 (cf 1e-10) rel = 1 (cf 0) restarts = 5 iters= 125 
CONGRAD5: time = 2.741339e-01 (fn F) masses = 1 iters = 125 mflops = 2.771200e+02
 NOT converged final_rsq= 7.3e-06 (cf 1e-10) rel = 1 (cf 0) restarts = 5 iters= 125 
GFTIME:   time = 1.839721e-01 (Symanzik1) mflops = 4.258148e+02
FFTIME:  time = 3.932362e-01 (asqtad3) terms = 2 mflops = 5.650335e+02
CONGRAD5: time = 2.741611e-01 (fn F) masses = 1 iters = 125 mflops = 2.770926e+02
 NOT converged final_rsq= 9.1e-06 (cf 1e-10) rel = 1 (cf 0) restarts = 5 iters= 125 
CONGRAD5: time = 2.761931e-01 (fn F) masses = 1 iters = 125 mflops = 2.750539e+02
 NOT converged final_rsq= 7.3e-06 (cf 1e-10) rel = 1 (cf 0) restarts = 5 iters= 125 
GFTIME:   time = 1.829300e-01 (Symanzik1) mflops = 4.282406e+02
FFTIME:  time = 3.942921e-01 (asqtad3) terms = 2 mflops = 5.635203e+02
CONGRAD5: time = 2.759860e-01 (fn F) masses = 1 iters = 125 mflops = 2.752604e+02
 NOT converged final_rsq= 8.5e-06 (cf 1e-10) rel = 1 (cf 0) restarts = 5 iters= 125 
CONGRAD5: time = 2.736180e-01 (fn F) masses = 1 iters = 125 mflops = 2.776426e+02
 NOT converged final_rsq= 7.4e-06 (cf 1e-10) rel = 1 (cf 0) restarts = 5 iters= 125 
GFTIME:   time = 1.864209e-01 (Symanzik1) mflops = 4.202213e+02
FFTIME:  time = 3.915460e-01 (asqtad3) terms = 2 mflops = 5.674726e+02
CONGRAD5: time = 2.741091e-01 (fn F) masses = 1 iters = 125 mflops = 2.771451e+02
 NOT converged final_rsq= 9.1e-06 (cf 1e-10) rel = 1 (cf 0) restarts = 5 iters= 125 
CONGRAD5: time = 2.745419e-01 (fn F) masses = 1 iters = 125 mflops = 2.767083e+02
 NOT converged final_rsq= 7.8e-06 (cf 1e-10) rel = 1 (cf 0) restarts = 5 iters= 125 
GFTIME:   time = 1.865060e-01 (Symanzik1) mflops = 4.200296e+02
FFTIME:  time = 3.899260e-01 (asqtad3) terms = 2 mflops = 5.698303e+02
CONGRAD5: time = 2.811079e-01 (fn F) masses = 1 iters = 125 mflops = 2.702450e+02
 NOT converged final_rsq= 9.2e-06 (cf 1e-10) rel = 1 (cf 0) restarts = 5 iters= 125 
CONGRAD5: time = 2.863870e-01 (fn F) masses = 1 iters = 125 mflops = 2.652635e+02
 NOT converged final_rsq= 7.2e-06 (cf 1e-10) rel = 1 (cf 0) restarts = 5 iters= 125 
GFTIME:   time = 2.091660e-01 (Symanzik1) mflops = 3.745256e+02
FFTIME:  time = 4.003019e-01 (asqtad3) terms = 2 mflops = 5.550601e+02
PLAQ:	1.485011	1.484403
P_LOOP:	-5.252108e-04	5.051977e-04
G_LOOP:  0  0  4   	1.485403e+00	( 0 1 7 6  )
G_LOOP:  0  1  4   	1.484437e+00	( 0 2 7 5  )
G_LOOP:  0  2  4   	1.483185e+00	( 0 3 7 4  )
G_LOOP:  0  3  4   	1.485193e+00	( 1 2 6 5  )
G_LOOP:  0  4  4   	1.485196e+00	( 1 3 6 4  )
G_LOOP:  0  5  4   	1.484827e+00	( 2 3 5 4  )
G_LOOP:  1  0  6   	7.150134e-01	( 0 0 1 7 7 6  )
G_LOOP:  1  1  6   	7.143654e-01	( 0 0 2 7 7 5  )
G_LOOP:  1  2  6   	7.128028e-01	( 0 0 3 7 7 4  )
G_LOOP:  1  3  6   	7.149582e-01	( 1 1 0 6 6 7  )
G_LOOP:  1  4  6   	7.158180e-01	( 1 1 2 6 6 5  )
G_LOOP:  1  5  6   	7.159393e-01	( 1 1 3 6 6 4  )
G_LOOP:  1  6  6   	7.148301e-01	( 2 2 0 5 5 7  )
G_LOOP:  1  7  6   	7.154483e-01	( 2 2 1 5 5 6  )
G_LOOP:  1  8  6   	7.138364e-01	( 2 2 3 5 5 4  )
G_LOOP:  1  9  6   	7.135199e-01	( 3 3 0 4 4 7  )
G_LOOP:  1  10  6   	7.149869e-01	( 3 3 1 4 4 6  )
G_LOOP:  1  11  6   	7.154812e-01	( 3 3 2 4 4 5  )
G_LOOP:  2  0  6   	7.312660e-01	( 0 1 2 7 6 5  )
G_LOOP:  2  1  6   	7.289608e-01	( 0 1 5 7 6 2  )
G_LOOP:  2  2  6   	7.291521e-01	( 0 6 2 7 1 5  )
G_LOOP:  2  3  6   	7.293241e-01	( 0 6 5 7 1 2  )
G_LOOP:  2  4  6   	7.294237e-01	( 0 1 3 7 6 4  )
G_LOOP:  2  5  6   	7.288523e-01	( 0 1 4 7 6 3  )
G_LOOP:  2  6  6   	7.291699e-01	( 0 6 3 7 1 4  )
G_LOOP:  2  7  6   	7.296923e-01	( 0 6 4 7 1 3  )
G_LOOP:  2  8  6   	7.296049e-01	( 0 2 3 7 5 4  )
G_LOOP:  2  9  6   	7.305493e-01	( 0 2 4 7 5 3  )
G_LOOP:  2  10  6   	7.285821e-01	( 0 5 3 7 2 4  )
G_LOOP:  2  11  6   	7.283174e-01	( 0 5 4 7 2 3  )
G_LOOP:  2  12  6   	7.302939e-01	( 1 2 3 6 5 4  )
G_LOOP:  2  13  6   	7.306628e-01	( 1 2 4 6 5 3  )
G_LOOP:  2  14  6   	7.293612e-01	( 1 5 3 6 2 4  )
G_LOOP:  2  15  6   	7.302224e-01	( 1 5 4 6 2 3  )
GACTION: 6.588457e+00
CONGRAD5: time = 2.741971e-01 (fn F) masses = 1 iters = 125 mflops = 2.770562e+02
 NOT converged final_rsq= 6.7e-06 (cf 1e-10) rel = 1 (cf 0) restarts = 5 iters= 125 
CONGRAD5: time = 2.747281e-01 (fn F) masses = 1 iters = 125 mflops = 2.765207e+02
 NOT converged final_rsq= 2.2e-06 (cf 1e-10) rel = 1 (cf 0) restarts = 5 iters= 125 
PBP: mass 1.000000e-02     5.877336e-02  1.995000e-01  -1.192319e-03  -1.386983e-03 ( 1 of 1 )
FACTION: mass = 1.000000e-02,  1.498973e+00 ( 1 of 1 )
CONGRAD5: time = 2.768540e-01 (fn F) masses = 1 iters = 125 mflops = 2.743973e+02
 NOT converged final_rsq= 7e-06 (cf 1e-10) rel = 1 (cf 0) restarts = 5 iters= 125 
CONGRAD5: time = 2.746069e-01 (fn F) masses = 1 iters = 125 mflops = 2.766427e+02
 NOT converged final_rsq= 2.4e-06 (cf 1e-10) rel = 1 (cf 0) restarts = 5 iters= 125 
PBP: mass 1.000000e-02     5.895558e-02  2.055929e-01  9.617158e-04  1.279863e-03 ( 1 of 1 )
FACTION: mass = 1.000000e-02,  1.496872e+00 ( 1 of 1 )
CONGRAD5: time = 2.741868e-01 (fn F) masses = 1 iters = 125 mflops = 2.770665e+02
 NOT converged final_rsq= 9.6e-06 (cf 1e-10) rel = 1 (cf 0) restarts = 5 iters= 125 
CONGRAD5: time = 2.759299e-01 (fn F) masses = 1 iters = 125 mflops = 2.753163e+02
 NOT converged final_rsq= 7.6e-06 (cf 1e-10) rel = 1 (cf 0) restarts = 5 iters= 125 
GFTIME:   time = 1.832871e-01 (Symanzik1) mflops = 4.274061e+02
FFTIME:  time = 3.966360e-01 (asqtad3) terms = 2 mflops = 5.601902e+02
CONGRAD5: time = 2.725060e-01 (fn F) masses = 1 iters = 125 mflops = 2.787755e+02
 NOT converged final_rsq= 9.3e-06 (cf 1e-10) rel = 1 (cf 0) restarts = 5 iters= 125 
CONGRAD5: time = 2.738612e-01 (fn F) masses = 1 iters = 125 mflops = 2.773960e+02
 NOT converged final_rsq= 7.6e-06 (cf 1e-10) rel = 1 (cf 0) restarts = 5 iters= 125 
GFTIME:   time = 1.822960e-01 (Symanzik1) mflops = 4.297298e+02
FFTIME:  time = 4.014101e-01 (asqtad3) terms = 2 mflops = 5.535277e+02
CONGRAD5: time = 2.732980e-01 (fn F) masses = 1 iters = 125 mflops = 2.779676e+02
 NOT converged final_rsq= 9.2e-06 (cf 1e-10) rel = 1 (cf 0) restarts = 5 iters= 125 
CONGRAD5: time = 2.760110e-01 (fn F) masses = 1 iters = 125 mflops = 2.752354e+02
 NOT converged final_rsq= 7.6e-06 (cf 1e-10) rel = 1 (cf 0) restarts = 5 iters= 125 
GFTIME:   time = 1.832609e-01 (Symanzik1) mflops = 4.274673e+02
FFTIME:  time = 4.319742e-01 (asqtad3) terms = 2 mflops = 5.143632e+02
CONGRAD5: time = 3.771060e-01 (fn F) masses = 1 iters = 125 mflops = 2.014500e+02
 NOT converged final_rsq= 8.8e-06 (cf 1e-10) rel = 1 (cf 0) restarts = 5 iters= 125 
CONGRAD5: time = 2.738891e-01 (fn F) masses = 1 iters = 125 mflops = 2.773678e+02
 NOT converged final_rsq= 7.3e-06 (cf 1e-10) rel = 1 (cf 0) restarts = 5 iters= 125 
GFTIME:   time = 1.863608e-01 (Symanzik1) mflops = 4.203568e+02
FFTIME:  time = 3.965881e-01 (asqtad3) terms = 2 mflops = 5.602579e+02
CONGRAD5: time = 2.725408e-01 (fn F) masses = 1 iters = 125 mflops = 2.787399e+02
 NOT converged final_rsq= 9.2e-06 (cf 1e-10) rel = 1 (cf 0) restarts = 5 iters= 125 
CONGRAD5: time = 2.763960e-01 (fn F) masses = 1 iters = 125 mflops = 2.748520e+02
 NOT converged final_rsq= 7.5e-06 (cf 1e-10) rel = 1 (cf 0) restarts = 5 iters= 125 
GFTIME:   time = 1.833189e-01 (Symanzik1) mflops = 4.273322e+02
FFTIME:  time = 3.908620e-01 (asqtad3) terms = 2 mflops = 5.684657e+02
CONGRAD5: time = 2.741292e-01 (fn F) masses = 1 iters = 125 mflops = 2.771248e+02
 NOT converged final_rsq= 9.2e-06 (cf 1e-10) rel = 1 (cf 0) restarts = 5 iters= 125 
CONGRAD5: time = 2.734110e-01 (fn F) masses = 1 iters = 125 mflops = 2.778527e+02
 NOT converged final_rsq= 7.6e-06 (cf 1e-10) rel = 1 (cf 0) restarts = 5 iters= 125 
GFTIME:   time = 1.815102e-01 (Symanzik1) mflops = 4.315903e+02
FFTIME:  time = 3.934560e-01 (asqtad3) terms = 2 mflops = 5.647178e+02
CONGRAD5: time = 2.757778e-01 (fn F) masses = 1 iters = 125 mflops = 2.754681e+02
 NOT converged final_rsq= 9.5e-06 (cf 1e-10) rel = 1 (cf 0) restarts = 5 iters= 125 
CONGRAD5: time = 2.760732e-01 (fn F) masses = 1 iters = 125 mflops = 2.751734e+02
 NOT converged final_rsq= 7.6e-06 (cf 1e-10) rel = 1 (cf 0) restarts = 5 iters= 125 
GFTIME:   time = 1.813200e-01 (Symanzik1) mflops = 4.320432e+02
FFTIME:  time = 3.936300e-01 (asqtad3) terms = 2 mflops = 5.644682e+02
CONGRAD5: time = 2.797689e-01 (fn F) masses = 1 iters = 125 mflops = 2.715384e+02
 NOT converged final_rsq= 9.1e-06 (cf 1e-10) rel = 1 (cf 0) restarts = 5 iters= 125 
CONGRAD5: time = 2.737601e-01 (fn F) masses = 1 iters = 125 mflops = 2.774985e+02
 NOT converged final_rsq= 7.6e-06 (cf 1e-10) rel = 1 (cf 0) restarts = 5 iters= 125 
GFTIME:   time = 1.819971e-01 (Symanzik1) mflops = 4.304358e+02
FFTIME:  time = 3.965302e-01 (asqtad3) terms = 2 mflops = 5.603398e+02
CONGRAD5: time = 2.737069e-01 (fn F) masses = 1 iters = 125 mflops = 2.775524e+02
 NOT converged final_rsq= 9.5e-06 (cf 1e-10) rel = 1 (cf 0) restarts = 5 iters= 125 
CONGRAD5: time = 2.748110e-01 (fn F) masses = 1 iters = 125 mflops = 2.764372e+02
 NOT converged final_rsq= 7.3e-06 (cf 1e-10) rel = 1 (cf 0) restarts = 5 iters= 125 
GFTIME:   time = 1.855381e-01 (Symanzik1) mflops = 4.222209e+02
FFTIME:  time = 3.893259e-01 (asqtad3) terms = 2 mflops = 5.707086e+02
CONGRAD5: time = 2.918930e-01 (fn F) masses = 1 iters = 125 mflops = 2.602597e+02
 NOT converged final_rsq= 9.7e-06 (cf 1e-10) rel = 1 (cf 0) restarts = 5 iters= 125 
CONGRAD5: time = 2.733800e-01 (fn F) masses = 1 iters = 125 mflops = 2.778842e+02
 NOT converged final_rsq= 7.9e-06 (cf 1e-10) rel = 1 (cf 0) restarts = 5 iters= 125 
GFTIME:   time = 1.819859e-01 (Symanzik1) mflops = 4.304623e+02
FFTIME:  time = 3.910079e-01 (asqtad3) terms = 2 mflops = 5.682535e+02
PLAQ:	1.470362	1.470059
P_LOOP:	-2.904597e-03	4.602482e-03
G_LOOP:  0  0  4   	1.471274e+00	( 0 1 7 6  )
G_LOOP:  0  1  4   	1.469797e+00	( 0 2 7 5  )
G_LOOP:  0  2  4   	1.468726e+00	( 0 3 7 4  )
G_LOOP:  0  3  4   	1.470015e+00	( 1 2 6 5  )
G_LOOP:  0  4  4   	1.470849e+00	( 1 3 6 4  )
G_LOOP:  0  5  4   	1.470602e+00	( 2 3 5 4  )
G_LOOP:  1  0  6   	7.023948e-01	( 0 0 1 7 7 6  )
G_LOOP:  1  1  6   	7.009817e-01	( 0 0 2 7 7 5  )
G_LOOP:  1  2  6   	6.994354e-01	( 0 0 3 7 7 4  )
G_LOOP:  1  3  6   	7.023482e-01	( 1 1 0 6 6 7  )
G_LOOP:  1  4  6   	7.021562e-01	( 1 1 2 6 6 5  )
G_LOOP:  1  5  6   	7.024715e-01	( 1 1 3 6 6 4  )
G_LOOP:  1  6  6   	7.004515e-01	( 2 2 0 5 5 7  )
G_LOOP:  1  7  6   	7.014540e-01	( 2 2 1 5 5 6  )
G_LOOP:  1  8  6   	7.006166e-01	( 2 2 3 5 5 4  )
G_LOOP:  1  9  6   	6.998212e-01	( 3 3 0 4 4 7  )
G_LOOP:  1  10  6   	7.016121e-01	( 3 3 1 4 4 6  )
G_LOOP:  1  11  6   	7.012488e-01	( 3 3 2 4 4 5  )
G_LOOP:  2  0  6   	7.166693e-01	( 0 1 2 7 6 5  )
G_LOOP:  2  1  6   	7.151598e-01	( 0 1 5 7 6 2  )
G_LOOP:  2  2  6   	7.155817e-01	( 0 6 2 7 1 5  )
G_LOOP:  2  3  6   	7.157091e-01	( 0 6 5 7 1 2  )
G_LOOP:  2  4  6   	7.155552e-01	( 0 1 3 7 6 4  )
G_LOOP:  2  5  6   	7.158826e-01	( 0 1 4 7 6 3  )
G_LOOP:  2  6  6   	7.162664e-01	( 0 6 3 7 1 4  )
G_LOOP:  2  7  6   	7.153397e-01	( 0 6 4 7 1 3  )
G_LOOP:  2  8  6   	7.156984e-01	( 0 2 3 7 5 4  )
G_LOOP:  2  9  6   	7.166042e-01	( 0 2 4 7 5 3  )
G_LOOP:  2  10  6   	7.149120e-01	( 0 5 3 7 2 4  )
G_LOOP:  2  11  6   	7.138495e-01	( 0 5 4 7 2 3  )
G_LOOP:  2  12  6   	7.169060e-01	( 1 2 3 6 5 4  )
G_LOOP:  2  13  6   	7.164760e-01	( 1 2 4 6 5 3  )
G_LOOP:  2  14  6   	7.160738e-01	( 1 5 3 6 2 4  )
G_LOOP:  2  15  6   	7.159902e-01	( 1 5 4 6 2 3  )
GACTION: 6.660582e+00
CONGRAD5: time = 2.742729e-01 (fn F) masses = 1 iters = 125 mflops = 2.769796e+02
 NOT converged final_rsq= 7.1e-06 (cf 1e-10) rel = 1 (cf 0) restarts = 5 iters= 125 
CONGRAD5: time = 2.931452e-01 (fn F) masses = 1 iters = 125 mflops = 2.591480e+02
 NOT converged final_rsq= 2.3e-06 (cf 1e-10) rel = 1 (cf 0) restarts = 5 iters= 125 
PBP: mass 1.000000e-02     5.990784e-02  2.054195e-01  1.223752e-03  1.484866e-03 ( 1 of 1 )
FACTION: mass = 1.000000e-02,  1.496580e+00 ( 1 of 1 )
CONGRAD5: time = 2.760491e-01 (fn F) masses = 1 iters = 125 mflops = 2.751974e+02
 NOT converged final_rsq= 7.1e-06 (cf 1e-10) rel = 1 (cf 0) restarts = 5 iters= 125 
CONGRAD5: time = 2.743280e-01 (fn F) masses = 1 iters = 125 mflops = 2.769240e+02
 NOT converged final_rsq= 2.3e-06 (cf 1e-10) rel = 1 (cf 0) restarts = 5 iters= 125 
PBP: mass 1.000000e-02     5.744443e-02  2.064187e-01  -8.137043e-04  -1.032553e-03 ( 1 of 1 )
FACTION: mass = 1.000000e-02,  1.499013e+00 ( 1 of 1 )
RUNNING COMPLETED
average cg iters for step= 2.520000e+02
Time = 6.357453e+01 seconds
total_iters = 23188


get_i(0): EOF on input.
exit: Sat Jan 23 00:05:35 2021

Experiment data directory written:
/global/project/projectdirs/m3231/yijia/cook/mpi/MILC/su3_rmd+pat+229395-8044t
Sat Jan 23 00:05:57 PST 2021
