Starting..
====================
iteration 0
Starting job in nedd policy..
startTime:Sun Nov 29 17:39:31 PST 2020


endTime:Sun Nov 29 17:41:28 PST 2020


Starting job in lowerRouterStall policy..
startTime:Sun Nov 29 17:41:28 PST 2020


endTime:Sun Nov 29 17:43:27 PST 2020


Starting job in fewerSwitch policy..
startTime:Sun Nov 29 17:43:27 PST 2020


endTime:Sun Nov 29 17:45:23 PST 2020


Starting job in random policy..
startTime:Sun Nov 29 17:45:23 PST 2020


endTime:Sun Nov 29 17:47:22 PST 2020


Starting job in antinedd policy..
startTime:Sun Nov 29 17:47:22 PST 2020


endTime:Sun Nov 29 17:49:12 PST 2020


Starting job in fewerNoCong policy..
startTime:Sun Nov 29 17:49:18 PST 2020


endTime:Sun Nov 29 17:51:17 PST 2020


====================
iteration 1
Starting job in nedd policy..
startTime:Sun Nov 29 17:54:07 PST 2020


endTime:Sun Nov 29 17:56:09 PST 2020


Starting job in lowerRouterStall policy..
startTime:Sun Nov 29 17:56:09 PST 2020


endTime:Sun Nov 29 17:58:00 PST 2020


Starting job in fewerSwitch policy..
startTime:Sun Nov 29 17:58:00 PST 2020


endTime:Sun Nov 29 17:59:49 PST 2020


Starting job in random policy..
startTime:Sun Nov 29 17:59:49 PST 2020


endTime:Sun Nov 29 18:01:50 PST 2020


Starting job in antinedd policy..
startTime:Sun Nov 29 18:01:50 PST 2020


endTime:Sun Nov 29 18:03:56 PST 2020


Starting job in fewerNoCong policy..
startTime:Sun Nov 29 18:04:01 PST 2020


endTime:Sun Nov 29 18:06:00 PST 2020


====================
iteration 2
Starting job in nedd policy..
startTime:Sun Nov 29 18:09:25 PST 2020


endTime:Sun Nov 29 18:11:19 PST 2020


Starting job in lowerRouterStall policy..
startTime:Sun Nov 29 18:11:19 PST 2020


endTime:Sun Nov 29 18:13:20 PST 2020


Starting job in fewerSwitch policy..
startTime:Sun Nov 29 18:13:20 PST 2020


endTime:Sun Nov 29 18:15:11 PST 2020


Starting job in random policy..
startTime:Sun Nov 29 18:15:11 PST 2020


endTime:Sun Nov 29 18:17:01 PST 2020


Starting job in antinedd policy..
startTime:Sun Nov 29 18:17:01 PST 2020


endTime:Sun Nov 29 18:18:48 PST 2020


Starting job in fewerNoCong policy..
startTime:Sun Nov 29 18:18:54 PST 2020


endTime:Sun Nov 29 18:20:41 PST 2020


====================
iteration 3
Starting job in nedd policy..
startTime:Sun Nov 29 18:24:43 PST 2020


endTime:Sun Nov 29 18:26:45 PST 2020


Starting job in lowerRouterStall policy..
startTime:Sun Nov 29 18:26:45 PST 2020


endTime:Sun Nov 29 18:28:31 PST 2020


Starting job in fewerSwitch policy..
startTime:Sun Nov 29 18:28:31 PST 2020


endTime:Sun Nov 29 18:30:35 PST 2020


Starting job in random policy..
startTime:Sun Nov 29 18:30:35 PST 2020


endTime:Sun Nov 29 18:32:23 PST 2020


Starting job in antinedd policy..
startTime:Sun Nov 29 18:32:23 PST 2020


endTime:Sun Nov 29 18:34:21 PST 2020


Starting job in fewerNoCong policy..
startTime:Sun Nov 29 18:34:27 PST 2020


endTime:Sun Nov 29 18:36:28 PST 2020


====================
iteration 4
Starting job in nedd policy..
startTime:Sun Nov 29 18:41:34 PST 2020


endTime:Sun Nov 29 18:43:28 PST 2020


Starting job in lowerRouterStall policy..
startTime:Sun Nov 29 18:43:28 PST 2020


endTime:Sun Nov 29 18:45:26 PST 2020


Starting job in fewerSwitch policy..
startTime:Sun Nov 29 18:45:26 PST 2020


endTime:Sun Nov 29 18:47:21 PST 2020


Starting job in random policy..
startTime:Sun Nov 29 18:47:21 PST 2020


endTime:Sun Nov 29 18:49:27 PST 2020


Starting job in antinedd policy..
startTime:Sun Nov 29 18:49:27 PST 2020


endTime:Sun Nov 29 18:51:29 PST 2020


Starting job in fewerNoCong policy..
startTime:Sun Nov 29 18:51:34 PST 2020


endTime:Sun Nov 29 18:53:19 PST 2020


====================
iteration 5
Starting job in nedd policy..
startTime:Sun Nov 29 18:58:46 PST 2020


endTime:Sun Nov 29 19:00:46 PST 2020


Starting job in lowerRouterStall policy..
startTime:Sun Nov 29 19:00:46 PST 2020


endTime:Sun Nov 29 19:02:44 PST 2020


Starting job in fewerSwitch policy..
startTime:Sun Nov 29 19:02:45 PST 2020


endTime:Sun Nov 29 19:04:41 PST 2020


Starting job in random policy..
startTime:Sun Nov 29 19:04:41 PST 2020


endTime:Sun Nov 29 19:06:43 PST 2020


Starting job in antinedd policy..
startTime:Sun Nov 29 19:06:43 PST 2020


endTime:Sun Nov 29 19:08:34 PST 2020


Starting job in fewerNoCong policy..
startTime:Sun Nov 29 19:08:39 PST 2020


endTime:Sun Nov 29 19:10:39 PST 2020


====================
iteration 6
Starting job in nedd policy..
startTime:Sun Nov 29 19:16:53 PST 2020


endTime:Sun Nov 29 19:18:53 PST 2020


Starting job in lowerRouterStall policy..
startTime:Sun Nov 29 19:18:53 PST 2020


endTime:Sun Nov 29 19:20:51 PST 2020


Starting job in fewerSwitch policy..
startTime:Sun Nov 29 19:20:51 PST 2020


endTime:Sun Nov 29 19:22:38 PST 2020


Starting job in random policy..
startTime:Sun Nov 29 19:22:38 PST 2020


endTime:Sun Nov 29 19:24:38 PST 2020


Starting job in antinedd policy..
startTime:Sun Nov 29 19:24:38 PST 2020


endTime:Sun Nov 29 19:26:38 PST 2020


Starting job in fewerNoCong policy..
startTime:Sun Nov 29 19:26:44 PST 2020


endTime:Sun Nov 29 19:28:47 PST 2020


====================
iteration 7
Starting job in nedd policy..
startTime:Sun Nov 29 19:35:51 PST 2020


endTime:Sun Nov 29 19:37:58 PST 2020


Starting job in lowerRouterStall policy..
startTime:Sun Nov 29 19:37:58 PST 2020


endTime:Sun Nov 29 19:39:44 PST 2020


Starting job in fewerSwitch policy..
startTime:Sun Nov 29 19:39:44 PST 2020


endTime:Sun Nov 29 19:41:30 PST 2020


Starting job in random policy..
startTime:Sun Nov 29 19:41:31 PST 2020


endTime:Sun Nov 29 19:43:29 PST 2020


Starting job in antinedd policy..
startTime:Sun Nov 29 19:43:29 PST 2020


endTime:Sun Nov 29 19:45:17 PST 2020


Starting job in fewerNoCong policy..
startTime:Sun Nov 29 19:45:22 PST 2020


endTime:Sun Nov 29 19:47:26 PST 2020


====================
iteration 8
