current nodes:
[755, 760, 763, 765, 783, 784, 861, 862, 1006, 1007, 1008, 1018, 1119, 1135, 1139, 1229, 1231, 1569, 1589, 1590, 1591, 1592, 1593, 1597, 1598, 1599, 1608, 1609, 1611, 1613, 1614, 1678, 1679, 1680, 1776, 1914, 1945, 2069, 2285, 2286, 2287, 2288, 2289, 2290, 2292, 2293, 2294, 2295, 12697, 12700, 12712, 12714, 12740, 12764, 12765, 12772, 12804, 12805, 12830, 12838, 12845, 12852, 12944, 13001]
app-node list:
[755, 760, 763, 765, 783, 784, 861, 862, 1006, 1007, 1008, 1018, 1119, 1135, 1139, 1229, 1231, 1569, 1589, 1590, 1591, 1592, 1593, 1597, 1598, 1599, 1608, 1609, 1611, 1613, 1614, 1678, 1679, 1680, 1776, 1914, 1945, 2069, 2285, 2286, 2287, 2288, 2289, 2290, 2292, 2293, 2294, 2295, 12697, 12700, 12712, 12714, 12740, 12764, 12765, 12772, 12804, 12805, 12830, 12838, 12845, 12852, 12944, 13001]
startTime:Sun May 24 14:14:51 PDT 2020


creating/filling mesh...0.100464s, total time: 0.100464
generating matrix structure...0.325867s, total time: 0.426331
         assembling FE data...0.00590301s, total time: 0.432234
      imposing Dirichlet BC...0.000600815s, total time: 0.432835
      imposing Dirichlet BC...8.10623e-05s, total time: 0.432916
making matrix indices local...0.0509729s, total time: 0.483889
Starting CG solver ... 
Initial Residual = 129.004
Iteration = 20   Residual = 0.0493963
Iteration = 40   Residual = 0.0198018
Iteration = 60   Residual = 0.0147308
Iteration = 80   Residual = 0.00585994
Iteration = 100   Residual = 0.00303293
Iteration = 120   Residual = 0.00276943
Iteration = 140   Residual = 0.000819635
Iteration = 160   Residual = 7.40651e-05
Iteration = 180   Residual = 2.4551e-05
Iteration = 200   Residual = 3.74692e-06
Final Resid Norm: 3.74692e-06
endTime:Sun May 24 14:15:08 PDT 2020



