srun: Job 30016920 step creation temporarily disabled, retrying (Requested nodes are busy)
srun: Job 30016920 step creation still disabled, retrying (Requested nodes are busy)
srun: Step created for job 30016920
srun: Job 30016920 step creation temporarily disabled, retrying (Requested nodes are busy)
srun: Job 30016920 step creation still disabled, retrying (Requested nodes are busy)
srun: Step created for job 30016920
srun: Job 30016920 step creation temporarily disabled, retrying (Requested nodes are busy)
srun: Job 30016920 step creation still disabled, retrying (Requested nodes are busy)
srun: Step created for job 30016920
srun: Job 30016920 step creation temporarily disabled, retrying (Requested nodes are busy)
srun: Job 30016920 step creation still disabled, retrying (Requested nodes are busy)
srun: Step created for job 30016920
srun: Job 30016920 step creation temporarily disabled, retrying (Requested nodes are busy)
srun: Job 30016920 step creation still disabled, retrying (Requested nodes are busy)
srun: Step created for job 30016920
srun: Job 30016920 step creation temporarily disabled, retrying (Requested nodes are busy)
srun: Job 30016920 step creation still disabled, retrying (Requested nodes are busy)
srun: Step created for job 30016920
srun: Job 30016920 step creation temporarily disabled, retrying (Requested nodes are busy)
srun: Job 30016920 step creation still disabled, retrying (Requested nodes are busy)
srun: Job 30016920 step creation still disabled, retrying (Requested nodes are busy)
srun: Step created for job 30016920
srun: Job 30016920 step creation temporarily disabled, retrying (Requested nodes are busy)
srun: Step created for job 30016920
srun: Job 30016920 step creation temporarily disabled, retrying (Requested nodes are busy)
srun: Step created for job 30016920
current nodes:
[1401, 1402, 1403, 1404, 1405, 1406, 1407, 1413, 1414, 1415, 1420, 1421, 1422, 1423, 1424, 1425, 1426, 1427, 1428, 1429, 1430, 1431, 1432, 1433, 1434, 1435, 1436, 1437, 1438, 1439, 1440, 1441, 1442, 1443, 1444, 1445, 1446, 1447, 1448, 1449, 1450, 1451, 1452, 1453, 1454, 1455, 1456, 1457, 1458, 1459, 1460, 1461, 1462, 1463, 1464, 1465, 1466, 1467, 1468, 1469, 1470, 1471, 1472, 1473, 1474, 1475, 1489, 1490, 1492, 1493, 1494, 1495, 1496, 1497, 1498, 1499, 1500, 1501, 1502, 1503, 1504, 1505, 1506, 1507, 1508, 1509, 1510, 1511, 1512, 1513, 1514, 1515, 1516, 1517, 1518, 1519, 1520, 1521, 1522, 1523, 1524, 1525, 1526, 1527, 1528, 1529, 1530, 1531, 1532, 1533, 1534, 1535, 1545, 1546, 1547, 1548, 1549, 1550, 1551, 1552, 1553, 1554, 1555, 1556, 1557, 1558, 1559, 1560, 1561, 1562, 1637, 1638, 1639, 1640, 1641, 1642, 1643, 1644, 1645, 1646, 1647, 1648, 1649, 1650, 1651, 1652, 1653, 1654, 1655, 1656, 1657, 1658, 1659, 1660, 1661, 1662, 1663, 1665, 1666, 1667, 1668, 1669, 1670, 1671, 1672, 1673, 1674, 1675, 1676, 1677, 1678, 1679, 1680, 1681, 1682, 1683, 1684, 1685, 1686, 1687, 1688, 1689, 1690, 1691, 1692, 1693, 1694, 1695, 1696, 1697, 1698, 1699]
iteration:0
app-node list:
[1561, 1562, 1637, 1638, 1639, 1640, 1641, 1642, 1643, 1644, 1645, 1646, 1647, 1648, 1649, 1650, 1651, 1652, 1653, 1654, 1655, 1656, 1657, 1658, 1659, 1660, 1661, 1662, 1663, 1665, 1666, 1667, 1668, 1669, 1670, 1671, 1672, 1673, 1674, 1675, 1676, 1677, 1678, 1679, 1680, 1681, 1682, 1683, 1684, 1685, 1686, 1687, 1688, 1689, 1690, 1691, 1692, 1693, 1694, 1695, 1696, 1697, 1698, 1699]
startTime:Sun Apr 26 04:11:06 PDT 2020


endTime:Sun Apr 26 04:12:52 PDT 2020


app-node list:
[1401, 1403, 1405, 1407, 1414, 1420, 1422, 1424, 1426, 1428, 1430, 1432, 1434, 1436, 1438, 1440, 1442, 1444, 1446, 1448, 1450, 1452, 1454, 1456, 1458, 1460, 1462, 1464, 1466, 1468, 1470, 1472, 1474, 1489, 1492, 1494, 1496, 1498, 1500, 1502, 1504, 1506, 1508, 1510, 1512, 1514, 1516, 1518, 1520, 1522, 1524, 1526, 1528, 1530, 1532, 1534, 1545, 1547, 1549, 1551, 1553, 1555, 1557, 1559]
startTime:Sun Apr 26 04:12:52 PDT 2020


endTime:Sun Apr 26 04:14:40 PDT 2020


gpc 0 started.
gpc 1 started.
gpc 2 started.
gpc 3 started.
gpc 4 started.
app-node list:
[1561, 1562, 1637, 1638, 1639, 1640, 1641, 1642, 1643, 1644, 1645, 1646, 1647, 1648, 1649, 1650, 1651, 1652, 1653, 1654, 1655, 1656, 1657, 1658, 1659, 1660, 1661, 1662, 1663, 1665, 1666, 1667, 1668, 1669, 1670, 1671, 1672, 1673, 1674, 1675, 1676, 1677, 1678, 1679, 1680, 1681, 1682, 1683, 1684, 1685, 1686, 1687, 1688, 1689, 1690, 1691, 1692, 1693, 1694, 1695, 1696, 1697, 1698, 1699]
startTime:Sun Apr 26 04:14:40 PDT 2020


endTime:Sun Apr 26 04:16:23 PDT 2020


app-node list:
[1401, 1403, 1405, 1407, 1414, 1420, 1422, 1424, 1426, 1428, 1430, 1432, 1434, 1436, 1438, 1440, 1442, 1444, 1446, 1448, 1450, 1452, 1454, 1456, 1458, 1460, 1462, 1464, 1466, 1468, 1470, 1472, 1474, 1489, 1492, 1494, 1496, 1498, 1500, 1502, 1504, 1506, 1508, 1510, 1512, 1514, 1516, 1518, 1520, 1522, 1524, 1526, 1528, 1530, 1532, 1534, 1545, 1547, 1549, 1551, 1553, 1555, 1557, 1559]
startTime:Sun Apr 26 04:16:23 PDT 2020


endTime:Sun Apr 26 04:18:05 PDT 2020


is congestor running:
True
True
True
True
True
iteration:1
app-node list:
[1654, 1655, 1656, 1657, 1658, 1659, 1660, 1661, 1662, 1663, 1665, 1666, 1667, 1668, 1669, 1670, 1671, 1672, 1673, 1674, 1675, 1676, 1677, 1678, 1679, 1680, 1681, 1682, 1683, 1684, 1685, 1686, 1687, 1688, 1689, 1690, 1691, 1692, 1693, 1694, 1695, 1696, 1697, 1698, 1699, 1401, 1402, 1403, 1404, 1405, 1406, 1407, 1413, 1414, 1415, 1420, 1421, 1422, 1423, 1424, 1425, 1426, 1427, 1428]
startTime:Sun Apr 26 04:18:05 PDT 2020


endTime:Sun Apr 26 04:23:21 PDT 2020


app-node list:
[1429, 1431, 1433, 1435, 1437, 1439, 1441, 1443, 1445, 1447, 1449, 1451, 1453, 1455, 1457, 1459, 1461, 1463, 1465, 1467, 1469, 1471, 1473, 1475, 1490, 1493, 1495, 1497, 1499, 1501, 1503, 1505, 1507, 1509, 1511, 1513, 1515, 1517, 1519, 1521, 1523, 1525, 1527, 1529, 1531, 1533, 1535, 1546, 1548, 1550, 1552, 1554, 1556, 1558, 1560, 1562, 1638, 1640, 1642, 1644, 1646, 1648, 1650, 1652]
startTime:Sun Apr 26 04:23:22 PDT 2020


endTime:Sun Apr 26 04:27:25 PDT 2020


gpc 0 started.
gpc 1 started.
gpc 2 started.
gpc 3 started.
gpc 4 started.
app-node list:
[1654, 1655, 1656, 1657, 1658, 1659, 1660, 1661, 1662, 1663, 1665, 1666, 1667, 1668, 1669, 1670, 1671, 1672, 1673, 1674, 1675, 1676, 1677, 1678, 1679, 1680, 1681, 1682, 1683, 1684, 1685, 1686, 1687, 1688, 1689, 1690, 1691, 1692, 1693, 1694, 1695, 1696, 1697, 1698, 1699, 1401, 1402, 1403, 1404, 1405, 1406, 1407, 1413, 1414, 1415, 1420, 1421, 1422, 1423, 1424, 1425, 1426, 1427, 1428]
startTime:Sun Apr 26 04:27:25 PDT 2020


endTime:Sun Apr 26 04:29:13 PDT 2020


app-node list:
[1429, 1431, 1433, 1435, 1437, 1439, 1441, 1443, 1445, 1447, 1449, 1451, 1453, 1455, 1457, 1459, 1461, 1463, 1465, 1467, 1469, 1471, 1473, 1475, 1490, 1493, 1495, 1497, 1499, 1501, 1503, 1505, 1507, 1509, 1511, 1513, 1515, 1517, 1519, 1521, 1523, 1525, 1527, 1529, 1531, 1533, 1535, 1546, 1548, 1550, 1552, 1554, 1556, 1558, 1560, 1562, 1638, 1640, 1642, 1644, 1646, 1648, 1650, 1652]
startTime:Sun Apr 26 04:29:13 PDT 2020


endTime:Sun Apr 26 04:33:36 PDT 2020


is congestor running:
True
True
False
True
True
iteration:2
app-node list:
[1674, 1675, 1676, 1677, 1678, 1679, 1680, 1681, 1682, 1683, 1684, 1685, 1686, 1687, 1688, 1689, 1690, 1691, 1692, 1693, 1694, 1695, 1696, 1697, 1698, 1699, 1401, 1402, 1403, 1404, 1405, 1406, 1407, 1413, 1414, 1415, 1420, 1421, 1422, 1423, 1424, 1425, 1426, 1427, 1428, 1429, 1430, 1431, 1432, 1433, 1434, 1435, 1436, 1437, 1438, 1439, 1440, 1441, 1442, 1443, 1444, 1445, 1446, 1447]
startTime:Sun Apr 26 04:33:36 PDT 2020


endTime:Sun Apr 26 04:39:19 PDT 2020


app-node list:
[1448, 1450, 1452, 1454, 1456, 1458, 1460, 1462, 1464, 1466, 1468, 1470, 1472, 1474, 1489, 1492, 1494, 1496, 1498, 1500, 1502, 1504, 1506, 1508, 1510, 1512, 1514, 1516, 1518, 1520, 1522, 1524, 1526, 1528, 1530, 1532, 1534, 1545, 1547, 1549, 1551, 1553, 1555, 1557, 1559, 1561, 1637, 1639, 1641, 1643, 1645, 1647, 1649, 1651, 1653, 1655, 1657, 1659, 1661, 1663, 1666, 1668, 1670, 1672]
startTime:Sun Apr 26 04:39:19 PDT 2020


endTime:Sun Apr 26 04:41:23 PDT 2020


gpc 0 started.
gpc 1 started.
gpc 2 started.
gpc 3 started.
gpc 4 started.
app-node list:
[1674, 1675, 1676, 1677, 1678, 1679, 1680, 1681, 1682, 1683, 1684, 1685, 1686, 1687, 1688, 1689, 1690, 1691, 1692, 1693, 1694, 1695, 1696, 1697, 1698, 1699, 1401, 1402, 1403, 1404, 1405, 1406, 1407, 1413, 1414, 1415, 1420, 1421, 1422, 1423, 1424, 1425, 1426, 1427, 1428, 1429, 1430, 1431, 1432, 1433, 1434, 1435, 1436, 1437, 1438, 1439, 1440, 1441, 1442, 1443, 1444, 1445, 1446, 1447]
startTime:Sun Apr 26 04:41:23 PDT 2020


endTime:Sun Apr 26 04:46:22 PDT 2020


app-node list:
[1448, 1450, 1452, 1454, 1456, 1458, 1460, 1462, 1464, 1466, 1468, 1470, 1472, 1474, 1489, 1492, 1494, 1496, 1498, 1500, 1502, 1504, 1506, 1508, 1510, 1512, 1514, 1516, 1518, 1520, 1522, 1524, 1526, 1528, 1530, 1532, 1534, 1545, 1547, 1549, 1551, 1553, 1555, 1557, 1559, 1561, 1637, 1639, 1641, 1643, 1645, 1647, 1649, 1651, 1653, 1655, 1657, 1659, 1661, 1663, 1666, 1668, 1670, 1672]
startTime:Sun Apr 26 04:46:22 PDT 2020


endTime:Sun Apr 26 04:48:08 PDT 2020


is congestor running:
True
True
False
True
True
iteration:3
app-node list:
[1693, 1694, 1695, 1696, 1697, 1698, 1699, 1401, 1402, 1403, 1404, 1405, 1406, 1407, 1413, 1414, 1415, 1420, 1421, 1422, 1423, 1424, 1425, 1426, 1427, 1428, 1429, 1430, 1431, 1432, 1433, 1434, 1435, 1436, 1437, 1438, 1439, 1440, 1441, 1442, 1443, 1444, 1445, 1446, 1447, 1448, 1449, 1450, 1451, 1452, 1453, 1454, 1455, 1456, 1457, 1458, 1459, 1460, 1461, 1462, 1463, 1464, 1465, 1466]
startTime:Sun Apr 26 04:48:08 PDT 2020


endTime:Sun Apr 26 04:52:15 PDT 2020


app-node list:
[1467, 1469, 1471, 1473, 1475, 1490, 1493, 1495, 1497, 1499, 1501, 1503, 1505, 1507, 1509, 1511, 1513, 1515, 1517, 1519, 1521, 1523, 1525, 1527, 1529, 1531, 1533, 1535, 1546, 1548, 1550, 1552, 1554, 1556, 1558, 1560, 1562, 1638, 1640, 1642, 1644, 1646, 1648, 1650, 1652, 1654, 1656, 1658, 1660, 1662, 1665, 1667, 1669, 1671, 1673, 1675, 1677, 1679, 1681, 1683, 1685, 1687, 1689, 1691]
startTime:Sun Apr 26 04:52:15 PDT 2020


endTime:Sun Apr 26 04:54:05 PDT 2020


gpc 0 started.
gpc 1 started.
gpc 2 started.
gpc 3 started.
gpc 4 started.
app-node list:
[1693, 1694, 1695, 1696, 1697, 1698, 1699, 1401, 1402, 1403, 1404, 1405, 1406, 1407, 1413, 1414, 1415, 1420, 1421, 1422, 1423, 1424, 1425, 1426, 1427, 1428, 1429, 1430, 1431, 1432, 1433, 1434, 1435, 1436, 1437, 1438, 1439, 1440, 1441, 1442, 1443, 1444, 1445, 1446, 1447, 1448, 1449, 1450, 1451, 1452, 1453, 1454, 1455, 1456, 1457, 1458, 1459, 1460, 1461, 1462, 1463, 1464, 1465, 1466]
startTime:Sun Apr 26 04:54:05 PDT 2020


endTime:Sun Apr 26 04:58:26 PDT 2020


app-node list:
[1467, 1469, 1471, 1473, 1475, 1490, 1493, 1495, 1497, 1499, 1501, 1503, 1505, 1507, 1509, 1511, 1513, 1515, 1517, 1519, 1521, 1523, 1525, 1527, 1529, 1531, 1533, 1535, 1546, 1548, 1550, 1552, 1554, 1556, 1558, 1560, 1562, 1638, 1640, 1642, 1644, 1646, 1648, 1650, 1652, 1654, 1656, 1658, 1660, 1662, 1665, 1667, 1669, 1671, 1673, 1675, 1677, 1679, 1681, 1683, 1685, 1687, 1689, 1691]
startTime:Sun Apr 26 04:58:26 PDT 2020


endTime:Sun Apr 26 05:00:30 PDT 2020


is congestor running:
True
True
True
True
False
iteration:4
app-node list:
[1422, 1423, 1424, 1425, 1426, 1427, 1428, 1429, 1430, 1431, 1432, 1433, 1434, 1435, 1436, 1437, 1438, 1439, 1440, 1441, 1442, 1443, 1444, 1445, 1446, 1447, 1448, 1449, 1450, 1451, 1452, 1453, 1454, 1455, 1456, 1457, 1458, 1459, 1460, 1461, 1462, 1463, 1464, 1465, 1466, 1467, 1468, 1469, 1470, 1471, 1472, 1473, 1474, 1475, 1489, 1490, 1492, 1493, 1494, 1495, 1496, 1497, 1498, 1499]
startTime:Sun Apr 26 05:00:30 PDT 2020


endTime:Sun Apr 26 05:04:39 PDT 2020


app-node list:
[1500, 1502, 1504, 1506, 1508, 1510, 1512, 1514, 1516, 1518, 1520, 1522, 1524, 1526, 1528, 1530, 1532, 1534, 1545, 1547, 1549, 1551, 1553, 1555, 1557, 1559, 1561, 1637, 1639, 1641, 1643, 1645, 1647, 1649, 1651, 1653, 1655, 1657, 1659, 1661, 1663, 1666, 1668, 1670, 1672, 1674, 1676, 1678, 1680, 1682, 1684, 1686, 1688, 1690, 1692, 1694, 1696, 1698, 1401, 1403, 1405, 1407, 1414, 1420]
startTime:Sun Apr 26 05:04:39 PDT 2020


endTime:Sun Apr 26 05:06:22 PDT 2020


gpc 0 started.
gpc 1 started.
gpc 2 started.
gpc 3 started.
gpc 4 started.
app-node list:
[1422, 1423, 1424, 1425, 1426, 1427, 1428, 1429, 1430, 1431, 1432, 1433, 1434, 1435, 1436, 1437, 1438, 1439, 1440, 1441, 1442, 1443, 1444, 1445, 1446, 1447, 1448, 1449, 1450, 1451, 1452, 1453, 1454, 1455, 1456, 1457, 1458, 1459, 1460, 1461, 1462, 1463, 1464, 1465, 1466, 1467, 1468, 1469, 1470, 1471, 1472, 1473, 1474, 1475, 1489, 1490, 1492, 1493, 1494, 1495, 1496, 1497, 1498, 1499]
startTime:Sun Apr 26 05:06:22 PDT 2020


endTime:Sun Apr 26 05:10:20 PDT 2020


app-node list:
[1500, 1502, 1504, 1506, 1508, 1510, 1512, 1514, 1516, 1518, 1520, 1522, 1524, 1526, 1528, 1530, 1532, 1534, 1545, 1547, 1549, 1551, 1553, 1555, 1557, 1559, 1561, 1637, 1639, 1641, 1643, 1645, 1647, 1649, 1651, 1653, 1655, 1657, 1659, 1661, 1663, 1666, 1668, 1670, 1672, 1674, 1676, 1678, 1680, 1682, 1684, 1686, 1688, 1690, 1692, 1694, 1696, 1698, 1401, 1403, 1405, 1407, 1414, 1420]
startTime:Sun Apr 26 05:10:20 PDT 2020


endTime:Sun Apr 26 05:12:11 PDT 2020


is congestor running:
True
True
True
False
True
iteration:5
app-node list:
[1441, 1442, 1443, 1444, 1445, 1446, 1447, 1448, 1449, 1450, 1451, 1452, 1453, 1454, 1455, 1456, 1457, 1458, 1459, 1460, 1461, 1462, 1463, 1464, 1465, 1466, 1467, 1468, 1469, 1470, 1471, 1472, 1473, 1474, 1475, 1489, 1490, 1492, 1493, 1494, 1495, 1496, 1497, 1498, 1499, 1500, 1501, 1502, 1503, 1504, 1505, 1506, 1507, 1508, 1509, 1510, 1511, 1512, 1513, 1514, 1515, 1516, 1517, 1518]
startTime:Sun Apr 26 05:12:11 PDT 2020


endTime:Sun Apr 26 05:14:30 PDT 2020


app-node list:
[1519, 1521, 1523, 1525, 1527, 1529, 1531, 1533, 1535, 1546, 1548, 1550, 1552, 1554, 1556, 1558, 1560, 1562, 1638, 1640, 1642, 1644, 1646, 1648, 1650, 1652, 1654, 1656, 1658, 1660, 1662, 1665, 1667, 1669, 1671, 1673, 1675, 1677, 1679, 1681, 1683, 1685, 1687, 1689, 1691, 1693, 1695, 1697, 1699, 1402, 1404, 1406, 1413, 1415, 1421, 1423, 1425, 1427, 1429, 1431, 1433, 1435, 1437, 1439]
startTime:Sun Apr 26 05:14:30 PDT 2020


endTime:Sun Apr 26 05:18:30 PDT 2020


gpc 0 started.
gpc 1 started.
gpc 2 started.
gpc 3 started.
gpc 4 started.
app-node list:
[1441, 1442, 1443, 1444, 1445, 1446, 1447, 1448, 1449, 1450, 1451, 1452, 1453, 1454, 1455, 1456, 1457, 1458, 1459, 1460, 1461, 1462, 1463, 1464, 1465, 1466, 1467, 1468, 1469, 1470, 1471, 1472, 1473, 1474, 1475, 1489, 1490, 1492, 1493, 1494, 1495, 1496, 1497, 1498, 1499, 1500, 1501, 1502, 1503, 1504, 1505, 1506, 1507, 1508, 1509, 1510, 1511, 1512, 1513, 1514, 1515, 1516, 1517, 1518]
startTime:Sun Apr 26 05:18:30 PDT 2020


endTime:Sun Apr 26 05:20:36 PDT 2020


app-node list:
[1519, 1521, 1523, 1525, 1527, 1529, 1531, 1533, 1535, 1546, 1548, 1550, 1552, 1554, 1556, 1558, 1560, 1562, 1638, 1640, 1642, 1644, 1646, 1648, 1650, 1652, 1654, 1656, 1658, 1660, 1662, 1665, 1667, 1669, 1671, 1673, 1675, 1677, 1679, 1681, 1683, 1685, 1687, 1689, 1691, 1693, 1695, 1697, 1699, 1402, 1404, 1406, 1413, 1415, 1421, 1423, 1425, 1427, 1429, 1431, 1433, 1435, 1437, 1439]
startTime:Sun Apr 26 05:20:36 PDT 2020


endTime:Sun Apr 26 05:24:40 PDT 2020


is congestor running:
True
False
True
True
True
iteration:6
app-node list:
[1460, 1461, 1462, 1463, 1464, 1465, 1466, 1467, 1468, 1469, 1470, 1471, 1472, 1473, 1474, 1475, 1489, 1490, 1492, 1493, 1494, 1495, 1496, 1497, 1498, 1499, 1500, 1501, 1502, 1503, 1504, 1505, 1506, 1507, 1508, 1509, 1510, 1511, 1512, 1513, 1514, 1515, 1516, 1517, 1518, 1519, 1520, 1521, 1522, 1523, 1524, 1525, 1526, 1527, 1528, 1529, 1530, 1531, 1532, 1533, 1534, 1535, 1545, 1546]
startTime:Sun Apr 26 05:24:40 PDT 2020


endTime:Sun Apr 26 05:26:29 PDT 2020


app-node list:
[1547, 1549, 1551, 1553, 1555, 1557, 1559, 1561, 1637, 1639, 1641, 1643, 1645, 1647, 1649, 1651, 1653, 1655, 1657, 1659, 1661, 1663, 1666, 1668, 1670, 1672, 1674, 1676, 1678, 1680, 1682, 1684, 1686, 1688, 1690, 1692, 1694, 1696, 1698, 1401, 1403, 1405, 1407, 1414, 1420, 1422, 1424, 1426, 1428, 1430, 1432, 1434, 1436, 1438, 1440, 1442, 1444, 1446, 1448, 1450, 1452, 1454, 1456, 1458]
startTime:Sun Apr 26 05:26:29 PDT 2020


endTime:Sun Apr 26 05:28:24 PDT 2020


gpc 0 started.
gpc 1 started.
gpc 2 started.
gpc 3 started.
gpc 4 started.
app-node list:
[1460, 1461, 1462, 1463, 1464, 1465, 1466, 1467, 1468, 1469, 1470, 1471, 1472, 1473, 1474, 1475, 1489, 1490, 1492, 1493, 1494, 1495, 1496, 1497, 1498, 1499, 1500, 1501, 1502, 1503, 1504, 1505, 1506, 1507, 1508, 1509, 1510, 1511, 1512, 1513, 1514, 1515, 1516, 1517, 1518, 1519, 1520, 1521, 1522, 1523, 1524, 1525, 1526, 1527, 1528, 1529, 1530, 1531, 1532, 1533, 1534, 1535, 1545, 1546]
startTime:Sun Apr 26 05:28:24 PDT 2020


endTime:Sun Apr 26 05:30:07 PDT 2020


app-node list:
[1547, 1549, 1551, 1553, 1555, 1557, 1559, 1561, 1637, 1639, 1641, 1643, 1645, 1647, 1649, 1651, 1653, 1655, 1657, 1659, 1661, 1663, 1666, 1668, 1670, 1672, 1674, 1676, 1678, 1680, 1682, 1684, 1686, 1688, 1690, 1692, 1694, 1696, 1698, 1401, 1403, 1405, 1407, 1414, 1420, 1422, 1424, 1426, 1428, 1430, 1432, 1434, 1436, 1438, 1440, 1442, 1444, 1446, 1448, 1450, 1452, 1454, 1456, 1458]
startTime:Sun Apr 26 05:30:07 PDT 2020


endTime:Sun Apr 26 05:31:56 PDT 2020


is congestor running:
True
True
True
True
True
iteration:7
app-node list:
[1493, 1494, 1495, 1496, 1497, 1498, 1499, 1500, 1501, 1502, 1503, 1504, 1505, 1506, 1507, 1508, 1509, 1510, 1511, 1512, 1513, 1514, 1515, 1516, 1517, 1518, 1519, 1520, 1521, 1522, 1523, 1524, 1525, 1526, 1527, 1528, 1529, 1530, 1531, 1532, 1533, 1534, 1535, 1545, 1546, 1547, 1548, 1549, 1550, 1551, 1552, 1553, 1554, 1555, 1556, 1557, 1558, 1559, 1560, 1561, 1562, 1637, 1638, 1639]
startTime:Sun Apr 26 05:31:56 PDT 2020


endTime:Sun Apr 26 05:36:14 PDT 2020


app-node list:
[1640, 1642, 1644, 1646, 1648, 1650, 1652, 1654, 1656, 1658, 1660, 1662, 1665, 1667, 1669, 1671, 1673, 1675, 1677, 1679, 1681, 1683, 1685, 1687, 1689, 1691, 1693, 1695, 1697, 1699, 1402, 1404, 1406, 1413, 1415, 1421, 1423, 1425, 1427, 1429, 1431, 1433, 1435, 1437, 1439, 1441, 1443, 1445, 1447, 1449, 1451, 1453, 1455, 1457, 1459, 1461, 1463, 1465, 1467, 1469, 1471, 1473, 1475, 1490]
startTime:Sun Apr 26 05:36:14 PDT 2020


endTime:Sun Apr 26 05:40:33 PDT 2020


gpc 0 started.
gpc 1 started.
gpc 2 started.
gpc 3 started.
gpc 4 started.
app-node list:
[1493, 1494, 1495, 1496, 1497, 1498, 1499, 1500, 1501, 1502, 1503, 1504, 1505, 1506, 1507, 1508, 1509, 1510, 1511, 1512, 1513, 1514, 1515, 1516, 1517, 1518, 1519, 1520, 1521, 1522, 1523, 1524, 1525, 1526, 1527, 1528, 1529, 1530, 1531, 1532, 1533, 1534, 1535, 1545, 1546, 1547, 1548, 1549, 1550, 1551, 1552, 1553, 1554, 1555, 1556, 1557, 1558, 1559, 1560, 1561, 1562, 1637, 1638, 1639]
startTime:Sun Apr 26 05:40:33 PDT 2020


endTime:Sun Apr 26 05:42:37 PDT 2020


app-node list:
[1640, 1642, 1644, 1646, 1648, 1650, 1652, 1654, 1656, 1658, 1660, 1662, 1665, 1667, 1669, 1671, 1673, 1675, 1677, 1679, 1681, 1683, 1685, 1687, 1689, 1691, 1693, 1695, 1697, 1699, 1402, 1404, 1406, 1413, 1415, 1421, 1423, 1425, 1427, 1429, 1431, 1433, 1435, 1437, 1439, 1441, 1443, 1445, 1447, 1449, 1451, 1453, 1455, 1457, 1459, 1461, 1463, 1465, 1467, 1469, 1471, 1473, 1475, 1490]
startTime:Sun Apr 26 05:42:37 PDT 2020


endTime:Sun Apr 26 05:46:42 PDT 2020


is congestor running:
True
True
True
False
True
iteration:8
app-node list:
[1512, 1513, 1514, 1515, 1516, 1517, 1518, 1519, 1520, 1521, 1522, 1523, 1524, 1525, 1526, 1527, 1528, 1529, 1530, 1531, 1532, 1533, 1534, 1535, 1545, 1546, 1547, 1548, 1549, 1550, 1551, 1552, 1553, 1554, 1555, 1556, 1557, 1558, 1559, 1560, 1561, 1562, 1637, 1638, 1639, 1640, 1641, 1642, 1643, 1644, 1645, 1646, 1647, 1648, 1649, 1650, 1651, 1652, 1653, 1654, 1655, 1656, 1657, 1658]
startTime:Sun Apr 26 05:46:42 PDT 2020


endTime:Sun Apr 26 05:48:46 PDT 2020


app-node list:
[1659, 1661, 1663, 1666, 1668, 1670, 1672, 1674, 1676, 1678, 1680, 1682, 1684, 1686, 1688, 1690, 1692, 1694, 1696, 1698, 1401, 1403, 1405, 1407, 1414, 1420, 1422, 1424, 1426, 1428, 1430, 1432, 1434, 1436, 1438, 1440, 1442, 1444, 1446, 1448, 1450, 1452, 1454, 1456, 1458, 1460, 1462, 1464, 1466, 1468, 1470, 1472, 1474, 1489, 1492, 1494, 1496, 1498, 1500, 1502, 1504, 1506, 1508, 1510]
startTime:Sun Apr 26 05:48:46 PDT 2020


endTime:Sun Apr 26 05:50:18 PDT 2020


gpc 0 started.
gpc 1 started.
gpc 2 started.
gpc 3 started.
gpc 4 started.
app-node list:
[1512, 1513, 1514, 1515, 1516, 1517, 1518, 1519, 1520, 1521, 1522, 1523, 1524, 1525, 1526, 1527, 1528, 1529, 1530, 1531, 1532, 1533, 1534, 1535, 1545, 1546, 1547, 1548, 1549, 1550, 1551, 1552, 1553, 1554, 1555, 1556, 1557, 1558, 1559, 1560, 1561, 1562, 1637, 1638, 1639, 1640, 1641, 1642, 1643, 1644, 1645, 1646, 1647, 1648, 1649, 1650, 1651, 1652, 1653, 1654, 1655, 1656, 1657, 1658]
startTime:Sun Apr 26 05:50:18 PDT 2020


endTime:Sun Apr 26 05:52:10 PDT 2020


app-node list:
[1659, 1661, 1663, 1666, 1668, 1670, 1672, 1674, 1676, 1678, 1680, 1682, 1684, 1686, 1688, 1690, 1692, 1694, 1696, 1698, 1401, 1403, 1405, 1407, 1414, 1420, 1422, 1424, 1426, 1428, 1430, 1432, 1434, 1436, 1438, 1440, 1442, 1444, 1446, 1448, 1450, 1452, 1454, 1456, 1458, 1460, 1462, 1464, 1466, 1468, 1470, 1472, 1474, 1489, 1492, 1494, 1496, 1498, 1500, 1502, 1504, 1506, 1508, 1510]
startTime:Sun Apr 26 05:52:10 PDT 2020


endTime:Sun Apr 26 05:53:51 PDT 2020


is congestor running:
True
True
True
True
True
iteration:9
app-node list:
[1531, 1532, 1533, 1534, 1535, 1545, 1546, 1547, 1548, 1549, 1550, 1551, 1552, 1553, 1554, 1555, 1556, 1557, 1558, 1559, 1560, 1561, 1562, 1637, 1638, 1639, 1640, 1641, 1642, 1643, 1644, 1645, 1646, 1647, 1648, 1649, 1650, 1651, 1652, 1653, 1654, 1655, 1656, 1657, 1658, 1659, 1660, 1661, 1662, 1663, 1665, 1666, 1667, 1668, 1669, 1670, 1671, 1672, 1673, 1674, 1675, 1676, 1677, 1678]
startTime:Sun Apr 26 05:53:51 PDT 2020


endTime:Sun Apr 26 05:57:57 PDT 2020


app-node list:
[1679, 1681, 1683, 1685, 1687, 1689, 1691, 1693, 1695, 1697, 1699, 1402, 1404, 1406, 1413, 1415, 1421, 1423, 1425, 1427, 1429, 1431, 1433, 1435, 1437, 1439, 1441, 1443, 1445, 1447, 1449, 1451, 1453, 1455, 1457, 1459, 1461, 1463, 1465, 1467, 1469, 1471, 1473, 1475, 1490, 1493, 1495, 1497, 1499, 1501, 1503, 1505, 1507, 1509, 1511, 1513, 1515, 1517, 1519, 1521, 1523, 1525, 1527, 1529]
startTime:Sun Apr 26 05:57:57 PDT 2020


endTime:Sun Apr 26 06:01:54 PDT 2020


gpc 0 started.
gpc 1 started.
gpc 2 started.
gpc 3 started.
gpc 4 started.
app-node list:
[1531, 1532, 1533, 1534, 1535, 1545, 1546, 1547, 1548, 1549, 1550, 1551, 1552, 1553, 1554, 1555, 1556, 1557, 1558, 1559, 1560, 1561, 1562, 1637, 1638, 1639, 1640, 1641, 1642, 1643, 1644, 1645, 1646, 1647, 1648, 1649, 1650, 1651, 1652, 1653, 1654, 1655, 1656, 1657, 1658, 1659, 1660, 1661, 1662, 1663, 1665, 1666, 1667, 1668, 1669, 1670, 1671, 1672, 1673, 1674, 1675, 1676, 1677, 1678]
startTime:Sun Apr 26 06:01:54 PDT 2020


endTime:Sun Apr 26 06:03:43 PDT 2020


app-node list:
[1679, 1681, 1683, 1685, 1687, 1689, 1691, 1693, 1695, 1697, 1699, 1402, 1404, 1406, 1413, 1415, 1421, 1423, 1425, 1427, 1429, 1431, 1433, 1435, 1437, 1439, 1441, 1443, 1445, 1447, 1449, 1451, 1453, 1455, 1457, 1459, 1461, 1463, 1465, 1467, 1469, 1471, 1473, 1475, 1490, 1493, 1495, 1497, 1499, 1501, 1503, 1505, 1507, 1509, 1511, 1513, 1515, 1517, 1519, 1521, 1523, 1525, 1527, 1529]
startTime:Sun Apr 26 06:03:43 PDT 2020


endTime:Sun Apr 26 06:08:00 PDT 2020


is congestor running:
True
True
False
True
True
